CRITICAL - 2021-10-01 12:49:42 --> Undefined variable: topaccounts
#0 C:\wamp64\www\conquest-remastered-website\app\Views\welcome_message.php(22): CodeIgniter\Debug\Exceptions->errorHandler(8, 'Undefined varia...', 'C:\\wamp64\\www\\c...', 22, Array)
#1 C:\wamp64\www\conquest-remastered-website\system\View\View.php(214): include('C:\\wamp64\\www\\c...')
#2 C:\wamp64\www\conquest-remastered-website\system\View\View.php(217): CodeIgniter\View\View->CodeIgniter\View\{closure}()
#3 C:\wamp64\www\conquest-remastered-website\system\Common.php(1092): CodeIgniter\View\View->render('welcome_message', Array, true)
#4 C:\wamp64\www\conquest-remastered-website\app\Controllers\Home.php(24): view('welcome_message', Array)
#5 C:\wamp64\www\conquest-remastered-website\system\CodeIgniter.php(802): App\Controllers\Home->index()
#6 C:\wamp64\www\conquest-remastered-website\system\CodeIgniter.php(399): CodeIgniter\CodeIgniter->runController(Object(App\Controllers\Home))
#7 C:\wamp64\www\conquest-remastered-website\system\CodeIgniter.php(317): CodeIgniter\CodeIgniter->handleRequest(NULL, Object(Config\Cache), false)
#8 C:\wamp64\www\conquest-remastered-website\public\index.php(37): CodeIgniter\CodeIgniter->run()
#9 C:\wamp64\www\conquest-remastered-website\system\Commands\Server\rewrite.php(43): require_once('C:\\wamp64\\www\\c...')
#10 {main}
CRITICAL - 2021-10-01 14:23:16 --> Undefined index: display_name
#0 C:\wamp64\www\conquest-remastered-website\app\Views\profile_view.php(7): CodeIgniter\Debug\Exceptions->errorHandler(8, 'Undefined index...', 'C:\\wamp64\\www\\c...', 7, Array)
#1 C:\wamp64\www\conquest-remastered-website\system\View\View.php(214): include('C:\\wamp64\\www\\c...')
#2 C:\wamp64\www\conquest-remastered-website\system\View\View.php(217): CodeIgniter\View\View->CodeIgniter\View\{closure}()
#3 C:\wamp64\www\conquest-remastered-website\system\Common.php(1092): CodeIgniter\View\View->render('profile_view', Array, true)
#4 C:\wamp64\www\conquest-remastered-website\app\Controllers\Profile.php(18): view('profile_view', Array)
#5 C:\wamp64\www\conquest-remastered-website\system\CodeIgniter.php(802): App\Controllers\Profile->index()
#6 C:\wamp64\www\conquest-remastered-website\system\CodeIgniter.php(399): CodeIgniter\CodeIgniter->runController(Object(App\Controllers\Profile))
#7 C:\wamp64\www\conquest-remastered-website\system\CodeIgniter.php(317): CodeIgniter\CodeIgniter->handleRequest(NULL, Object(Config\Cache), false)
#8 C:\wamp64\www\conquest-remastered-website\public\index.php(37): CodeIgniter\CodeIgniter->run()
#9 C:\wamp64\www\conquest-remastered-website\system\Commands\Server\rewrite.php(43): require_once('C:\\wamp64\\www\\c...')
#10 {main}
CRITICAL - 2021-10-01 14:28:04 --> Undefined index: display_name
#0 C:\wamp64\www\conquest-remastered-website\app\Views\profile_view.php(12): CodeIgniter\Debug\Exceptions->errorHandler(8, 'Undefined index...', 'C:\\wamp64\\www\\c...', 12, Array)
#1 C:\wamp64\www\conquest-remastered-website\system\View\View.php(214): include('C:\\wamp64\\www\\c...')
#2 C:\wamp64\www\conquest-remastered-website\system\View\View.php(217): CodeIgniter\View\View->CodeIgniter\View\{closure}()
#3 C:\wamp64\www\conquest-remastered-website\system\Common.php(1092): CodeIgniter\View\View->render('profile_view', Array, true)
#4 C:\wamp64\www\conquest-remastered-website\app\Controllers\Profile.php(18): view('profile_view', Array)
#5 C:\wamp64\www\conquest-remastered-website\system\CodeIgniter.php(802): App\Controllers\Profile->index()
#6 C:\wamp64\www\conquest-remastered-website\system\CodeIgniter.php(399): CodeIgniter\CodeIgniter->runController(Object(App\Controllers\Profile))
#7 C:\wamp64\www\conquest-remastered-website\system\CodeIgniter.php(317): CodeIgniter\CodeIgniter->handleRequest(NULL, Object(Config\Cache), false)
#8 C:\wamp64\www\conquest-remastered-website\public\index.php(37): CodeIgniter\CodeIgniter->run()
#9 C:\wamp64\www\conquest-remastered-website\system\Commands\Server\rewrite.php(43): require_once('C:\\wamp64\\www\\c...')
#10 {main}
CRITICAL - 2021-10-01 14:31:54 --> Undefined index: display_name
#0 C:\wamp64\www\conquest-remastered-website\app\Views\profile_view.php(12): CodeIgniter\Debug\Exceptions->errorHandler(8, 'Undefined index...', 'C:\\wamp64\\www\\c...', 12, Array)
#1 C:\wamp64\www\conquest-remastered-website\system\View\View.php(214): include('C:\\wamp64\\www\\c...')
#2 C:\wamp64\www\conquest-remastered-website\system\View\View.php(217): CodeIgniter\View\View->CodeIgniter\View\{closure}()
#3 C:\wamp64\www\conquest-remastered-website\system\Common.php(1092): CodeIgniter\View\View->render('profile_view', Array, true)
#4 C:\wamp64\www\conquest-remastered-website\app\Controllers\Profile.php(18): view('profile_view', Array)
#5 C:\wamp64\www\conquest-remastered-website\system\CodeIgniter.php(802): App\Controllers\Profile->index()
#6 C:\wamp64\www\conquest-remastered-website\system\CodeIgniter.php(399): CodeIgniter\CodeIgniter->runController(Object(App\Controllers\Profile))
#7 C:\wamp64\www\conquest-remastered-website\system\CodeIgniter.php(317): CodeIgniter\CodeIgniter->handleRequest(NULL, Object(Config\Cache), false)
#8 C:\wamp64\www\conquest-remastered-website\public\index.php(37): CodeIgniter\CodeIgniter->run()
#9 C:\wamp64\www\conquest-remastered-website\system\Commands\Server\rewrite.php(43): require_once('C:\\wamp64\\www\\c...')
#10 {main}
CRITICAL - 2021-10-01 14:31:54 --> Undefined index: display_name
#0 C:\wamp64\www\conquest-remastered-website\app\Views\profile_view.php(12): CodeIgniter\Debug\Exceptions->errorHandler(8, 'Undefined index...', 'C:\\wamp64\\www\\c...', 12, Array)
#1 C:\wamp64\www\conquest-remastered-website\system\View\View.php(214): include('C:\\wamp64\\www\\c...')
#2 C:\wamp64\www\conquest-remastered-website\system\View\View.php(217): CodeIgniter\View\View->CodeIgniter\View\{closure}()
#3 C:\wamp64\www\conquest-remastered-website\system\Common.php(1092): CodeIgniter\View\View->render('profile_view', Array, true)
#4 C:\wamp64\www\conquest-remastered-website\app\Controllers\Profile.php(18): view('profile_view', Array)
#5 C:\wamp64\www\conquest-remastered-website\system\CodeIgniter.php(802): App\Controllers\Profile->index()
#6 C:\wamp64\www\conquest-remastered-website\system\CodeIgniter.php(399): CodeIgniter\CodeIgniter->runController(Object(App\Controllers\Profile))
#7 C:\wamp64\www\conquest-remastered-website\system\CodeIgniter.php(317): CodeIgniter\CodeIgniter->handleRequest(NULL, Object(Config\Cache), false)
#8 C:\wamp64\www\conquest-remastered-website\public\index.php(37): CodeIgniter\CodeIgniter->run()
#9 C:\wamp64\www\conquest-remastered-website\system\Commands\Server\rewrite.php(43): require_once('C:\\wamp64\\www\\c...')
#10 {main}
CRITICAL - 2021-10-01 14:32:28 --> syntax error, unexpected ':', expecting ')'
#0 C:\wamp64\www\conquest-remastered-website\system\View\View.php(217): CodeIgniter\View\View->CodeIgniter\View\{closure}()
#1 C:\wamp64\www\conquest-remastered-website\system\Common.php(1092): CodeIgniter\View\View->render('profile_view', Array, true)
#2 C:\wamp64\www\conquest-remastered-website\app\Controllers\Profile.php(18): view('profile_view', Array)
#3 C:\wamp64\www\conquest-remastered-website\system\CodeIgniter.php(802): App\Controllers\Profile->index()
#4 C:\wamp64\www\conquest-remastered-website\system\CodeIgniter.php(399): CodeIgniter\CodeIgniter->runController(Object(App\Controllers\Profile))
#5 C:\wamp64\www\conquest-remastered-website\system\CodeIgniter.php(317): CodeIgniter\CodeIgniter->handleRequest(NULL, Object(Config\Cache), false)
#6 C:\wamp64\www\conquest-remastered-website\public\index.php(37): CodeIgniter\CodeIgniter->run()
#7 C:\wamp64\www\conquest-remastered-website\system\Commands\Server\rewrite.php(43): require_once('C:\\wamp64\\www\\c...')
#8 {main}
CRITICAL - 2021-10-01 14:33:14 --> ini_set(): A session is active. You cannot change the session module's ini settings at this time
#0 [internal function]: CodeIgniter\Debug\Exceptions->errorHandler(2, 'ini_set(): A se...', 'C:\\wamp64\\www\\c...', 71, Array)
#1 C:\wamp64\www\conquest-remastered-website\system\Session\Handlers\FileHandler.php(71): ini_set('session.save_pa...', 'C:\\wamp64\\www\\c...')
#2 C:\wamp64\www\conquest-remastered-website\system\Config\Services.php(570): CodeIgniter\Session\Handlers\FileHandler->__construct(Object(Config\App), '::1')
#3 C:\wamp64\www\conquest-remastered-website\system\Config\BaseService.php(248): CodeIgniter\Config\Services::session(Object(Config\App), false)
#4 C:\wamp64\www\conquest-remastered-website\system\Config\BaseService.php(189): CodeIgniter\Config\BaseService::__callStatic('session', Array)
#5 C:\wamp64\www\conquest-remastered-website\system\Config\Services.php(563): CodeIgniter\Config\BaseService::getSharedInstance('session', NULL)
#6 C:\wamp64\www\conquest-remastered-website\system\Config\BaseService.php(248): CodeIgniter\Config\Services::session()
#7 C:\wamp64\www\conquest-remastered-website\system\HTTP\RedirectResponse.php(72): CodeIgniter\Config\BaseService::__callStatic('session', Array)
#8 C:\wamp64\www\conquest-remastered-website\app\Views\profile_view.php(9): CodeIgniter\HTTP\RedirectResponse->back()
#9 C:\wamp64\www\conquest-remastered-website\system\View\View.php(214): include('C:\\wamp64\\www\\c...')
#10 C:\wamp64\www\conquest-remastered-website\system\View\View.php(217): CodeIgniter\View\View->CodeIgniter\View\{closure}()
#11 C:\wamp64\www\conquest-remastered-website\system\Common.php(1092): CodeIgniter\View\View->render('profile_view', Array, true)
#12 C:\wamp64\www\conquest-remastered-website\app\Controllers\Profile.php(18): view('profile_view', Array)
#13 C:\wamp64\www\conquest-remastered-website\system\CodeIgniter.php(802): App\Controllers\Profile->index()
#14 C:\wamp64\www\conquest-remastered-website\system\CodeIgniter.php(399): CodeIgniter\CodeIgniter->runController(Object(App\Controllers\Profile))
#15 C:\wamp64\www\conquest-remastered-website\system\CodeIgniter.php(317): CodeIgniter\CodeIgniter->handleRequest(NULL, Object(Config\Cache), false)
#16 C:\wamp64\www\conquest-remastered-website\public\index.php(37): CodeIgniter\CodeIgniter->run()
#17 C:\wamp64\www\conquest-remastered-website\system\Commands\Server\rewrite.php(43): require_once('C:\\wamp64\\www\\c...')
#18 {main}
CRITICAL - 2021-10-01 14:33:22 --> Undefined index: display_name
#0 C:\wamp64\www\conquest-remastered-website\app\Views\profile_view.php(11): CodeIgniter\Debug\Exceptions->errorHandler(8, 'Undefined index...', 'C:\\wamp64\\www\\c...', 11, Array)
#1 C:\wamp64\www\conquest-remastered-website\system\View\View.php(214): include('C:\\wamp64\\www\\c...')
#2 C:\wamp64\www\conquest-remastered-website\system\View\View.php(217): CodeIgniter\View\View->CodeIgniter\View\{closure}()
#3 C:\wamp64\www\conquest-remastered-website\system\Common.php(1092): CodeIgniter\View\View->render('profile_view', Array, true)
#4 C:\wamp64\www\conquest-remastered-website\app\Controllers\Profile.php(18): view('profile_view', Array)
#5 C:\wamp64\www\conquest-remastered-website\system\CodeIgniter.php(802): App\Controllers\Profile->index()
#6 C:\wamp64\www\conquest-remastered-website\system\CodeIgniter.php(399): CodeIgniter\CodeIgniter->runController(Object(App\Controllers\Profile))
#7 C:\wamp64\www\conquest-remastered-website\system\CodeIgniter.php(317): CodeIgniter\CodeIgniter->handleRequest(NULL, Object(Config\Cache), false)
#8 C:\wamp64\www\conquest-remastered-website\public\index.php(37): CodeIgniter\CodeIgniter->run()
#9 C:\wamp64\www\conquest-remastered-website\system\Commands\Server\rewrite.php(43): require_once('C:\\wamp64\\www\\c...')
#10 {main}
CRITICAL - 2021-10-01 14:34:01 --> Undefined index: display_name
#0 C:\wamp64\www\conquest-remastered-website\app\Views\profile_view.php(12): CodeIgniter\Debug\Exceptions->errorHandler(8, 'Undefined index...', 'C:\\wamp64\\www\\c...', 12, Array)
#1 C:\wamp64\www\conquest-remastered-website\system\View\View.php(214): include('C:\\wamp64\\www\\c...')
#2 C:\wamp64\www\conquest-remastered-website\system\View\View.php(217): CodeIgniter\View\View->CodeIgniter\View\{closure}()
#3 C:\wamp64\www\conquest-remastered-website\system\Common.php(1092): CodeIgniter\View\View->render('profile_view', Array, true)
#4 C:\wamp64\www\conquest-remastered-website\app\Controllers\Profile.php(18): view('profile_view', Array)
#5 C:\wamp64\www\conquest-remastered-website\system\CodeIgniter.php(802): App\Controllers\Profile->index()
#6 C:\wamp64\www\conquest-remastered-website\system\CodeIgniter.php(399): CodeIgniter\CodeIgniter->runController(Object(App\Controllers\Profile))
#7 C:\wamp64\www\conquest-remastered-website\system\CodeIgniter.php(317): CodeIgniter\CodeIgniter->handleRequest(NULL, Object(Config\Cache), false)
#8 C:\wamp64\www\conquest-remastered-website\public\index.php(37): CodeIgniter\CodeIgniter->run()
#9 C:\wamp64\www\conquest-remastered-website\system\Commands\Server\rewrite.php(43): require_once('C:\\wamp64\\www\\c...')
#10 {main}
CRITICAL - 2021-10-01 14:36:18 --> Undefined index: display_name
#0 C:\wamp64\www\conquest-remastered-website\app\Views\profile_view.php(18): CodeIgniter\Debug\Exceptions->errorHandler(8, 'Undefined index...', 'C:\\wamp64\\www\\c...', 18, Array)
#1 C:\wamp64\www\conquest-remastered-website\system\View\View.php(214): include('C:\\wamp64\\www\\c...')
#2 C:\wamp64\www\conquest-remastered-website\system\View\View.php(217): CodeIgniter\View\View->CodeIgniter\View\{closure}()
#3 C:\wamp64\www\conquest-remastered-website\system\Common.php(1092): CodeIgniter\View\View->render('profile_view', Array, true)
#4 C:\wamp64\www\conquest-remastered-website\app\Controllers\Profile.php(18): view('profile_view', Array)
#5 C:\wamp64\www\conquest-remastered-website\system\CodeIgniter.php(802): App\Controllers\Profile->index()
#6 C:\wamp64\www\conquest-remastered-website\system\CodeIgniter.php(399): CodeIgniter\CodeIgniter->runController(Object(App\Controllers\Profile))
#7 C:\wamp64\www\conquest-remastered-website\system\CodeIgniter.php(317): CodeIgniter\CodeIgniter->handleRequest(NULL, Object(Config\Cache), false)
#8 C:\wamp64\www\conquest-remastered-website\public\index.php(37): CodeIgniter\CodeIgniter->run()
#9 C:\wamp64\www\conquest-remastered-website\system\Commands\Server\rewrite.php(43): require_once('C:\\wamp64\\www\\c...')
#10 {main}
CRITICAL - 2021-10-01 14:36:39 --> Undefined index: display_name
#0 C:\wamp64\www\conquest-remastered-website\app\Views\profile_view.php(18): CodeIgniter\Debug\Exceptions->errorHandler(8, 'Undefined index...', 'C:\\wamp64\\www\\c...', 18, Array)
#1 C:\wamp64\www\conquest-remastered-website\system\View\View.php(214): include('C:\\wamp64\\www\\c...')
#2 C:\wamp64\www\conquest-remastered-website\system\View\View.php(217): CodeIgniter\View\View->CodeIgniter\View\{closure}()
#3 C:\wamp64\www\conquest-remastered-website\system\Common.php(1092): CodeIgniter\View\View->render('profile_view', Array, true)
#4 C:\wamp64\www\conquest-remastered-website\app\Controllers\Profile.php(18): view('profile_view', Array)
#5 C:\wamp64\www\conquest-remastered-website\system\CodeIgniter.php(802): App\Controllers\Profile->index()
#6 C:\wamp64\www\conquest-remastered-website\system\CodeIgniter.php(399): CodeIgniter\CodeIgniter->runController(Object(App\Controllers\Profile))
#7 C:\wamp64\www\conquest-remastered-website\system\CodeIgniter.php(317): CodeIgniter\CodeIgniter->handleRequest(NULL, Object(Config\Cache), false)
#8 C:\wamp64\www\conquest-remastered-website\public\index.php(37): CodeIgniter\CodeIgniter->run()
#9 C:\wamp64\www\conquest-remastered-website\system\Commands\Server\rewrite.php(43): require_once('C:\\wamp64\\www\\c...')
#10 {main}
CRITICAL - 2021-10-01 14:56:46 --> Array to string conversion
#0 C:\wamp64\www\conquest-remastered-website\app\Controllers\Auth.php(157): CodeIgniter\Debug\Exceptions->errorHandler(8, 'Array to string...', 'C:\\wamp64\\www\\c...', 157, Array)
#1 C:\wamp64\www\conquest-remastered-website\system\CodeIgniter.php(802): App\Controllers\Auth->UpdateDisplayName()
#2 C:\wamp64\www\conquest-remastered-website\system\CodeIgniter.php(399): CodeIgniter\CodeIgniter->runController(Object(App\Controllers\Auth))
#3 C:\wamp64\www\conquest-remastered-website\system\CodeIgniter.php(317): CodeIgniter\CodeIgniter->handleRequest(NULL, Object(Config\Cache), false)
#4 C:\wamp64\www\conquest-remastered-website\public\index.php(37): CodeIgniter\CodeIgniter->run()
#5 C:\wamp64\www\conquest-remastered-website\system\Commands\Server\rewrite.php(43): require_once('C:\\wamp64\\www\\c...')
#6 {main}
CRITICAL - 2021-10-01 15:01:23 --> Undefined variable: _SESSION
#0 C:\wamp64\www\conquest-remastered-website\app\ThirdParty\steamauth\userInfo.php(4): CodeIgniter\Debug\Exceptions->errorHandler(8, 'Undefined varia...', 'C:\\wamp64\\www\\c...', 4, Array)
#1 C:\wamp64\www\conquest-remastered-website\app\Controllers\Auth.php(158): include('C:\\wamp64\\www\\c...')
#2 C:\wamp64\www\conquest-remastered-website\system\CodeIgniter.php(802): App\Controllers\Auth->UpdateDisplayName()
#3 C:\wamp64\www\conquest-remastered-website\system\CodeIgniter.php(399): CodeIgniter\CodeIgniter->runController(Object(App\Controllers\Auth))
#4 C:\wamp64\www\conquest-remastered-website\system\CodeIgniter.php(317): CodeIgniter\CodeIgniter->handleRequest(NULL, Object(Config\Cache), false)
#5 C:\wamp64\www\conquest-remastered-website\public\index.php(37): CodeIgniter\CodeIgniter->run()
#6 C:\wamp64\www\conquest-remastered-website\system\Commands\Server\rewrite.php(43): require_once('C:\\wamp64\\www\\c...')
#7 {main}
CRITICAL - 2021-10-01 15:02:08 --> Undefined index: _displayname
#0 C:\wamp64\www\conquest-remastered-website\app\Controllers\Auth.php(159): CodeIgniter\Debug\Exceptions->errorHandler(8, 'Undefined index...', 'C:\\wamp64\\www\\c...', 159, Array)
#1 C:\wamp64\www\conquest-remastered-website\system\CodeIgniter.php(802): App\Controllers\Auth->UpdateDisplayName()
#2 C:\wamp64\www\conquest-remastered-website\system\CodeIgniter.php(399): CodeIgniter\CodeIgniter->runController(Object(App\Controllers\Auth))
#3 C:\wamp64\www\conquest-remastered-website\system\CodeIgniter.php(317): CodeIgniter\CodeIgniter->handleRequest(NULL, Object(Config\Cache), false)
#4 C:\wamp64\www\conquest-remastered-website\public\index.php(37): CodeIgniter\CodeIgniter->run()
#5 C:\wamp64\www\conquest-remastered-website\system\Commands\Server\rewrite.php(43): require_once('C:\\wamp64\\www\\c...')
#6 {main}
CRITICAL - 2021-10-01 15:03:26 --> Undefined variable: _SESSION
#0 C:\wamp64\www\conquest-remastered-website\app\ThirdParty\steamauth\userInfo.php(4): CodeIgniter\Debug\Exceptions->errorHandler(8, 'Undefined varia...', 'C:\\wamp64\\www\\c...', 4, Array)
#1 C:\wamp64\www\conquest-remastered-website\app\Controllers\Auth.php(158): include('C:\\wamp64\\www\\c...')
#2 C:\wamp64\www\conquest-remastered-website\system\CodeIgniter.php(802): App\Controllers\Auth->UpdateDisplayName()
#3 C:\wamp64\www\conquest-remastered-website\system\CodeIgniter.php(399): CodeIgniter\CodeIgniter->runController(Object(App\Controllers\Auth))
#4 C:\wamp64\www\conquest-remastered-website\system\CodeIgniter.php(317): CodeIgniter\CodeIgniter->handleRequest(NULL, Object(Config\Cache), false)
#5 C:\wamp64\www\conquest-remastered-website\public\index.php(37): CodeIgniter\CodeIgniter->run()
#6 C:\wamp64\www\conquest-remastered-website\system\Commands\Server\rewrite.php(43): require_once('C:\\wamp64\\www\\c...')
#7 {main}
CRITICAL - 2021-10-01 15:05:44 --> Undefined variable: steamprofile
#0 C:\wamp64\www\conquest-remastered-website\app\Views\profile_view.php(27): CodeIgniter\Debug\Exceptions->errorHandler(8, 'Undefined varia...', 'C:\\wamp64\\www\\c...', 27, Array)
#1 C:\wamp64\www\conquest-remastered-website\system\View\View.php(214): include('C:\\wamp64\\www\\c...')
#2 C:\wamp64\www\conquest-remastered-website\system\View\View.php(217): CodeIgniter\View\View->CodeIgniter\View\{closure}()
#3 C:\wamp64\www\conquest-remastered-website\system\Common.php(1092): CodeIgniter\View\View->render('profile_view', Array, true)
#4 C:\wamp64\www\conquest-remastered-website\app\Controllers\Profile.php(18): view('profile_view', Array)
#5 C:\wamp64\www\conquest-remastered-website\system\CodeIgniter.php(802): App\Controllers\Profile->index()
#6 C:\wamp64\www\conquest-remastered-website\system\CodeIgniter.php(399): CodeIgniter\CodeIgniter->runController(Object(App\Controllers\Profile))
#7 C:\wamp64\www\conquest-remastered-website\system\CodeIgniter.php(317): CodeIgniter\CodeIgniter->handleRequest(NULL, Object(Config\Cache), false)
#8 C:\wamp64\www\conquest-remastered-website\public\index.php(37): CodeIgniter\CodeIgniter->run()
#9 C:\wamp64\www\conquest-remastered-website\system\Commands\Server\rewrite.php(43): require_once('C:\\wamp64\\www\\c...')
#10 {main}
CRITICAL - 2021-10-01 15:05:45 --> Undefined variable: steamprofile
#0 C:\wamp64\www\conquest-remastered-website\app\Views\profile_view.php(27): CodeIgniter\Debug\Exceptions->errorHandler(8, 'Undefined varia...', 'C:\\wamp64\\www\\c...', 27, Array)
#1 C:\wamp64\www\conquest-remastered-website\system\View\View.php(214): include('C:\\wamp64\\www\\c...')
#2 C:\wamp64\www\conquest-remastered-website\system\View\View.php(217): CodeIgniter\View\View->CodeIgniter\View\{closure}()
#3 C:\wamp64\www\conquest-remastered-website\system\Common.php(1092): CodeIgniter\View\View->render('profile_view', Array, true)
#4 C:\wamp64\www\conquest-remastered-website\app\Controllers\Profile.php(18): view('profile_view', Array)
#5 C:\wamp64\www\conquest-remastered-website\system\CodeIgniter.php(802): App\Controllers\Profile->index()
#6 C:\wamp64\www\conquest-remastered-website\system\CodeIgniter.php(399): CodeIgniter\CodeIgniter->runController(Object(App\Controllers\Profile))
#7 C:\wamp64\www\conquest-remastered-website\system\CodeIgniter.php(317): CodeIgniter\CodeIgniter->handleRequest(NULL, Object(Config\Cache), false)
#8 C:\wamp64\www\conquest-remastered-website\public\index.php(37): CodeIgniter\CodeIgniter->run()
#9 C:\wamp64\www\conquest-remastered-website\system\Commands\Server\rewrite.php(43): require_once('C:\\wamp64\\www\\c...')
#10 {main}
CRITICAL - 2021-10-01 15:12:10 --> Undefined variable: message
#0 C:\wamp64\www\conquest-remastered-website\app\Views\profile_view.php(7): CodeIgniter\Debug\Exceptions->errorHandler(8, 'Undefined varia...', 'C:\\wamp64\\www\\c...', 7, Array)
#1 C:\wamp64\www\conquest-remastered-website\system\View\View.php(214): include('C:\\wamp64\\www\\c...')
#2 C:\wamp64\www\conquest-remastered-website\system\View\View.php(217): CodeIgniter\View\View->CodeIgniter\View\{closure}()
#3 C:\wamp64\www\conquest-remastered-website\system\Common.php(1092): CodeIgniter\View\View->render('profile_view', Array, true)
#4 C:\wamp64\www\conquest-remastered-website\app\Controllers\Profile.php(18): view('profile_view', Array)
#5 C:\wamp64\www\conquest-remastered-website\system\CodeIgniter.php(802): App\Controllers\Profile->index()
#6 C:\wamp64\www\conquest-remastered-website\system\CodeIgniter.php(399): CodeIgniter\CodeIgniter->runController(Object(App\Controllers\Profile))
#7 C:\wamp64\www\conquest-remastered-website\system\CodeIgniter.php(317): CodeIgniter\CodeIgniter->handleRequest(NULL, Object(Config\Cache), false)
#8 C:\wamp64\www\conquest-remastered-website\public\index.php(37): CodeIgniter\CodeIgniter->run()
#9 C:\wamp64\www\conquest-remastered-website\system\Commands\Server\rewrite.php(43): require_once('C:\\wamp64\\www\\c...')
#10 {main}
CRITICAL - 2021-10-01 15:26:21 --> ini_set(): A session is active. You cannot change the session module's ini settings at this time
#0 [internal function]: CodeIgniter\Debug\Exceptions->errorHandler(2, 'ini_set(): A se...', 'C:\\wamp64\\www\\c...', 71, Array)
#1 C:\wamp64\www\conquest-remastered-website\system\Session\Handlers\FileHandler.php(71): ini_set('session.save_pa...', 'C:\\wamp64\\www\\c...')
#2 C:\wamp64\www\conquest-remastered-website\system\Config\Services.php(570): CodeIgniter\Session\Handlers\FileHandler->__construct(Object(Config\App), '::1')
#3 C:\wamp64\www\conquest-remastered-website\system\Config\BaseService.php(248): CodeIgniter\Config\Services::session(Object(Config\App), false)
#4 C:\wamp64\www\conquest-remastered-website\system\Config\BaseService.php(189): CodeIgniter\Config\BaseService::__callStatic('session', Array)
#5 C:\wamp64\www\conquest-remastered-website\system\Config\Services.php(563): CodeIgniter\Config\BaseService::getSharedInstance('session', NULL)
#6 C:\wamp64\www\conquest-remastered-website\system\Config\BaseService.php(248): CodeIgniter\Config\Services::session()
#7 C:\wamp64\www\conquest-remastered-website\system\Common.php(904): CodeIgniter\Config\BaseService::__callStatic('session', Array)
#8 C:\wamp64\www\conquest-remastered-website\app\Views\profile_view.php(7): session()
#9 C:\wamp64\www\conquest-remastered-website\system\View\View.php(214): include('C:\\wamp64\\www\\c...')
#10 C:\wamp64\www\conquest-remastered-website\system\View\View.php(217): CodeIgniter\View\View->CodeIgniter\View\{closure}()
#11 C:\wamp64\www\conquest-remastered-website\system\Common.php(1092): CodeIgniter\View\View->render('profile_view', Array, true)
#12 C:\wamp64\www\conquest-remastered-website\app\Controllers\Profile.php(18): view('profile_view', Array)
#13 C:\wamp64\www\conquest-remastered-website\system\CodeIgniter.php(802): App\Controllers\Profile->index()
#14 C:\wamp64\www\conquest-remastered-website\system\CodeIgniter.php(399): CodeIgniter\CodeIgniter->runController(Object(App\Controllers\Profile))
#15 C:\wamp64\www\conquest-remastered-website\system\CodeIgniter.php(317): CodeIgniter\CodeIgniter->handleRequest(NULL, Object(Config\Cache), false)
#16 C:\wamp64\www\conquest-remastered-website\public\index.php(37): CodeIgniter\CodeIgniter->run()
#17 C:\wamp64\www\conquest-remastered-website\system\Commands\Server\rewrite.php(43): require_once('C:\\wamp64\\www\\c...')
#18 {main}
CRITICAL - 2021-10-01 15:27:48 --> Undefined index: m_message
#0 C:\wamp64\www\conquest-remastered-website\app\Views\profile_view.php(8): CodeIgniter\Debug\Exceptions->errorHandler(8, 'Undefined index...', 'C:\\wamp64\\www\\c...', 8, Array)
#1 C:\wamp64\www\conquest-remastered-website\system\View\View.php(214): include('C:\\wamp64\\www\\c...')
#2 C:\wamp64\www\conquest-remastered-website\system\View\View.php(217): CodeIgniter\View\View->CodeIgniter\View\{closure}()
#3 C:\wamp64\www\conquest-remastered-website\system\Common.php(1092): CodeIgniter\View\View->render('profile_view', Array, true)
#4 C:\wamp64\www\conquest-remastered-website\app\Controllers\Profile.php(18): view('profile_view', Array)
#5 C:\wamp64\www\conquest-remastered-website\system\CodeIgniter.php(802): App\Controllers\Profile->index()
#6 C:\wamp64\www\conquest-remastered-website\system\CodeIgniter.php(399): CodeIgniter\CodeIgniter->runController(Object(App\Controllers\Profile))
#7 C:\wamp64\www\conquest-remastered-website\system\CodeIgniter.php(317): CodeIgniter\CodeIgniter->handleRequest(NULL, Object(Config\Cache), false)
#8 C:\wamp64\www\conquest-remastered-website\public\index.php(37): CodeIgniter\CodeIgniter->run()
#9 C:\wamp64\www\conquest-remastered-website\system\Commands\Server\rewrite.php(43): require_once('C:\\wamp64\\www\\c...')
#10 {main}
CRITICAL - 2021-10-01 15:59:39 --> Call to a member function get() on null
#0 C:\wamp64\www\conquest-remastered-website\app\Controllers\Auth.php(23): App\Controllers\Auth->logged_in()
#1 C:\wamp64\www\conquest-remastered-website\system\CodeIgniter.php(802): App\Controllers\Auth->Login()
#2 C:\wamp64\www\conquest-remastered-website\system\CodeIgniter.php(399): CodeIgniter\CodeIgniter->runController(Object(App\Controllers\Auth))
#3 C:\wamp64\www\conquest-remastered-website\system\CodeIgniter.php(317): CodeIgniter\CodeIgniter->handleRequest(NULL, Object(Config\Cache), false)
#4 C:\wamp64\www\conquest-remastered-website\public\index.php(37): CodeIgniter\CodeIgniter->run()
#5 C:\wamp64\www\conquest-remastered-website\system\Commands\Server\rewrite.php(43): require_once('C:\\wamp64\\www\\c...')
#6 {main}
CRITICAL - 2021-10-01 15:59:39 --> Call to a member function get() on null
#0 C:\wamp64\www\conquest-remastered-website\app\Controllers\Auth.php(23): App\Controllers\Auth->logged_in()
#1 C:\wamp64\www\conquest-remastered-website\system\CodeIgniter.php(802): App\Controllers\Auth->Login()
#2 C:\wamp64\www\conquest-remastered-website\system\CodeIgniter.php(399): CodeIgniter\CodeIgniter->runController(Object(App\Controllers\Auth))
#3 C:\wamp64\www\conquest-remastered-website\system\CodeIgniter.php(317): CodeIgniter\CodeIgniter->handleRequest(NULL, Object(Config\Cache), false)
#4 C:\wamp64\www\conquest-remastered-website\public\index.php(37): CodeIgniter\CodeIgniter->run()
#5 C:\wamp64\www\conquest-remastered-website\system\Commands\Server\rewrite.php(43): require_once('C:\\wamp64\\www\\c...')
#6 {main}
