CRITICAL - 2021-09-26 14:10:58 --> file_get_contents(https://api.steampowered.com/ISteamUser/GetPlayerSummaries/v0002/?key=23B8206CF8C782D567BBC63DB82555F8&amp;steamids=76561199095128105): failed to open stream: HTTP request failed! HTTP/1.0 403 Forbidden

#0 [internal function]: CodeIgniter\Debug\Exceptions->errorHandler(2, 'file_get_conten...', 'C:\\wamp64\\www\\c...', 4, Array)
#1 C:\wamp64\www\conquest-remastered-website\app\ThirdParty\steamauth\userInfo.php(4): file_get_contents('https://api.ste...')
#2 C:\wamp64\www\conquest-remastered-website\app\Controllers\Auth.php(146): include('C:\\wamp64\\www\\c...')
#3 C:\wamp64\www\conquest-remastered-website\app\Controllers\Home.php(25): App\Controllers\Auth->CheckSteamDataOnDatabase('765611990951281...')
#4 C:\wamp64\www\conquest-remastered-website\system\CodeIgniter.php(802): App\Controllers\Home->index()
#5 C:\wamp64\www\conquest-remastered-website\system\CodeIgniter.php(399): CodeIgniter\CodeIgniter->runController(Object(App\Controllers\Home))
#6 C:\wamp64\www\conquest-remastered-website\system\CodeIgniter.php(317): CodeIgniter\CodeIgniter->handleRequest(NULL, Object(Config\Cache), false)
#7 C:\wamp64\www\conquest-remastered-website\public\index.php(37): CodeIgniter\CodeIgniter->run()
#8 C:\wamp64\www\conquest-remastered-website\system\Commands\Server\rewrite.php(43): require_once('C:\\wamp64\\www\\c...')
#9 {main}
CRITICAL - 2021-09-26 14:11:32 --> file_get_contents(https://api.steampowered.com/ISteamUser/GetPlayerSummaries/v0002/?key=23B8206CF8C782D567BBC63DB82555F8&amp;steamids=76561199095128105): failed to open stream: HTTP request failed! HTTP/1.0 403 Forbidden

#0 [internal function]: CodeIgniter\Debug\Exceptions->errorHandler(2, 'file_get_conten...', 'C:\\wamp64\\www\\c...', 4, Array)
#1 C:\wamp64\www\conquest-remastered-website\app\ThirdParty\steamauth\userInfo.php(4): file_get_contents('https://api.ste...')
#2 C:\wamp64\www\conquest-remastered-website\app\Controllers\Auth.php(146): include('C:\\wamp64\\www\\c...')
#3 C:\wamp64\www\conquest-remastered-website\app\Controllers\Home.php(25): App\Controllers\Auth->CheckSteamDataOnDatabase('765611990951281...')
#4 C:\wamp64\www\conquest-remastered-website\system\CodeIgniter.php(802): App\Controllers\Home->index()
#5 C:\wamp64\www\conquest-remastered-website\system\CodeIgniter.php(399): CodeIgniter\CodeIgniter->runController(Object(App\Controllers\Home))
#6 C:\wamp64\www\conquest-remastered-website\system\CodeIgniter.php(317): CodeIgniter\CodeIgniter->handleRequest(NULL, Object(Config\Cache), false)
#7 C:\wamp64\www\conquest-remastered-website\public\index.php(37): CodeIgniter\CodeIgniter->run()
#8 C:\wamp64\www\conquest-remastered-website\system\Commands\Server\rewrite.php(43): require_once('C:\\wamp64\\www\\c...')
#9 {main}
CRITICAL - 2021-09-26 14:11:34 --> file_get_contents(https://api.steampowered.com/ISteamUser/GetPlayerSummaries/v0002/?key=23B8206CF8C782D567BBC63DB82555F8&amp;steamids=76561199095128105): failed to open stream: HTTP request failed! HTTP/1.0 403 Forbidden

#0 [internal function]: CodeIgniter\Debug\Exceptions->errorHandler(2, 'file_get_conten...', 'C:\\wamp64\\www\\c...', 4, Array)
#1 C:\wamp64\www\conquest-remastered-website\app\ThirdParty\steamauth\userInfo.php(4): file_get_contents('https://api.ste...')
#2 C:\wamp64\www\conquest-remastered-website\app\Controllers\Auth.php(146): include('C:\\wamp64\\www\\c...')
#3 C:\wamp64\www\conquest-remastered-website\app\Controllers\Home.php(25): App\Controllers\Auth->CheckSteamDataOnDatabase('765611990951281...')
#4 C:\wamp64\www\conquest-remastered-website\system\CodeIgniter.php(802): App\Controllers\Home->index()
#5 C:\wamp64\www\conquest-remastered-website\system\CodeIgniter.php(399): CodeIgniter\CodeIgniter->runController(Object(App\Controllers\Home))
#6 C:\wamp64\www\conquest-remastered-website\system\CodeIgniter.php(317): CodeIgniter\CodeIgniter->handleRequest(NULL, Object(Config\Cache), false)
#7 C:\wamp64\www\conquest-remastered-website\public\index.php(37): CodeIgniter\CodeIgniter->run()
#8 C:\wamp64\www\conquest-remastered-website\system\Commands\Server\rewrite.php(43): require_once('C:\\wamp64\\www\\c...')
#9 {main}
CRITICAL - 2021-09-26 14:12:37 --> file_get_contents(https://api.steampowered.com/ISteamUser/GetPlayerSummaries/v0002/?key=23B8206CF8C782D567BBC63DB82555F8&amp;steamids=76561199095128105): failed to open stream: HTTP request failed! HTTP/1.0 403 Forbidden

#0 [internal function]: CodeIgniter\Debug\Exceptions->errorHandler(2, 'file_get_conten...', 'C:\\wamp64\\www\\c...', 4, Array)
#1 C:\wamp64\www\conquest-remastered-website\app\ThirdParty\steamauth\userInfo.php(4): file_get_contents('https://api.ste...')
#2 C:\wamp64\www\conquest-remastered-website\app\Controllers\Auth.php(146): include('C:\\wamp64\\www\\c...')
#3 C:\wamp64\www\conquest-remastered-website\app\Controllers\Home.php(25): App\Controllers\Auth->CheckSteamDataOnDatabase('765611990951281...')
#4 C:\wamp64\www\conquest-remastered-website\system\CodeIgniter.php(802): App\Controllers\Home->index()
#5 C:\wamp64\www\conquest-remastered-website\system\CodeIgniter.php(399): CodeIgniter\CodeIgniter->runController(Object(App\Controllers\Home))
#6 C:\wamp64\www\conquest-remastered-website\system\CodeIgniter.php(317): CodeIgniter\CodeIgniter->handleRequest(NULL, Object(Config\Cache), false)
#7 C:\wamp64\www\conquest-remastered-website\public\index.php(37): CodeIgniter\CodeIgniter->run()
#8 C:\wamp64\www\conquest-remastered-website\system\Commands\Server\rewrite.php(43): require_once('C:\\wamp64\\www\\c...')
#9 {main}
CRITICAL - 2021-09-26 14:44:12 --> Undefined offset: 1
#0 C:\wamp64\www\conquest-remastered-website\app\Models\UserModel.php(43): CodeIgniter\Debug\Exceptions->errorHandler(8, 'Undefined offse...', 'C:\\wamp64\\www\\c...', 43, Array)
#1 C:\wamp64\www\conquest-remastered-website\app\Controllers\Auth.php(150): App\Models\UserModel->RegisterUser(Array)
#2 C:\wamp64\www\conquest-remastered-website\app\Controllers\Home.php(25): App\Controllers\Auth->CheckSteamDataOnDatabase('765611984011729...')
#3 C:\wamp64\www\conquest-remastered-website\system\CodeIgniter.php(802): App\Controllers\Home->index()
#4 C:\wamp64\www\conquest-remastered-website\system\CodeIgniter.php(399): CodeIgniter\CodeIgniter->runController(Object(App\Controllers\Home))
#5 C:\wamp64\www\conquest-remastered-website\system\CodeIgniter.php(317): CodeIgniter\CodeIgniter->handleRequest(NULL, Object(Config\Cache), false)
#6 C:\wamp64\www\conquest-remastered-website\public\index.php(37): CodeIgniter\CodeIgniter->run()
#7 C:\wamp64\www\conquest-remastered-website\system\Commands\Server\rewrite.php(43): require_once('C:\\wamp64\\www\\c...')
#8 {main}
CRITICAL - 2021-09-26 14:44:14 --> Undefined offset: 1
#0 C:\wamp64\www\conquest-remastered-website\app\Models\UserModel.php(43): CodeIgniter\Debug\Exceptions->errorHandler(8, 'Undefined offse...', 'C:\\wamp64\\www\\c...', 43, Array)
#1 C:\wamp64\www\conquest-remastered-website\app\Controllers\Auth.php(150): App\Models\UserModel->RegisterUser(Array)
#2 C:\wamp64\www\conquest-remastered-website\app\Controllers\Home.php(25): App\Controllers\Auth->CheckSteamDataOnDatabase('765611984011729...')
#3 C:\wamp64\www\conquest-remastered-website\system\CodeIgniter.php(802): App\Controllers\Home->index()
#4 C:\wamp64\www\conquest-remastered-website\system\CodeIgniter.php(399): CodeIgniter\CodeIgniter->runController(Object(App\Controllers\Home))
#5 C:\wamp64\www\conquest-remastered-website\system\CodeIgniter.php(317): CodeIgniter\CodeIgniter->handleRequest(NULL, Object(Config\Cache), false)
#6 C:\wamp64\www\conquest-remastered-website\public\index.php(37): CodeIgniter\CodeIgniter->run()
#7 C:\wamp64\www\conquest-remastered-website\system\Commands\Server\rewrite.php(43): require_once('C:\\wamp64\\www\\c...')
#8 {main}
CRITICAL - 2021-09-26 14:44:15 --> Undefined offset: 1
#0 C:\wamp64\www\conquest-remastered-website\app\Models\UserModel.php(43): CodeIgniter\Debug\Exceptions->errorHandler(8, 'Undefined offse...', 'C:\\wamp64\\www\\c...', 43, Array)
#1 C:\wamp64\www\conquest-remastered-website\app\Controllers\Auth.php(150): App\Models\UserModel->RegisterUser(Array)
#2 C:\wamp64\www\conquest-remastered-website\app\Controllers\Home.php(25): App\Controllers\Auth->CheckSteamDataOnDatabase('765611984011729...')
#3 C:\wamp64\www\conquest-remastered-website\system\CodeIgniter.php(802): App\Controllers\Home->index()
#4 C:\wamp64\www\conquest-remastered-website\system\CodeIgniter.php(399): CodeIgniter\CodeIgniter->runController(Object(App\Controllers\Home))
#5 C:\wamp64\www\conquest-remastered-website\system\CodeIgniter.php(317): CodeIgniter\CodeIgniter->handleRequest(NULL, Object(Config\Cache), false)
#6 C:\wamp64\www\conquest-remastered-website\public\index.php(37): CodeIgniter\CodeIgniter->run()
#7 C:\wamp64\www\conquest-remastered-website\system\Commands\Server\rewrite.php(43): require_once('C:\\wamp64\\www\\c...')
#8 {main}
CRITICAL - 2021-09-26 14:44:15 --> Undefined offset: 1
#0 C:\wamp64\www\conquest-remastered-website\app\Models\UserModel.php(43): CodeIgniter\Debug\Exceptions->errorHandler(8, 'Undefined offse...', 'C:\\wamp64\\www\\c...', 43, Array)
#1 C:\wamp64\www\conquest-remastered-website\app\Controllers\Auth.php(150): App\Models\UserModel->RegisterUser(Array)
#2 C:\wamp64\www\conquest-remastered-website\app\Controllers\Home.php(25): App\Controllers\Auth->CheckSteamDataOnDatabase('765611984011729...')
#3 C:\wamp64\www\conquest-remastered-website\system\CodeIgniter.php(802): App\Controllers\Home->index()
#4 C:\wamp64\www\conquest-remastered-website\system\CodeIgniter.php(399): CodeIgniter\CodeIgniter->runController(Object(App\Controllers\Home))
#5 C:\wamp64\www\conquest-remastered-website\system\CodeIgniter.php(317): CodeIgniter\CodeIgniter->handleRequest(NULL, Object(Config\Cache), false)
#6 C:\wamp64\www\conquest-remastered-website\public\index.php(37): CodeIgniter\CodeIgniter->run()
#7 C:\wamp64\www\conquest-remastered-website\system\Commands\Server\rewrite.php(43): require_once('C:\\wamp64\\www\\c...')
#8 {main}
CRITICAL - 2021-09-26 14:44:15 --> Undefined offset: 1
#0 C:\wamp64\www\conquest-remastered-website\app\Models\UserModel.php(43): CodeIgniter\Debug\Exceptions->errorHandler(8, 'Undefined offse...', 'C:\\wamp64\\www\\c...', 43, Array)
#1 C:\wamp64\www\conquest-remastered-website\app\Controllers\Auth.php(150): App\Models\UserModel->RegisterUser(Array)
#2 C:\wamp64\www\conquest-remastered-website\app\Controllers\Home.php(25): App\Controllers\Auth->CheckSteamDataOnDatabase('765611984011729...')
#3 C:\wamp64\www\conquest-remastered-website\system\CodeIgniter.php(802): App\Controllers\Home->index()
#4 C:\wamp64\www\conquest-remastered-website\system\CodeIgniter.php(399): CodeIgniter\CodeIgniter->runController(Object(App\Controllers\Home))
#5 C:\wamp64\www\conquest-remastered-website\system\CodeIgniter.php(317): CodeIgniter\CodeIgniter->handleRequest(NULL, Object(Config\Cache), false)
#6 C:\wamp64\www\conquest-remastered-website\public\index.php(37): CodeIgniter\CodeIgniter->run()
#7 C:\wamp64\www\conquest-remastered-website\system\Commands\Server\rewrite.php(43): require_once('C:\\wamp64\\www\\c...')
#8 {main}
CRITICAL - 2021-09-26 14:44:15 --> Undefined offset: 1
#0 C:\wamp64\www\conquest-remastered-website\app\Models\UserModel.php(43): CodeIgniter\Debug\Exceptions->errorHandler(8, 'Undefined offse...', 'C:\\wamp64\\www\\c...', 43, Array)
#1 C:\wamp64\www\conquest-remastered-website\app\Controllers\Auth.php(150): App\Models\UserModel->RegisterUser(Array)
#2 C:\wamp64\www\conquest-remastered-website\app\Controllers\Home.php(25): App\Controllers\Auth->CheckSteamDataOnDatabase('765611984011729...')
#3 C:\wamp64\www\conquest-remastered-website\system\CodeIgniter.php(802): App\Controllers\Home->index()
#4 C:\wamp64\www\conquest-remastered-website\system\CodeIgniter.php(399): CodeIgniter\CodeIgniter->runController(Object(App\Controllers\Home))
#5 C:\wamp64\www\conquest-remastered-website\system\CodeIgniter.php(317): CodeIgniter\CodeIgniter->handleRequest(NULL, Object(Config\Cache), false)
#6 C:\wamp64\www\conquest-remastered-website\public\index.php(37): CodeIgniter\CodeIgniter->run()
#7 C:\wamp64\www\conquest-remastered-website\system\Commands\Server\rewrite.php(43): require_once('C:\\wamp64\\www\\c...')
#8 {main}
CRITICAL - 2021-09-26 14:44:23 --> Undefined offset: 0
#0 C:\wamp64\www\conquest-remastered-website\app\Models\UserModel.php(43): CodeIgniter\Debug\Exceptions->errorHandler(8, 'Undefined offse...', 'C:\\wamp64\\www\\c...', 43, Array)
#1 C:\wamp64\www\conquest-remastered-website\app\Controllers\Auth.php(150): App\Models\UserModel->RegisterUser(Array)
#2 C:\wamp64\www\conquest-remastered-website\app\Controllers\Home.php(25): App\Controllers\Auth->CheckSteamDataOnDatabase('765611984011729...')
#3 C:\wamp64\www\conquest-remastered-website\system\CodeIgniter.php(802): App\Controllers\Home->index()
#4 C:\wamp64\www\conquest-remastered-website\system\CodeIgniter.php(399): CodeIgniter\CodeIgniter->runController(Object(App\Controllers\Home))
#5 C:\wamp64\www\conquest-remastered-website\system\CodeIgniter.php(317): CodeIgniter\CodeIgniter->handleRequest(NULL, Object(Config\Cache), false)
#6 C:\wamp64\www\conquest-remastered-website\public\index.php(37): CodeIgniter\CodeIgniter->run()
#7 C:\wamp64\www\conquest-remastered-website\system\Commands\Server\rewrite.php(43): require_once('C:\\wamp64\\www\\c...')
#8 {main}
CRITICAL - 2021-09-26 14:46:21 --> Undefined offset: 0
#0 C:\wamp64\www\conquest-remastered-website\app\Models\UserModel.php(43): CodeIgniter\Debug\Exceptions->errorHandler(8, 'Undefined offse...', 'C:\\wamp64\\www\\c...', 43, Array)
#1 C:\wamp64\www\conquest-remastered-website\app\Controllers\Auth.php(150): App\Models\UserModel->RegisterUser(Array)
#2 C:\wamp64\www\conquest-remastered-website\app\Controllers\Home.php(25): App\Controllers\Auth->CheckSteamDataOnDatabase('765611984011729...')
#3 C:\wamp64\www\conquest-remastered-website\system\CodeIgniter.php(802): App\Controllers\Home->index()
#4 C:\wamp64\www\conquest-remastered-website\system\CodeIgniter.php(399): CodeIgniter\CodeIgniter->runController(Object(App\Controllers\Home))
#5 C:\wamp64\www\conquest-remastered-website\system\CodeIgniter.php(317): CodeIgniter\CodeIgniter->handleRequest(NULL, Object(Config\Cache), false)
#6 C:\wamp64\www\conquest-remastered-website\public\index.php(37): CodeIgniter\CodeIgniter->run()
#7 C:\wamp64\www\conquest-remastered-website\system\Commands\Server\rewrite.php(43): require_once('C:\\wamp64\\www\\c...')
#8 {main}
CRITICAL - 2021-09-26 14:46:27 --> Undefined offset: 0
#0 C:\wamp64\www\conquest-remastered-website\app\Models\UserModel.php(43): CodeIgniter\Debug\Exceptions->errorHandler(8, 'Undefined offse...', 'C:\\wamp64\\www\\c...', 43, Array)
#1 C:\wamp64\www\conquest-remastered-website\app\Controllers\Auth.php(150): App\Models\UserModel->RegisterUser(Array)
#2 C:\wamp64\www\conquest-remastered-website\app\Controllers\Home.php(25): App\Controllers\Auth->CheckSteamDataOnDatabase('765611984011729...')
#3 C:\wamp64\www\conquest-remastered-website\system\CodeIgniter.php(802): App\Controllers\Home->index()
#4 C:\wamp64\www\conquest-remastered-website\system\CodeIgniter.php(399): CodeIgniter\CodeIgniter->runController(Object(App\Controllers\Home))
#5 C:\wamp64\www\conquest-remastered-website\system\CodeIgniter.php(317): CodeIgniter\CodeIgniter->handleRequest(NULL, Object(Config\Cache), false)
#6 C:\wamp64\www\conquest-remastered-website\public\index.php(37): CodeIgniter\CodeIgniter->run()
#7 C:\wamp64\www\conquest-remastered-website\system\Commands\Server\rewrite.php(43): require_once('C:\\wamp64\\www\\c...')
#8 {main}
CRITICAL - 2021-09-26 14:48:53 --> Argument 1 passed to App\Models\UserModel::RegisterUser() must be of the type array, string given, called in C:\wamp64\www\conquest-remastered-website\app\Controllers\Auth.php on line 150
#0 C:\wamp64\www\conquest-remastered-website\app\Controllers\Auth.php(150): App\Models\UserModel->RegisterUser('765611984011729...')
#1 C:\wamp64\www\conquest-remastered-website\app\Controllers\Home.php(25): App\Controllers\Auth->CheckSteamDataOnDatabase('765611984011729...')
#2 C:\wamp64\www\conquest-remastered-website\system\CodeIgniter.php(802): App\Controllers\Home->index()
#3 C:\wamp64\www\conquest-remastered-website\system\CodeIgniter.php(399): CodeIgniter\CodeIgniter->runController(Object(App\Controllers\Home))
#4 C:\wamp64\www\conquest-remastered-website\system\CodeIgniter.php(317): CodeIgniter\CodeIgniter->handleRequest(NULL, Object(Config\Cache), false)
#5 C:\wamp64\www\conquest-remastered-website\public\index.php(37): CodeIgniter\CodeIgniter->run()
#6 C:\wamp64\www\conquest-remastered-website\system\Commands\Server\rewrite.php(43): require_once('C:\\wamp64\\www\\c...')
#7 {main}
CRITICAL - 2021-09-26 14:49:11 --> Return value of CodeIgniter\BaseModel::transformDataToArray() must be of the type array, string returned
#0 C:\wamp64\www\conquest-remastered-website\system\BaseModel.php(704): CodeIgniter\BaseModel->transformDataToArray('765611984011729...', 'insert')
#1 C:\wamp64\www\conquest-remastered-website\system\Model.php(620): CodeIgniter\BaseModel->insert('765611984011729...', true)
#2 C:\wamp64\www\conquest-remastered-website\app\Models\UserModel.php(39): CodeIgniter\Model->insert('765611984011729...')
#3 C:\wamp64\www\conquest-remastered-website\app\Controllers\Auth.php(150): App\Models\UserModel->RegisterUser('765611984011729...')
#4 C:\wamp64\www\conquest-remastered-website\app\Controllers\Home.php(25): App\Controllers\Auth->CheckSteamDataOnDatabase('765611984011729...')
#5 C:\wamp64\www\conquest-remastered-website\system\CodeIgniter.php(802): App\Controllers\Home->index()
#6 C:\wamp64\www\conquest-remastered-website\system\CodeIgniter.php(399): CodeIgniter\CodeIgniter->runController(Object(App\Controllers\Home))
#7 C:\wamp64\www\conquest-remastered-website\system\CodeIgniter.php(317): CodeIgniter\CodeIgniter->handleRequest(NULL, Object(Config\Cache), false)
#8 C:\wamp64\www\conquest-remastered-website\public\index.php(37): CodeIgniter\CodeIgniter->run()
#9 C:\wamp64\www\conquest-remastered-website\system\Commands\Server\rewrite.php(43): require_once('C:\\wamp64\\www\\c...')
#10 {main}
CRITICAL - 2021-09-26 14:49:55 --> Undefined variable: data
#0 C:\wamp64\www\conquest-remastered-website\app\Models\UserModel.php(36): CodeIgniter\Debug\Exceptions->errorHandler(8, 'Undefined varia...', 'C:\\wamp64\\www\\c...', 36, Array)
#1 C:\wamp64\www\conquest-remastered-website\app\Controllers\Auth.php(150): App\Models\UserModel->RegisterUser(Array)
#2 C:\wamp64\www\conquest-remastered-website\app\Controllers\Home.php(25): App\Controllers\Auth->CheckSteamDataOnDatabase('765611984011729...')
#3 C:\wamp64\www\conquest-remastered-website\system\CodeIgniter.php(802): App\Controllers\Home->index()
#4 C:\wamp64\www\conquest-remastered-website\system\CodeIgniter.php(399): CodeIgniter\CodeIgniter->runController(Object(App\Controllers\Home))
#5 C:\wamp64\www\conquest-remastered-website\system\CodeIgniter.php(317): CodeIgniter\CodeIgniter->handleRequest(NULL, Object(Config\Cache), false)
#6 C:\wamp64\www\conquest-remastered-website\public\index.php(37): CodeIgniter\CodeIgniter->run()
#7 C:\wamp64\www\conquest-remastered-website\system\Commands\Server\rewrite.php(43): require_once('C:\\wamp64\\www\\c...')
#8 {main}
CRITICAL - 2021-09-26 14:50:50 --> Undefined variable: data
#0 C:\wamp64\www\conquest-remastered-website\app\Models\UserModel.php(36): CodeIgniter\Debug\Exceptions->errorHandler(8, 'Undefined varia...', 'C:\\wamp64\\www\\c...', 36, Array)
#1 C:\wamp64\www\conquest-remastered-website\app\Controllers\Auth.php(150): App\Models\UserModel->RegisterUser(Array)
#2 C:\wamp64\www\conquest-remastered-website\app\Controllers\Home.php(25): App\Controllers\Auth->CheckSteamDataOnDatabase('765611984011729...')
#3 C:\wamp64\www\conquest-remastered-website\system\CodeIgniter.php(802): App\Controllers\Home->index()
#4 C:\wamp64\www\conquest-remastered-website\system\CodeIgniter.php(399): CodeIgniter\CodeIgniter->runController(Object(App\Controllers\Home))
#5 C:\wamp64\www\conquest-remastered-website\system\CodeIgniter.php(317): CodeIgniter\CodeIgniter->handleRequest(NULL, Object(Config\Cache), false)
#6 C:\wamp64\www\conquest-remastered-website\public\index.php(37): CodeIgniter\CodeIgniter->run()
#7 C:\wamp64\www\conquest-remastered-website\system\Commands\Server\rewrite.php(43): require_once('C:\\wamp64\\www\\c...')
#8 {main}
CRITICAL - 2021-09-26 14:56:43 --> Undefined offset: 0
#0 C:\wamp64\www\conquest-remastered-website\app\Models\UserModel.php(45): CodeIgniter\Debug\Exceptions->errorHandler(8, 'Undefined offse...', 'C:\\wamp64\\www\\c...', 45, Array)
#1 C:\wamp64\www\conquest-remastered-website\app\Controllers\Auth.php(150): App\Models\UserModel->RegisterUser(Array)
#2 C:\wamp64\www\conquest-remastered-website\app\Controllers\Home.php(25): App\Controllers\Auth->CheckSteamDataOnDatabase('765611984011729...')
#3 C:\wamp64\www\conquest-remastered-website\system\CodeIgniter.php(802): App\Controllers\Home->index()
#4 C:\wamp64\www\conquest-remastered-website\system\CodeIgniter.php(399): CodeIgniter\CodeIgniter->runController(Object(App\Controllers\Home))
#5 C:\wamp64\www\conquest-remastered-website\system\CodeIgniter.php(317): CodeIgniter\CodeIgniter->handleRequest(NULL, Object(Config\Cache), false)
#6 C:\wamp64\www\conquest-remastered-website\public\index.php(37): CodeIgniter\CodeIgniter->run()
#7 C:\wamp64\www\conquest-remastered-website\system\Commands\Server\rewrite.php(43): require_once('C:\\wamp64\\www\\c...')
#8 {main}
CRITICAL - 2021-09-26 14:58:33 --> Trying to get property 'display_name' of non-object
#0 C:\wamp64\www\conquest-remastered-website\app\Models\UserModel.php(45): CodeIgniter\Debug\Exceptions->errorHandler(8, 'Trying to get p...', 'C:\\wamp64\\www\\c...', 45, Array)
#1 C:\wamp64\www\conquest-remastered-website\app\Controllers\Auth.php(150): App\Models\UserModel->RegisterUser(Array)
#2 C:\wamp64\www\conquest-remastered-website\app\Controllers\Home.php(25): App\Controllers\Auth->CheckSteamDataOnDatabase('765611984011729...')
#3 C:\wamp64\www\conquest-remastered-website\system\CodeIgniter.php(802): App\Controllers\Home->index()
#4 C:\wamp64\www\conquest-remastered-website\system\CodeIgniter.php(399): CodeIgniter\CodeIgniter->runController(Object(App\Controllers\Home))
#5 C:\wamp64\www\conquest-remastered-website\system\CodeIgniter.php(317): CodeIgniter\CodeIgniter->handleRequest(NULL, Object(Config\Cache), false)
#6 C:\wamp64\www\conquest-remastered-website\public\index.php(37): CodeIgniter\CodeIgniter->run()
#7 C:\wamp64\www\conquest-remastered-website\system\Commands\Server\rewrite.php(43): require_once('C:\\wamp64\\www\\c...')
#8 {main}
CRITICAL - 2021-09-26 15:01:36 --> Call to a member function num_rows() on array
#0 C:\wamp64\www\conquest-remastered-website\app\Controllers\Auth.php(150): App\Models\UserModel->RegisterUser(Array)
#1 C:\wamp64\www\conquest-remastered-website\app\Controllers\Home.php(25): App\Controllers\Auth->CheckSteamDataOnDatabase('765611984011729...')
#2 C:\wamp64\www\conquest-remastered-website\system\CodeIgniter.php(802): App\Controllers\Home->index()
#3 C:\wamp64\www\conquest-remastered-website\system\CodeIgniter.php(399): CodeIgniter\CodeIgniter->runController(Object(App\Controllers\Home))
#4 C:\wamp64\www\conquest-remastered-website\system\CodeIgniter.php(317): CodeIgniter\CodeIgniter->handleRequest(NULL, Object(Config\Cache), false)
#5 C:\wamp64\www\conquest-remastered-website\public\index.php(37): CodeIgniter\CodeIgniter->run()
#6 C:\wamp64\www\conquest-remastered-website\system\Commands\Server\rewrite.php(43): require_once('C:\\wamp64\\www\\c...')
#7 {main}
CRITICAL - 2021-09-26 15:01:45 --> Trying to get property 'num_rows' of non-object
#0 C:\wamp64\www\conquest-remastered-website\app\Models\UserModel.php(45): CodeIgniter\Debug\Exceptions->errorHandler(8, 'Trying to get p...', 'C:\\wamp64\\www\\c...', 45, Array)
#1 C:\wamp64\www\conquest-remastered-website\app\Controllers\Auth.php(150): App\Models\UserModel->RegisterUser(Array)
#2 C:\wamp64\www\conquest-remastered-website\app\Controllers\Home.php(25): App\Controllers\Auth->CheckSteamDataOnDatabase('765611984011729...')
#3 C:\wamp64\www\conquest-remastered-website\system\CodeIgniter.php(802): App\Controllers\Home->index()
#4 C:\wamp64\www\conquest-remastered-website\system\CodeIgniter.php(399): CodeIgniter\CodeIgniter->runController(Object(App\Controllers\Home))
#5 C:\wamp64\www\conquest-remastered-website\system\CodeIgniter.php(317): CodeIgniter\CodeIgniter->handleRequest(NULL, Object(Config\Cache), false)
#6 C:\wamp64\www\conquest-remastered-website\public\index.php(37): CodeIgniter\CodeIgniter->run()
#7 C:\wamp64\www\conquest-remastered-website\system\Commands\Server\rewrite.php(43): require_once('C:\\wamp64\\www\\c...')
#8 {main}
CRITICAL - 2021-09-26 15:01:52 --> Call to a member function num_rows() on array
#0 C:\wamp64\www\conquest-remastered-website\app\Controllers\Auth.php(150): App\Models\UserModel->RegisterUser(Array)
#1 C:\wamp64\www\conquest-remastered-website\app\Controllers\Home.php(25): App\Controllers\Auth->CheckSteamDataOnDatabase('765611984011729...')
#2 C:\wamp64\www\conquest-remastered-website\system\CodeIgniter.php(802): App\Controllers\Home->index()
#3 C:\wamp64\www\conquest-remastered-website\system\CodeIgniter.php(399): CodeIgniter\CodeIgniter->runController(Object(App\Controllers\Home))
#4 C:\wamp64\www\conquest-remastered-website\system\CodeIgniter.php(317): CodeIgniter\CodeIgniter->handleRequest(NULL, Object(Config\Cache), false)
#5 C:\wamp64\www\conquest-remastered-website\public\index.php(37): CodeIgniter\CodeIgniter->run()
#6 C:\wamp64\www\conquest-remastered-website\system\Commands\Server\rewrite.php(43): require_once('C:\\wamp64\\www\\c...')
#7 {main}
CRITICAL - 2021-09-26 15:03:20 --> Call to a member function result() on array
#0 C:\wamp64\www\conquest-remastered-website\app\Controllers\Auth.php(150): App\Models\UserModel->RegisterUser(Array)
#1 C:\wamp64\www\conquest-remastered-website\app\Controllers\Home.php(25): App\Controllers\Auth->CheckSteamDataOnDatabase('765611984011729...')
#2 C:\wamp64\www\conquest-remastered-website\system\CodeIgniter.php(802): App\Controllers\Home->index()
#3 C:\wamp64\www\conquest-remastered-website\system\CodeIgniter.php(399): CodeIgniter\CodeIgniter->runController(Object(App\Controllers\Home))
#4 C:\wamp64\www\conquest-remastered-website\system\CodeIgniter.php(317): CodeIgniter\CodeIgniter->handleRequest(NULL, Object(Config\Cache), false)
#5 C:\wamp64\www\conquest-remastered-website\public\index.php(37): CodeIgniter\CodeIgniter->run()
#6 C:\wamp64\www\conquest-remastered-website\system\Commands\Server\rewrite.php(43): require_once('C:\\wamp64\\www\\c...')
#7 {main}
CRITICAL - 2021-09-26 15:07:10 --> Trying to get property 'display_name' of non-object
#0 C:\wamp64\www\conquest-remastered-website\app\Models\UserModel.php(47): CodeIgniter\Debug\Exceptions->errorHandler(8, 'Trying to get p...', 'C:\\wamp64\\www\\c...', 47, Array)
#1 C:\wamp64\www\conquest-remastered-website\app\Controllers\Auth.php(150): App\Models\UserModel->RegisterUser(Array)
#2 C:\wamp64\www\conquest-remastered-website\app\Controllers\Home.php(25): App\Controllers\Auth->CheckSteamDataOnDatabase('765611984011729...')
#3 C:\wamp64\www\conquest-remastered-website\system\CodeIgniter.php(802): App\Controllers\Home->index()
#4 C:\wamp64\www\conquest-remastered-website\system\CodeIgniter.php(399): CodeIgniter\CodeIgniter->runController(Object(App\Controllers\Home))
#5 C:\wamp64\www\conquest-remastered-website\system\CodeIgniter.php(317): CodeIgniter\CodeIgniter->handleRequest(NULL, Object(Config\Cache), false)
#6 C:\wamp64\www\conquest-remastered-website\public\index.php(37): CodeIgniter\CodeIgniter->run()
#7 C:\wamp64\www\conquest-remastered-website\system\Commands\Server\rewrite.php(43): require_once('C:\\wamp64\\www\\c...')
#8 {main}
CRITICAL - 2021-09-26 15:11:32 --> Return value of CodeIgniter\BaseModel::transformDataToArray() must be of the type array, string returned
#0 C:\wamp64\www\conquest-remastered-website\system\BaseModel.php(704): CodeIgniter\BaseModel->transformDataToArray('765611984011729...', 'insert')
#1 C:\wamp64\www\conquest-remastered-website\system\Model.php(620): CodeIgniter\BaseModel->insert('765611984011729...', true)
#2 C:\wamp64\www\conquest-remastered-website\app\Models\UserModel.php(40): CodeIgniter\Model->insert('765611984011729...')
#3 C:\wamp64\www\conquest-remastered-website\app\Controllers\Auth.php(150): App\Models\UserModel->RegisterUser('765611984011729...')
#4 C:\wamp64\www\conquest-remastered-website\app\Controllers\Home.php(25): App\Controllers\Auth->CheckSteamDataOnDatabase('765611984011729...')
#5 C:\wamp64\www\conquest-remastered-website\system\CodeIgniter.php(802): App\Controllers\Home->index()
#6 C:\wamp64\www\conquest-remastered-website\system\CodeIgniter.php(399): CodeIgniter\CodeIgniter->runController(Object(App\Controllers\Home))
#7 C:\wamp64\www\conquest-remastered-website\system\CodeIgniter.php(317): CodeIgniter\CodeIgniter->handleRequest(NULL, Object(Config\Cache), false)
#8 C:\wamp64\www\conquest-remastered-website\public\index.php(37): CodeIgniter\CodeIgniter->run()
#9 C:\wamp64\www\conquest-remastered-website\system\Commands\Server\rewrite.php(43): require_once('C:\\wamp64\\www\\c...')
#10 {main}
CRITICAL - 2021-09-26 15:16:45 --> There is no data to insert.
#0 C:\wamp64\www\conquest-remastered-website\system\BaseModel.php(718): CodeIgniter\Database\Exceptions\DataException::forEmptyDataset('insert')
#1 C:\wamp64\www\conquest-remastered-website\system\Model.php(620): CodeIgniter\BaseModel->insert(Array, true)
#2 C:\wamp64\www\conquest-remastered-website\app\Models\UserModel.php(40): CodeIgniter\Model->insert(Array)
#3 C:\wamp64\www\conquest-remastered-website\app\Controllers\Auth.php(150): App\Models\UserModel->RegisterUser('765611984011729...')
#4 C:\wamp64\www\conquest-remastered-website\app\Controllers\Home.php(25): App\Controllers\Auth->CheckSteamDataOnDatabase('765611984011729...')
#5 C:\wamp64\www\conquest-remastered-website\system\CodeIgniter.php(802): App\Controllers\Home->index()
#6 C:\wamp64\www\conquest-remastered-website\system\CodeIgniter.php(399): CodeIgniter\CodeIgniter->runController(Object(App\Controllers\Home))
#7 C:\wamp64\www\conquest-remastered-website\system\CodeIgniter.php(317): CodeIgniter\CodeIgniter->handleRequest(NULL, Object(Config\Cache), false)
#8 C:\wamp64\www\conquest-remastered-website\public\index.php(37): CodeIgniter\CodeIgniter->run()
#9 C:\wamp64\www\conquest-remastered-website\system\Commands\Server\rewrite.php(43): require_once('C:\\wamp64\\www\\c...')
#10 {main}
CRITICAL - 2021-09-26 15:19:52 --> Object of class App\Models\UserModel could not be converted to string
#0 C:\wamp64\www\conquest-remastered-website\app\Models\UserModel.php(37): CodeIgniter\Debug\Exceptions->errorHandler(4096, 'Object of class...', 'C:\\wamp64\\www\\c...', 37, Array)
#1 C:\wamp64\www\conquest-remastered-website\app\Controllers\Auth.php(150): App\Models\UserModel->RegisterUser('765611984011729...')
#2 C:\wamp64\www\conquest-remastered-website\app\Controllers\Home.php(25): App\Controllers\Auth->CheckSteamDataOnDatabase('765611984011729...')
#3 C:\wamp64\www\conquest-remastered-website\system\CodeIgniter.php(802): App\Controllers\Home->index()
#4 C:\wamp64\www\conquest-remastered-website\system\CodeIgniter.php(399): CodeIgniter\CodeIgniter->runController(Object(App\Controllers\Home))
#5 C:\wamp64\www\conquest-remastered-website\system\CodeIgniter.php(317): CodeIgniter\CodeIgniter->handleRequest(NULL, Object(Config\Cache), false)
#6 C:\wamp64\www\conquest-remastered-website\public\index.php(37): CodeIgniter\CodeIgniter->run()
#7 C:\wamp64\www\conquest-remastered-website\system\Commands\Server\rewrite.php(43): require_once('C:\\wamp64\\www\\c...')
#8 {main}
CRITICAL - 2021-09-26 15:28:12 --> Object of class App\Models\UserModel could not be converted to string
#0 C:\wamp64\www\conquest-remastered-website\app\Models\UserModel.php(37): CodeIgniter\Debug\Exceptions->errorHandler(4096, 'Object of class...', 'C:\\wamp64\\www\\c...', 37, Array)
#1 C:\wamp64\www\conquest-remastered-website\app\Controllers\Auth.php(150): App\Models\UserModel->RegisterUser('765611984011729...')
#2 C:\wamp64\www\conquest-remastered-website\app\Controllers\Home.php(25): App\Controllers\Auth->CheckSteamDataOnDatabase('765611984011729...')
#3 C:\wamp64\www\conquest-remastered-website\system\CodeIgniter.php(802): App\Controllers\Home->index()
#4 C:\wamp64\www\conquest-remastered-website\system\CodeIgniter.php(399): CodeIgniter\CodeIgniter->runController(Object(App\Controllers\Home))
#5 C:\wamp64\www\conquest-remastered-website\system\CodeIgniter.php(317): CodeIgniter\CodeIgniter->handleRequest(NULL, Object(Config\Cache), false)
#6 C:\wamp64\www\conquest-remastered-website\public\index.php(37): CodeIgniter\CodeIgniter->run()
#7 C:\wamp64\www\conquest-remastered-website\system\Commands\Server\rewrite.php(43): require_once('C:\\wamp64\\www\\c...')
#8 {main}
CRITICAL - 2021-09-26 15:29:02 --> syntax error, unexpected '$m_fetch' (T_VARIABLE)
#0 C:\wamp64\www\conquest-remastered-website\system\Autoloader\Autoloader.php(241): CodeIgniter\Autoloader\Autoloader->includeFile('C:\\wamp64\\www\\c...')
#1 C:\wamp64\www\conquest-remastered-website\system\Autoloader\Autoloader.php(219): CodeIgniter\Autoloader\Autoloader->loadInNamespace('App\\Models\\User...')
#2 [internal function]: CodeIgniter\Autoloader\Autoloader->loadClass('App\\Models\\User...')
#3 [internal function]: spl_autoload_call('App\\Models\\User...')
#4 C:\wamp64\www\conquest-remastered-website\system\Config\Factories.php(136): class_exists('App\\Models\\User...')
#5 C:\wamp64\www\conquest-remastered-website\system\Config\Factories.php(106): CodeIgniter\Config\Factories::locateClass(Array, 'UserModel')
#6 C:\wamp64\www\conquest-remastered-website\system\Common.php(776): CodeIgniter\Config\Factories::__callStatic('models', Array)
#7 C:\wamp64\www\conquest-remastered-website\app\Controllers\Auth.php(144): model('UserModel')
#8 C:\wamp64\www\conquest-remastered-website\app\Controllers\Home.php(25): App\Controllers\Auth->CheckSteamDataOnDatabase('765611984011729...')
#9 C:\wamp64\www\conquest-remastered-website\system\CodeIgniter.php(802): App\Controllers\Home->index()
#10 C:\wamp64\www\conquest-remastered-website\system\CodeIgniter.php(399): CodeIgniter\CodeIgniter->runController(Object(App\Controllers\Home))
#11 C:\wamp64\www\conquest-remastered-website\system\CodeIgniter.php(317): CodeIgniter\CodeIgniter->handleRequest(NULL, Object(Config\Cache), false)
#12 C:\wamp64\www\conquest-remastered-website\public\index.php(37): CodeIgniter\CodeIgniter->run()
#13 C:\wamp64\www\conquest-remastered-website\system\Commands\Server\rewrite.php(43): require_once('C:\\wamp64\\www\\c...')
#14 {main}
CRITICAL - 2021-09-26 15:29:28 --> syntax error, unexpected '$this' (T_VARIABLE)
#0 C:\wamp64\www\conquest-remastered-website\system\Autoloader\Autoloader.php(241): CodeIgniter\Autoloader\Autoloader->includeFile('C:\\wamp64\\www\\c...')
#1 C:\wamp64\www\conquest-remastered-website\system\Autoloader\Autoloader.php(219): CodeIgniter\Autoloader\Autoloader->loadInNamespace('App\\Models\\User...')
#2 [internal function]: CodeIgniter\Autoloader\Autoloader->loadClass('App\\Models\\User...')
#3 [internal function]: spl_autoload_call('App\\Models\\User...')
#4 C:\wamp64\www\conquest-remastered-website\system\Config\Factories.php(136): class_exists('App\\Models\\User...')
#5 C:\wamp64\www\conquest-remastered-website\system\Config\Factories.php(106): CodeIgniter\Config\Factories::locateClass(Array, 'UserModel')
#6 C:\wamp64\www\conquest-remastered-website\system\Common.php(776): CodeIgniter\Config\Factories::__callStatic('models', Array)
#7 C:\wamp64\www\conquest-remastered-website\app\Controllers\Auth.php(144): model('UserModel')
#8 C:\wamp64\www\conquest-remastered-website\app\Controllers\Home.php(25): App\Controllers\Auth->CheckSteamDataOnDatabase('765611984011729...')
#9 C:\wamp64\www\conquest-remastered-website\system\CodeIgniter.php(802): App\Controllers\Home->index()
#10 C:\wamp64\www\conquest-remastered-website\system\CodeIgniter.php(399): CodeIgniter\CodeIgniter->runController(Object(App\Controllers\Home))
#11 C:\wamp64\www\conquest-remastered-website\system\CodeIgniter.php(317): CodeIgniter\CodeIgniter->handleRequest(NULL, Object(Config\Cache), false)
#12 C:\wamp64\www\conquest-remastered-website\public\index.php(37): CodeIgniter\CodeIgniter->run()
#13 C:\wamp64\www\conquest-remastered-website\system\Commands\Server\rewrite.php(43): require_once('C:\\wamp64\\www\\c...')
#14 {main}
ERROR - 2021-09-26 15:36:08 --> Duplicate entry '76561198401172983' for key 'PRIMARY'
CRITICAL - 2021-09-26 15:36:08 --> Duplicate entry '76561198401172983' for key 'PRIMARY'
#0 C:\wamp64\www\conquest-remastered-website\system\Database\MySQLi\Connection.php(280): mysqli->query('INSERT INTO `us...')
#1 C:\wamp64\www\conquest-remastered-website\system\Database\BaseConnection.php(663): CodeIgniter\Database\MySQLi\Connection->execute('INSERT INTO `us...')
#2 C:\wamp64\www\conquest-remastered-website\system\Database\BaseConnection.php(591): CodeIgniter\Database\BaseConnection->simpleQuery('INSERT INTO `us...')
#3 C:\wamp64\www\conquest-remastered-website\system\Database\BaseBuilder.php(1733): CodeIgniter\Database\BaseConnection->query('INSERT INTO `us...', Array, false)
#4 C:\wamp64\www\conquest-remastered-website\system\Model.php(239): CodeIgniter\Database\BaseBuilder->insert()
#5 C:\wamp64\www\conquest-remastered-website\system\BaseModel.php(738): CodeIgniter\Model->doInsert(Array)
#6 C:\wamp64\www\conquest-remastered-website\system\Model.php(620): CodeIgniter\BaseModel->insert(Array, true)
#7 C:\wamp64\www\conquest-remastered-website\app\Models\UserModel.php(42): CodeIgniter\Model->insert(Array)
#8 C:\wamp64\www\conquest-remastered-website\app\Controllers\Auth.php(150): App\Models\UserModel->RegisterUser('765611984011729...')
#9 C:\wamp64\www\conquest-remastered-website\app\Controllers\Home.php(25): App\Controllers\Auth->CheckSteamDataOnDatabase('765611984011729...')
#10 C:\wamp64\www\conquest-remastered-website\system\CodeIgniter.php(802): App\Controllers\Home->index()
#11 C:\wamp64\www\conquest-remastered-website\system\CodeIgniter.php(399): CodeIgniter\CodeIgniter->runController(Object(App\Controllers\Home))
#12 C:\wamp64\www\conquest-remastered-website\system\CodeIgniter.php(317): CodeIgniter\CodeIgniter->handleRequest(NULL, Object(Config\Cache), false)
#13 C:\wamp64\www\conquest-remastered-website\public\index.php(37): CodeIgniter\CodeIgniter->run()
#14 C:\wamp64\www\conquest-remastered-website\system\Commands\Server\rewrite.php(43): require_once('C:\\wamp64\\www\\c...')
#15 {main}
ERROR - 2021-09-26 15:36:30 --> Duplicate entry '76561198401172983' for key 'PRIMARY'
CRITICAL - 2021-09-26 15:36:30 --> Duplicate entry '76561198401172983' for key 'PRIMARY'
#0 C:\wamp64\www\conquest-remastered-website\system\Database\MySQLi\Connection.php(280): mysqli->query('INSERT INTO `us...')
#1 C:\wamp64\www\conquest-remastered-website\system\Database\BaseConnection.php(663): CodeIgniter\Database\MySQLi\Connection->execute('INSERT INTO `us...')
#2 C:\wamp64\www\conquest-remastered-website\system\Database\BaseConnection.php(591): CodeIgniter\Database\BaseConnection->simpleQuery('INSERT INTO `us...')
#3 C:\wamp64\www\conquest-remastered-website\system\Database\BaseBuilder.php(1733): CodeIgniter\Database\BaseConnection->query('INSERT INTO `us...', Array, false)
#4 C:\wamp64\www\conquest-remastered-website\system\Model.php(239): CodeIgniter\Database\BaseBuilder->insert()
#5 C:\wamp64\www\conquest-remastered-website\system\BaseModel.php(738): CodeIgniter\Model->doInsert(Array)
#6 C:\wamp64\www\conquest-remastered-website\system\Model.php(620): CodeIgniter\BaseModel->insert(Array, true)
#7 C:\wamp64\www\conquest-remastered-website\app\Models\UserModel.php(42): CodeIgniter\Model->insert(Array)
#8 C:\wamp64\www\conquest-remastered-website\app\Controllers\Auth.php(150): App\Models\UserModel->RegisterUser('765611984011729...')
#9 C:\wamp64\www\conquest-remastered-website\app\Controllers\Home.php(25): App\Controllers\Auth->CheckSteamDataOnDatabase('765611984011729...')
#10 C:\wamp64\www\conquest-remastered-website\system\CodeIgniter.php(802): App\Controllers\Home->index()
#11 C:\wamp64\www\conquest-remastered-website\system\CodeIgniter.php(399): CodeIgniter\CodeIgniter->runController(Object(App\Controllers\Home))
#12 C:\wamp64\www\conquest-remastered-website\system\CodeIgniter.php(317): CodeIgniter\CodeIgniter->handleRequest(NULL, Object(Config\Cache), false)
#13 C:\wamp64\www\conquest-remastered-website\public\index.php(37): CodeIgniter\CodeIgniter->run()
#14 C:\wamp64\www\conquest-remastered-website\system\Commands\Server\rewrite.php(43): require_once('C:\\wamp64\\www\\c...')
#15 {main}
CRITICAL - 2021-09-26 15:52:24 --> Undefined variable: steamprofile
#0 C:\wamp64\www\conquest-remastered-website\app\Controllers\Home.php(25): CodeIgniter\Debug\Exceptions->errorHandler(8, 'Undefined varia...', 'C:\\wamp64\\www\\c...', 25, Array)
#1 C:\wamp64\www\conquest-remastered-website\system\CodeIgniter.php(802): App\Controllers\Home->index()
#2 C:\wamp64\www\conquest-remastered-website\system\CodeIgniter.php(399): CodeIgniter\CodeIgniter->runController(Object(App\Controllers\Home))
#3 C:\wamp64\www\conquest-remastered-website\system\CodeIgniter.php(317): CodeIgniter\CodeIgniter->handleRequest(NULL, Object(Config\Cache), false)
#4 C:\wamp64\www\conquest-remastered-website\public\index.php(37): CodeIgniter\CodeIgniter->run()
#5 C:\wamp64\www\conquest-remastered-website\system\Commands\Server\rewrite.php(43): require_once('C:\\wamp64\\www\\c...')
#6 {main}
CRITICAL - 2021-09-26 15:56:45 --> Call to undefined function loginbutton()
#0 C:\wamp64\www\conquest-remastered-website\system\View\View.php(214): include()
#1 C:\wamp64\www\conquest-remastered-website\system\View\View.php(217): CodeIgniter\View\View->CodeIgniter\View\{closure}()
#2 C:\wamp64\www\conquest-remastered-website\system\Common.php(1092): CodeIgniter\View\View->render('Base/Header', Array, true)
#3 C:\wamp64\www\conquest-remastered-website\app\Views\welcome_message.php(1): view('Base/Header')
#4 C:\wamp64\www\conquest-remastered-website\system\View\View.php(214): include('C:\\wamp64\\www\\c...')
#5 C:\wamp64\www\conquest-remastered-website\system\View\View.php(217): CodeIgniter\View\View->CodeIgniter\View\{closure}()
#6 C:\wamp64\www\conquest-remastered-website\system\Common.php(1092): CodeIgniter\View\View->render('welcome_message', Array, true)
#7 C:\wamp64\www\conquest-remastered-website\app\Controllers\Home.php(20): view('welcome_message', Array)
#8 C:\wamp64\www\conquest-remastered-website\system\CodeIgniter.php(802): App\Controllers\Home->index()
#9 C:\wamp64\www\conquest-remastered-website\system\CodeIgniter.php(399): CodeIgniter\CodeIgniter->runController(Object(App\Controllers\Home))
#10 C:\wamp64\www\conquest-remastered-website\system\CodeIgniter.php(317): CodeIgniter\CodeIgniter->handleRequest(NULL, Object(Config\Cache), false)
#11 C:\wamp64\www\conquest-remastered-website\public\index.php(37): CodeIgniter\CodeIgniter->run()
#12 C:\wamp64\www\conquest-remastered-website\system\Commands\Server\rewrite.php(43): require_once('C:\\wamp64\\www\\c...')
#13 {main}
CRITICAL - 2021-09-26 15:57:52 --> Undefined index: display_name
#0 C:\wamp64\www\conquest-remastered-website\app\Views\Base\Header.php(46): CodeIgniter\Debug\Exceptions->errorHandler(8, 'Undefined index...', 'C:\\wamp64\\www\\c...', 46, Array)
#1 C:\wamp64\www\conquest-remastered-website\system\View\View.php(214): include('C:\\wamp64\\www\\c...')
#2 C:\wamp64\www\conquest-remastered-website\system\View\View.php(217): CodeIgniter\View\View->CodeIgniter\View\{closure}()
#3 C:\wamp64\www\conquest-remastered-website\system\Common.php(1092): CodeIgniter\View\View->render('Base/Header', Array, true)
#4 C:\wamp64\www\conquest-remastered-website\app\Views\welcome_message.php(1): view('Base/Header')
#5 C:\wamp64\www\conquest-remastered-website\system\View\View.php(214): include('C:\\wamp64\\www\\c...')
#6 C:\wamp64\www\conquest-remastered-website\system\View\View.php(217): CodeIgniter\View\View->CodeIgniter\View\{closure}()
#7 C:\wamp64\www\conquest-remastered-website\system\Common.php(1092): CodeIgniter\View\View->render('welcome_message', Array, true)
#8 C:\wamp64\www\conquest-remastered-website\app\Controllers\Home.php(19): view('welcome_message', Array)
#9 C:\wamp64\www\conquest-remastered-website\system\CodeIgniter.php(802): App\Controllers\Home->index()
#10 C:\wamp64\www\conquest-remastered-website\system\CodeIgniter.php(399): CodeIgniter\CodeIgniter->runController(Object(App\Controllers\Home))
#11 C:\wamp64\www\conquest-remastered-website\system\CodeIgniter.php(317): CodeIgniter\CodeIgniter->handleRequest(NULL, Object(Config\Cache), false)
#12 C:\wamp64\www\conquest-remastered-website\public\index.php(37): CodeIgniter\CodeIgniter->run()
#13 C:\wamp64\www\conquest-remastered-website\system\Commands\Server\rewrite.php(43): require_once('C:\\wamp64\\www\\c...')
#14 {main}
CRITICAL - 2021-09-26 16:25:24 --> Class 'App\Controllers\MatchesDataModel' not found
#0 C:\wamp64\www\conquest-remastered-website\system\CodeIgniter.php(802): App\Controllers\Home->index()
#1 C:\wamp64\www\conquest-remastered-website\system\CodeIgniter.php(399): CodeIgniter\CodeIgniter->runController(Object(App\Controllers\Home))
#2 C:\wamp64\www\conquest-remastered-website\system\CodeIgniter.php(317): CodeIgniter\CodeIgniter->handleRequest(NULL, Object(Config\Cache), false)
#3 C:\wamp64\www\conquest-remastered-website\public\index.php(37): CodeIgniter\CodeIgniter->run()
#4 C:\wamp64\www\conquest-remastered-website\system\Commands\Server\rewrite.php(43): require_once('C:\\wamp64\\www\\c...')
#5 {main}
CRITICAL - 2021-09-26 16:28:16 --> Class 'App\Models\BaseController' not found
#0 C:\wamp64\www\conquest-remastered-website\system\Autoloader\Autoloader.php(264): include_once()
#1 C:\wamp64\www\conquest-remastered-website\system\Autoloader\Autoloader.php(241): CodeIgniter\Autoloader\Autoloader->includeFile('C:\\wamp64\\www\\c...')
#2 C:\wamp64\www\conquest-remastered-website\system\Autoloader\Autoloader.php(219): CodeIgniter\Autoloader\Autoloader->loadInNamespace('App\\Controllers...')
#3 [internal function]: CodeIgniter\Autoloader\Autoloader->loadClass('App\\Controllers...')
#4 [internal function]: spl_autoload_call('App\\Controllers...')
#5 C:\wamp64\www\conquest-remastered-website\system\CodeIgniter.php(767): class_exists('\\App\\Controller...', true)
#6 C:\wamp64\www\conquest-remastered-website\system\CodeIgniter.php(386): CodeIgniter\CodeIgniter->startController()
#7 C:\wamp64\www\conquest-remastered-website\system\CodeIgniter.php(317): CodeIgniter\CodeIgniter->handleRequest(NULL, Object(Config\Cache), false)
#8 C:\wamp64\www\conquest-remastered-website\public\index.php(37): CodeIgniter\CodeIgniter->run()
#9 C:\wamp64\www\conquest-remastered-website\system\Commands\Server\rewrite.php(43): require_once('C:\\wamp64\\www\\c...')
#10 {main}
CRITICAL - 2021-09-26 16:31:33 --> Undefined variable: topaccount
#0 C:\wamp64\www\conquest-remastered-website\app\Views\welcome_message.php(27): CodeIgniter\Debug\Exceptions->errorHandler(8, 'Undefined varia...', 'C:\\wamp64\\www\\c...', 27, Array)
#1 C:\wamp64\www\conquest-remastered-website\system\View\View.php(214): include('C:\\wamp64\\www\\c...')
#2 C:\wamp64\www\conquest-remastered-website\system\View\View.php(217): CodeIgniter\View\View->CodeIgniter\View\{closure}()
#3 C:\wamp64\www\conquest-remastered-website\system\Common.php(1092): CodeIgniter\View\View->render('welcome_message', Array, true)
#4 C:\wamp64\www\conquest-remastered-website\app\Controllers\Home.php(23): view('welcome_message', Array)
#5 C:\wamp64\www\conquest-remastered-website\system\CodeIgniter.php(802): App\Controllers\Home->index()
#6 C:\wamp64\www\conquest-remastered-website\system\CodeIgniter.php(399): CodeIgniter\CodeIgniter->runController(Object(App\Controllers\Home))
#7 C:\wamp64\www\conquest-remastered-website\system\CodeIgniter.php(317): CodeIgniter\CodeIgniter->handleRequest(NULL, Object(Config\Cache), false)
#8 C:\wamp64\www\conquest-remastered-website\public\index.php(37): CodeIgniter\CodeIgniter->run()
#9 C:\wamp64\www\conquest-remastered-website\system\Commands\Server\rewrite.php(43): require_once('C:\\wamp64\\www\\c...')
#10 {main}
CRITICAL - 2021-09-26 23:59:44 --> Undefined variable: topaccounts
#0 C:\wamp64\www\conquest-remastered-website\app\Views\welcome_message.php(27): CodeIgniter\Debug\Exceptions->errorHandler(8, 'Undefined varia...', 'C:\\wamp64\\www\\c...', 27, Array)
#1 C:\wamp64\www\conquest-remastered-website\system\View\View.php(214): include('C:\\wamp64\\www\\c...')
#2 C:\wamp64\www\conquest-remastered-website\system\View\View.php(217): CodeIgniter\View\View->CodeIgniter\View\{closure}()
#3 C:\wamp64\www\conquest-remastered-website\system\Common.php(1092): CodeIgniter\View\View->render('welcome_message', Array, true)
#4 C:\wamp64\www\conquest-remastered-website\app\Controllers\Home.php(24): view('welcome_message', Array)
#5 C:\wamp64\www\conquest-remastered-website\system\CodeIgniter.php(802): App\Controllers\Home->index()
#6 C:\wamp64\www\conquest-remastered-website\system\CodeIgniter.php(399): CodeIgniter\CodeIgniter->runController(Object(App\Controllers\Home))
#7 C:\wamp64\www\conquest-remastered-website\system\CodeIgniter.php(317): CodeIgniter\CodeIgniter->handleRequest(NULL, Object(Config\Cache), false)
#8 C:\wamp64\www\conquest-remastered-website\public\index.php(37): CodeIgniter\CodeIgniter->run()
#9 C:\wamp64\www\conquest-remastered-website\system\Commands\Server\rewrite.php(43): require_once('C:\\wamp64\\www\\c...')
#10 {main}
CRITICAL - 2021-09-26 23:59:58 --> Object of class App\Models\MatchesDataModel could not be converted to string
#0 C:\wamp64\www\conquest-remastered-website\app\Models\MatchesDataModel.php(30): CodeIgniter\Debug\Exceptions->errorHandler(4096, 'Object of class...', 'C:\\wamp64\\www\\c...', 30, Array)
#1 C:\wamp64\www\conquest-remastered-website\app\Controllers\Home.php(22): App\Models\MatchesDataModel->GetTopAccounts()
#2 C:\wamp64\www\conquest-remastered-website\system\CodeIgniter.php(802): App\Controllers\Home->index()
#3 C:\wamp64\www\conquest-remastered-website\system\CodeIgniter.php(399): CodeIgniter\CodeIgniter->runController(Object(App\Controllers\Home))
#4 C:\wamp64\www\conquest-remastered-website\system\CodeIgniter.php(317): CodeIgniter\CodeIgniter->handleRequest(NULL, Object(Config\Cache), false)
#5 C:\wamp64\www\conquest-remastered-website\public\index.php(37): CodeIgniter\CodeIgniter->run()
#6 C:\wamp64\www\conquest-remastered-website\system\Commands\Server\rewrite.php(43): require_once('C:\\wamp64\\www\\c...')
#7 {main}
