CRITICAL - 2021-09-18 18:30:54 --> Cannot use object of type stdClass as array
#0 C:\wamp64\www\Progra Web 2\system\CodeIgniter.php(802): App\Controllers\Auth->AttemptLogin()
#1 C:\wamp64\www\Progra Web 2\system\CodeIgniter.php(399): CodeIgniter\CodeIgniter->runController(Object(App\Controllers\Auth))
#2 C:\wamp64\www\Progra Web 2\system\CodeIgniter.php(317): CodeIgniter\CodeIgniter->handleRequest(NULL, Object(Config\Cache), false)
#3 C:\wamp64\www\Progra Web 2\public\index.php(37): CodeIgniter\CodeIgniter->run()
#4 C:\wamp64\www\Progra Web 2\system\Commands\Server\rewrite.php(43): require_once('C:\\wamp64\\www\\P...')
#5 {main}
CRITICAL - 2021-09-18 18:31:09 --> Cannot use object of type stdClass as array
#0 C:\wamp64\www\Progra Web 2\system\CodeIgniter.php(802): App\Controllers\Auth->AttemptLogin()
#1 C:\wamp64\www\Progra Web 2\system\CodeIgniter.php(399): CodeIgniter\CodeIgniter->runController(Object(App\Controllers\Auth))
#2 C:\wamp64\www\Progra Web 2\system\CodeIgniter.php(317): CodeIgniter\CodeIgniter->handleRequest(NULL, Object(Config\Cache), false)
#3 C:\wamp64\www\Progra Web 2\public\index.php(37): CodeIgniter\CodeIgniter->run()
#4 C:\wamp64\www\Progra Web 2\system\Commands\Server\rewrite.php(43): require_once('C:\\wamp64\\www\\P...')
#5 {main}
CRITICAL - 2021-09-18 18:31:13 --> Cannot use object of type stdClass as array
#0 C:\wamp64\www\Progra Web 2\system\CodeIgniter.php(802): App\Controllers\Auth->AttemptLogin()
#1 C:\wamp64\www\Progra Web 2\system\CodeIgniter.php(399): CodeIgniter\CodeIgniter->runController(Object(App\Controllers\Auth))
#2 C:\wamp64\www\Progra Web 2\system\CodeIgniter.php(317): CodeIgniter\CodeIgniter->handleRequest(NULL, Object(Config\Cache), false)
#3 C:\wamp64\www\Progra Web 2\public\index.php(37): CodeIgniter\CodeIgniter->run()
#4 C:\wamp64\www\Progra Web 2\system\Commands\Server\rewrite.php(43): require_once('C:\\wamp64\\www\\P...')
#5 {main}
CRITICAL - 2021-09-18 18:31:26 --> Cannot use object of type stdClass as array
#0 C:\wamp64\www\Progra Web 2\system\CodeIgniter.php(802): App\Controllers\Auth->AttemptLogin()
#1 C:\wamp64\www\Progra Web 2\system\CodeIgniter.php(399): CodeIgniter\CodeIgniter->runController(Object(App\Controllers\Auth))
#2 C:\wamp64\www\Progra Web 2\system\CodeIgniter.php(317): CodeIgniter\CodeIgniter->handleRequest(NULL, Object(Config\Cache), false)
#3 C:\wamp64\www\Progra Web 2\public\index.php(37): CodeIgniter\CodeIgniter->run()
#4 C:\wamp64\www\Progra Web 2\system\Commands\Server\rewrite.php(43): require_once('C:\\wamp64\\www\\P...')
#5 {main}
CRITICAL - 2021-09-18 18:53:32 --> Call to undefined method App\Controllers\Auth::session()
#0 C:\wamp64\www\Progra Web 2\app\Controllers\Auth.php(33): App\Controllers\Auth->logged_in()
#1 C:\wamp64\www\Progra Web 2\system\CodeIgniter.php(802): App\Controllers\Auth->AttemptLogin()
#2 C:\wamp64\www\Progra Web 2\system\CodeIgniter.php(399): CodeIgniter\CodeIgniter->runController(Object(App\Controllers\Auth))
#3 C:\wamp64\www\Progra Web 2\system\CodeIgniter.php(317): CodeIgniter\CodeIgniter->handleRequest(NULL, Object(Config\Cache), false)
#4 C:\wamp64\www\Progra Web 2\public\index.php(37): CodeIgniter\CodeIgniter->run()
#5 C:\wamp64\www\Progra Web 2\system\Commands\Server\rewrite.php(43): require_once('C:\\wamp64\\www\\P...')
#6 {main}
CRITICAL - 2021-09-18 18:53:35 --> Call to undefined method App\Controllers\Auth::session()
#0 C:\wamp64\www\Progra Web 2\system\CodeIgniter.php(802): App\Controllers\Auth->Login()
#1 C:\wamp64\www\Progra Web 2\system\CodeIgniter.php(399): CodeIgniter\CodeIgniter->runController(Object(App\Controllers\Auth))
#2 C:\wamp64\www\Progra Web 2\system\CodeIgniter.php(317): CodeIgniter\CodeIgniter->handleRequest(NULL, Object(Config\Cache), false)
#3 C:\wamp64\www\Progra Web 2\public\index.php(37): CodeIgniter\CodeIgniter->run()
#4 C:\wamp64\www\Progra Web 2\system\Commands\Server\rewrite.php(43): require_once('C:\\wamp64\\www\\P...')
#5 {main}
CRITICAL - 2021-09-18 18:53:36 --> Call to undefined method App\Controllers\Auth::session()
#0 C:\wamp64\www\Progra Web 2\system\CodeIgniter.php(802): App\Controllers\Auth->Login()
#1 C:\wamp64\www\Progra Web 2\system\CodeIgniter.php(399): CodeIgniter\CodeIgniter->runController(Object(App\Controllers\Auth))
#2 C:\wamp64\www\Progra Web 2\system\CodeIgniter.php(317): CodeIgniter\CodeIgniter->handleRequest(NULL, Object(Config\Cache), false)
#3 C:\wamp64\www\Progra Web 2\public\index.php(37): CodeIgniter\CodeIgniter->run()
#4 C:\wamp64\www\Progra Web 2\system\Commands\Server\rewrite.php(43): require_once('C:\\wamp64\\www\\P...')
#5 {main}
CRITICAL - 2021-09-18 18:53:37 --> Call to undefined method App\Controllers\Auth::session()
#0 C:\wamp64\www\Progra Web 2\system\CodeIgniter.php(802): App\Controllers\Auth->Login()
#1 C:\wamp64\www\Progra Web 2\system\CodeIgniter.php(399): CodeIgniter\CodeIgniter->runController(Object(App\Controllers\Auth))
#2 C:\wamp64\www\Progra Web 2\system\CodeIgniter.php(317): CodeIgniter\CodeIgniter->handleRequest(NULL, Object(Config\Cache), false)
#3 C:\wamp64\www\Progra Web 2\public\index.php(37): CodeIgniter\CodeIgniter->run()
#4 C:\wamp64\www\Progra Web 2\system\Commands\Server\rewrite.php(43): require_once('C:\\wamp64\\www\\P...')
#5 {main}
CRITICAL - 2021-09-18 18:53:39 --> Call to undefined method App\Controllers\Auth::session()
#0 C:\wamp64\www\Progra Web 2\system\CodeIgniter.php(802): App\Controllers\Auth->Login()
#1 C:\wamp64\www\Progra Web 2\system\CodeIgniter.php(399): CodeIgniter\CodeIgniter->runController(Object(App\Controllers\Auth))
#2 C:\wamp64\www\Progra Web 2\system\CodeIgniter.php(317): CodeIgniter\CodeIgniter->handleRequest(NULL, Object(Config\Cache), false)
#3 C:\wamp64\www\Progra Web 2\public\index.php(37): CodeIgniter\CodeIgniter->run()
#4 C:\wamp64\www\Progra Web 2\system\Commands\Server\rewrite.php(43): require_once('C:\\wamp64\\www\\P...')
#5 {main}
CRITICAL - 2021-09-18 18:53:39 --> Call to undefined method App\Controllers\Auth::session()
#0 C:\wamp64\www\Progra Web 2\system\CodeIgniter.php(802): App\Controllers\Auth->Login()
#1 C:\wamp64\www\Progra Web 2\system\CodeIgniter.php(399): CodeIgniter\CodeIgniter->runController(Object(App\Controllers\Auth))
#2 C:\wamp64\www\Progra Web 2\system\CodeIgniter.php(317): CodeIgniter\CodeIgniter->handleRequest(NULL, Object(Config\Cache), false)
#3 C:\wamp64\www\Progra Web 2\public\index.php(37): CodeIgniter\CodeIgniter->run()
#4 C:\wamp64\www\Progra Web 2\system\Commands\Server\rewrite.php(43): require_once('C:\\wamp64\\www\\P...')
#5 {main}
CRITICAL - 2021-09-18 18:54:20 --> Call to undefined method App\Controllers\Auth::session()
#0 C:\wamp64\www\Progra Web 2\system\CodeIgniter.php(802): App\Controllers\Auth->Login()
#1 C:\wamp64\www\Progra Web 2\system\CodeIgniter.php(399): CodeIgniter\CodeIgniter->runController(Object(App\Controllers\Auth))
#2 C:\wamp64\www\Progra Web 2\system\CodeIgniter.php(317): CodeIgniter\CodeIgniter->handleRequest(NULL, Object(Config\Cache), false)
#3 C:\wamp64\www\Progra Web 2\public\index.php(37): CodeIgniter\CodeIgniter->run()
#4 C:\wamp64\www\Progra Web 2\system\Commands\Server\rewrite.php(43): require_once('C:\\wamp64\\www\\P...')
#5 {main}
CRITICAL - 2021-09-18 18:54:20 --> Call to undefined method App\Controllers\Auth::session()
#0 C:\wamp64\www\Progra Web 2\system\CodeIgniter.php(802): App\Controllers\Auth->Login()
#1 C:\wamp64\www\Progra Web 2\system\CodeIgniter.php(399): CodeIgniter\CodeIgniter->runController(Object(App\Controllers\Auth))
#2 C:\wamp64\www\Progra Web 2\system\CodeIgniter.php(317): CodeIgniter\CodeIgniter->handleRequest(NULL, Object(Config\Cache), false)
#3 C:\wamp64\www\Progra Web 2\public\index.php(37): CodeIgniter\CodeIgniter->run()
#4 C:\wamp64\www\Progra Web 2\system\Commands\Server\rewrite.php(43): require_once('C:\\wamp64\\www\\P...')
#5 {main}
CRITICAL - 2021-09-18 18:54:21 --> Call to undefined method App\Controllers\Auth::session()
#0 C:\wamp64\www\Progra Web 2\system\CodeIgniter.php(802): App\Controllers\Auth->Login()
#1 C:\wamp64\www\Progra Web 2\system\CodeIgniter.php(399): CodeIgniter\CodeIgniter->runController(Object(App\Controllers\Auth))
#2 C:\wamp64\www\Progra Web 2\system\CodeIgniter.php(317): CodeIgniter\CodeIgniter->handleRequest(NULL, Object(Config\Cache), false)
#3 C:\wamp64\www\Progra Web 2\public\index.php(37): CodeIgniter\CodeIgniter->run()
#4 C:\wamp64\www\Progra Web 2\system\Commands\Server\rewrite.php(43): require_once('C:\\wamp64\\www\\P...')
#5 {main}
CRITICAL - 2021-09-18 18:55:49 --> Call to undefined method App\Controllers\Auth::session()
#0 C:\wamp64\www\Progra Web 2\system\CodeIgniter.php(802): App\Controllers\Auth->Login()
#1 C:\wamp64\www\Progra Web 2\system\CodeIgniter.php(399): CodeIgniter\CodeIgniter->runController(Object(App\Controllers\Auth))
#2 C:\wamp64\www\Progra Web 2\system\CodeIgniter.php(317): CodeIgniter\CodeIgniter->handleRequest(NULL, Object(Config\Cache), false)
#3 C:\wamp64\www\Progra Web 2\public\index.php(37): CodeIgniter\CodeIgniter->run()
#4 C:\wamp64\www\Progra Web 2\system\Commands\Server\rewrite.php(43): require_once('C:\\wamp64\\www\\P...')
#5 {main}
CRITICAL - 2021-09-18 18:55:50 --> Call to undefined method App\Controllers\Auth::session()
#0 C:\wamp64\www\Progra Web 2\system\CodeIgniter.php(802): App\Controllers\Auth->Login()
#1 C:\wamp64\www\Progra Web 2\system\CodeIgniter.php(399): CodeIgniter\CodeIgniter->runController(Object(App\Controllers\Auth))
#2 C:\wamp64\www\Progra Web 2\system\CodeIgniter.php(317): CodeIgniter\CodeIgniter->handleRequest(NULL, Object(Config\Cache), false)
#3 C:\wamp64\www\Progra Web 2\public\index.php(37): CodeIgniter\CodeIgniter->run()
#4 C:\wamp64\www\Progra Web 2\system\Commands\Server\rewrite.php(43): require_once('C:\\wamp64\\www\\P...')
#5 {main}
CRITICAL - 2021-09-18 18:58:01 --> Call to undefined method App\Controllers\Auth::session()
#0 C:\wamp64\www\Progra Web 2\system\CodeIgniter.php(802): App\Controllers\Auth->Login()
#1 C:\wamp64\www\Progra Web 2\system\CodeIgniter.php(399): CodeIgniter\CodeIgniter->runController(Object(App\Controllers\Auth))
#2 C:\wamp64\www\Progra Web 2\system\CodeIgniter.php(317): CodeIgniter\CodeIgniter->handleRequest(NULL, Object(Config\Cache), false)
#3 C:\wamp64\www\Progra Web 2\public\index.php(37): CodeIgniter\CodeIgniter->run()
#4 C:\wamp64\www\Progra Web 2\system\Commands\Server\rewrite.php(43): require_once('C:\\wamp64\\www\\P...')
#5 {main}
CRITICAL - 2021-09-18 18:58:02 --> Call to undefined method App\Controllers\Auth::session()
#0 C:\wamp64\www\Progra Web 2\system\CodeIgniter.php(802): App\Controllers\Auth->Login()
#1 C:\wamp64\www\Progra Web 2\system\CodeIgniter.php(399): CodeIgniter\CodeIgniter->runController(Object(App\Controllers\Auth))
#2 C:\wamp64\www\Progra Web 2\system\CodeIgniter.php(317): CodeIgniter\CodeIgniter->handleRequest(NULL, Object(Config\Cache), false)
#3 C:\wamp64\www\Progra Web 2\public\index.php(37): CodeIgniter\CodeIgniter->run()
#4 C:\wamp64\www\Progra Web 2\system\Commands\Server\rewrite.php(43): require_once('C:\\wamp64\\www\\P...')
#5 {main}
CRITICAL - 2021-09-18 19:18:48 --> Undefined variable: sex
#0 C:\wamp64\www\Progra Web 2\app\Views\welcome_message.php(11): CodeIgniter\Debug\Exceptions->errorHandler(8, 'Undefined varia...', 'C:\\wamp64\\www\\P...', 11, Array)
#1 C:\wamp64\www\Progra Web 2\system\View\View.php(214): include('C:\\wamp64\\www\\P...')
#2 C:\wamp64\www\Progra Web 2\system\View\View.php(217): CodeIgniter\View\View->CodeIgniter\View\{closure}()
#3 C:\wamp64\www\Progra Web 2\system\Common.php(1092): CodeIgniter\View\View->render('welcome_message', Array, true)
#4 C:\wamp64\www\Progra Web 2\app\Controllers\Home.php(20): view('welcome_message')
#5 C:\wamp64\www\Progra Web 2\system\CodeIgniter.php(802): App\Controllers\Home->index()
#6 C:\wamp64\www\Progra Web 2\system\CodeIgniter.php(399): CodeIgniter\CodeIgniter->runController(Object(App\Controllers\Home))
#7 C:\wamp64\www\Progra Web 2\system\CodeIgniter.php(317): CodeIgniter\CodeIgniter->handleRequest(NULL, Object(Config\Cache), false)
#8 C:\wamp64\www\Progra Web 2\public\index.php(37): CodeIgniter\CodeIgniter->run()
#9 C:\wamp64\www\Progra Web 2\system\Commands\Server\rewrite.php(43): require_once('C:\\wamp64\\www\\P...')
#10 {main}
CRITICAL - 2021-09-18 19:19:16 --> Undefined variable: sex
#0 C:\wamp64\www\Progra Web 2\app\Views\welcome_message.php(11): CodeIgniter\Debug\Exceptions->errorHandler(8, 'Undefined varia...', 'C:\\wamp64\\www\\P...', 11, Array)
#1 C:\wamp64\www\Progra Web 2\system\View\View.php(214): include('C:\\wamp64\\www\\P...')
#2 C:\wamp64\www\Progra Web 2\system\View\View.php(217): CodeIgniter\View\View->CodeIgniter\View\{closure}()
#3 C:\wamp64\www\Progra Web 2\system\Common.php(1092): CodeIgniter\View\View->render('welcome_message', Array, true)
#4 C:\wamp64\www\Progra Web 2\app\Controllers\Home.php(20): view('welcome_message')
#5 C:\wamp64\www\Progra Web 2\system\CodeIgniter.php(802): App\Controllers\Home->index()
#6 C:\wamp64\www\Progra Web 2\system\CodeIgniter.php(399): CodeIgniter\CodeIgniter->runController(Object(App\Controllers\Home))
#7 C:\wamp64\www\Progra Web 2\system\CodeIgniter.php(317): CodeIgniter\CodeIgniter->handleRequest(NULL, Object(Config\Cache), false)
#8 C:\wamp64\www\Progra Web 2\public\index.php(37): CodeIgniter\CodeIgniter->run()
#9 C:\wamp64\www\Progra Web 2\system\Commands\Server\rewrite.php(43): require_once('C:\\wamp64\\www\\P...')
#10 {main}
CRITICAL - 2021-09-18 19:19:17 --> Undefined variable: sex
#0 C:\wamp64\www\Progra Web 2\app\Views\welcome_message.php(11): CodeIgniter\Debug\Exceptions->errorHandler(8, 'Undefined varia...', 'C:\\wamp64\\www\\P...', 11, Array)
#1 C:\wamp64\www\Progra Web 2\system\View\View.php(214): include('C:\\wamp64\\www\\P...')
#2 C:\wamp64\www\Progra Web 2\system\View\View.php(217): CodeIgniter\View\View->CodeIgniter\View\{closure}()
#3 C:\wamp64\www\Progra Web 2\system\Common.php(1092): CodeIgniter\View\View->render('welcome_message', Array, true)
#4 C:\wamp64\www\Progra Web 2\app\Controllers\Home.php(20): view('welcome_message')
#5 C:\wamp64\www\Progra Web 2\system\CodeIgniter.php(802): App\Controllers\Home->index()
#6 C:\wamp64\www\Progra Web 2\system\CodeIgniter.php(399): CodeIgniter\CodeIgniter->runController(Object(App\Controllers\Home))
#7 C:\wamp64\www\Progra Web 2\system\CodeIgniter.php(317): CodeIgniter\CodeIgniter->handleRequest(NULL, Object(Config\Cache), false)
#8 C:\wamp64\www\Progra Web 2\public\index.php(37): CodeIgniter\CodeIgniter->run()
#9 C:\wamp64\www\Progra Web 2\system\Commands\Server\rewrite.php(43): require_once('C:\\wamp64\\www\\P...')
#10 {main}
CRITICAL - 2021-09-18 19:19:49 --> Undefined variable: sex
#0 C:\wamp64\www\Progra Web 2\app\Views\welcome_message.php(11): CodeIgniter\Debug\Exceptions->errorHandler(8, 'Undefined varia...', 'C:\\wamp64\\www\\P...', 11, Array)
#1 C:\wamp64\www\Progra Web 2\system\View\View.php(214): include('C:\\wamp64\\www\\P...')
#2 C:\wamp64\www\Progra Web 2\system\View\View.php(217): CodeIgniter\View\View->CodeIgniter\View\{closure}()
#3 C:\wamp64\www\Progra Web 2\system\Common.php(1092): CodeIgniter\View\View->render('welcome_message', Array, true)
#4 C:\wamp64\www\Progra Web 2\app\Controllers\Home.php(20): view('welcome_message')
#5 C:\wamp64\www\Progra Web 2\system\CodeIgniter.php(802): App\Controllers\Home->index()
#6 C:\wamp64\www\Progra Web 2\system\CodeIgniter.php(399): CodeIgniter\CodeIgniter->runController(Object(App\Controllers\Home))
#7 C:\wamp64\www\Progra Web 2\system\CodeIgniter.php(317): CodeIgniter\CodeIgniter->handleRequest(NULL, Object(Config\Cache), false)
#8 C:\wamp64\www\Progra Web 2\public\index.php(37): CodeIgniter\CodeIgniter->run()
#9 C:\wamp64\www\Progra Web 2\system\Commands\Server\rewrite.php(43): require_once('C:\\wamp64\\www\\P...')
#10 {main}
CRITICAL - 2021-09-18 19:19:51 --> Undefined variable: sex
#0 C:\wamp64\www\Progra Web 2\app\Views\welcome_message.php(11): CodeIgniter\Debug\Exceptions->errorHandler(8, 'Undefined varia...', 'C:\\wamp64\\www\\P...', 11, Array)
#1 C:\wamp64\www\Progra Web 2\system\View\View.php(214): include('C:\\wamp64\\www\\P...')
#2 C:\wamp64\www\Progra Web 2\system\View\View.php(217): CodeIgniter\View\View->CodeIgniter\View\{closure}()
#3 C:\wamp64\www\Progra Web 2\system\Common.php(1092): CodeIgniter\View\View->render('welcome_message', Array, true)
#4 C:\wamp64\www\Progra Web 2\app\Controllers\Home.php(20): view('welcome_message')
#5 C:\wamp64\www\Progra Web 2\system\CodeIgniter.php(802): App\Controllers\Home->index()
#6 C:\wamp64\www\Progra Web 2\system\CodeIgniter.php(399): CodeIgniter\CodeIgniter->runController(Object(App\Controllers\Home))
#7 C:\wamp64\www\Progra Web 2\system\CodeIgniter.php(317): CodeIgniter\CodeIgniter->handleRequest(NULL, Object(Config\Cache), false)
#8 C:\wamp64\www\Progra Web 2\public\index.php(37): CodeIgniter\CodeIgniter->run()
#9 C:\wamp64\www\Progra Web 2\system\Commands\Server\rewrite.php(43): require_once('C:\\wamp64\\www\\P...')
#10 {main}
CRITICAL - 2021-09-18 19:25:05 --> syntax error, unexpected '->' (T_OBJECT_OPERATOR), expecting ')'
#0 C:\wamp64\www\Progra Web 2\system\Autoloader\Autoloader.php(241): CodeIgniter\Autoloader\Autoloader->includeFile('C:\\wamp64\\www\\P...')
#1 C:\wamp64\www\Progra Web 2\system\Autoloader\Autoloader.php(219): CodeIgniter\Autoloader\Autoloader->loadInNamespace('App\\Controllers...')
#2 [internal function]: CodeIgniter\Autoloader\Autoloader->loadClass('App\\Controllers...')
#3 [internal function]: spl_autoload_call('App\\Controllers...')
#4 C:\wamp64\www\Progra Web 2\system\CodeIgniter.php(767): class_exists('\\App\\Controller...', true)
#5 C:\wamp64\www\Progra Web 2\system\CodeIgniter.php(386): CodeIgniter\CodeIgniter->startController()
#6 C:\wamp64\www\Progra Web 2\system\CodeIgniter.php(317): CodeIgniter\CodeIgniter->handleRequest(NULL, Object(Config\Cache), false)
#7 C:\wamp64\www\Progra Web 2\public\index.php(37): CodeIgniter\CodeIgniter->run()
#8 C:\wamp64\www\Progra Web 2\system\Commands\Server\rewrite.php(43): require_once('C:\\wamp64\\www\\P...')
#9 {main}
CRITICAL - 2021-09-18 19:25:11 --> syntax error, unexpected '->' (T_OBJECT_OPERATOR), expecting ')'
#0 C:\wamp64\www\Progra Web 2\system\Autoloader\Autoloader.php(241): CodeIgniter\Autoloader\Autoloader->includeFile('C:\\wamp64\\www\\P...')
#1 C:\wamp64\www\Progra Web 2\system\Autoloader\Autoloader.php(219): CodeIgniter\Autoloader\Autoloader->loadInNamespace('App\\Controllers...')
#2 [internal function]: CodeIgniter\Autoloader\Autoloader->loadClass('App\\Controllers...')
#3 [internal function]: spl_autoload_call('App\\Controllers...')
#4 C:\wamp64\www\Progra Web 2\system\CodeIgniter.php(767): class_exists('\\App\\Controller...', true)
#5 C:\wamp64\www\Progra Web 2\system\CodeIgniter.php(386): CodeIgniter\CodeIgniter->startController()
#6 C:\wamp64\www\Progra Web 2\system\CodeIgniter.php(317): CodeIgniter\CodeIgniter->handleRequest(NULL, Object(Config\Cache), false)
#7 C:\wamp64\www\Progra Web 2\public\index.php(37): CodeIgniter\CodeIgniter->run()
#8 C:\wamp64\www\Progra Web 2\system\Commands\Server\rewrite.php(43): require_once('C:\\wamp64\\www\\P...')
#9 {main}
CRITICAL - 2021-09-18 19:25:34 --> syntax error, unexpected '->' (T_OBJECT_OPERATOR), expecting ')'
#0 C:\wamp64\www\Progra Web 2\system\Autoloader\Autoloader.php(241): CodeIgniter\Autoloader\Autoloader->includeFile('C:\\wamp64\\www\\P...')
#1 C:\wamp64\www\Progra Web 2\system\Autoloader\Autoloader.php(219): CodeIgniter\Autoloader\Autoloader->loadInNamespace('App\\Controllers...')
#2 [internal function]: CodeIgniter\Autoloader\Autoloader->loadClass('App\\Controllers...')
#3 [internal function]: spl_autoload_call('App\\Controllers...')
#4 C:\wamp64\www\Progra Web 2\system\CodeIgniter.php(767): class_exists('\\App\\Controller...', true)
#5 C:\wamp64\www\Progra Web 2\system\CodeIgniter.php(386): CodeIgniter\CodeIgniter->startController()
#6 C:\wamp64\www\Progra Web 2\system\CodeIgniter.php(317): CodeIgniter\CodeIgniter->handleRequest(NULL, Object(Config\Cache), false)
#7 C:\wamp64\www\Progra Web 2\public\index.php(37): CodeIgniter\CodeIgniter->run()
#8 C:\wamp64\www\Progra Web 2\system\Commands\Server\rewrite.php(43): require_once('C:\\wamp64\\www\\P...')
#9 {main}
CRITICAL - 2021-09-18 19:39:24 --> Class 'App\Controllers\ProfileModel' not found
#0 C:\wamp64\www\Progra Web 2\app\Controllers\Home.php(16): App\Controllers\Auth->GetUserData()
#1 C:\wamp64\www\Progra Web 2\system\CodeIgniter.php(802): App\Controllers\Home->index()
#2 C:\wamp64\www\Progra Web 2\system\CodeIgniter.php(399): CodeIgniter\CodeIgniter->runController(Object(App\Controllers\Home))
#3 C:\wamp64\www\Progra Web 2\system\CodeIgniter.php(317): CodeIgniter\CodeIgniter->handleRequest(NULL, Object(Config\Cache), false)
#4 C:\wamp64\www\Progra Web 2\public\index.php(37): CodeIgniter\CodeIgniter->run()
#5 C:\wamp64\www\Progra Web 2\system\Commands\Server\rewrite.php(43): require_once('C:\\wamp64\\www\\P...')
#6 {main}
