CRITICAL - 2021-10-02 02:02:09 --> Undefined variable: data
#0 C:\wamp64\www\conquest-remastered-website\app\Views\gallery_view.php(7): CodeIgniter\Debug\Exceptions->errorHandler(8, 'Undefined varia...', 'C:\\wamp64\\www\\c...', 7, Array)
#1 C:\wamp64\www\conquest-remastered-website\system\View\View.php(214): include('C:\\wamp64\\www\\c...')
#2 C:\wamp64\www\conquest-remastered-website\system\View\View.php(217): CodeIgniter\View\View->CodeIgniter\View\{closure}()
#3 C:\wamp64\www\conquest-remastered-website\system\Common.php(1092): CodeIgniter\View\View->render('gallery_view', Array, true)
#4 C:\wamp64\www\conquest-remastered-website\app\Controllers\Gallery.php(20): view('gallery_view', Array)
#5 C:\wamp64\www\conquest-remastered-website\system\CodeIgniter.php(802): App\Controllers\Gallery->index()
#6 C:\wamp64\www\conquest-remastered-website\system\CodeIgniter.php(399): CodeIgniter\CodeIgniter->runController(Object(App\Controllers\Gallery))
#7 C:\wamp64\www\conquest-remastered-website\system\CodeIgniter.php(317): CodeIgniter\CodeIgniter->handleRequest(NULL, Object(Config\Cache), false)
#8 C:\wamp64\www\conquest-remastered-website\public\index.php(37): CodeIgniter\CodeIgniter->run()
#9 C:\wamp64\www\conquest-remastered-website\system\Commands\Server\rewrite.php(43): require_once('C:\\wamp64\\www\\c...')
#10 {main}
CRITICAL - 2021-10-02 02:02:34 --> Undefined variable: data
#0 C:\wamp64\www\conquest-remastered-website\app\Views\gallery_view.php(7): CodeIgniter\Debug\Exceptions->errorHandler(8, 'Undefined varia...', 'C:\\wamp64\\www\\c...', 7, Array)
#1 C:\wamp64\www\conquest-remastered-website\system\View\View.php(214): include('C:\\wamp64\\www\\c...')
#2 C:\wamp64\www\conquest-remastered-website\system\View\View.php(217): CodeIgniter\View\View->CodeIgniter\View\{closure}()
#3 C:\wamp64\www\conquest-remastered-website\system\Common.php(1092): CodeIgniter\View\View->render('gallery_view', Array, true)
#4 C:\wamp64\www\conquest-remastered-website\app\Controllers\Gallery.php(20): view('gallery_view', Array)
#5 C:\wamp64\www\conquest-remastered-website\system\CodeIgniter.php(802): App\Controllers\Gallery->index()
#6 C:\wamp64\www\conquest-remastered-website\system\CodeIgniter.php(399): CodeIgniter\CodeIgniter->runController(Object(App\Controllers\Gallery))
#7 C:\wamp64\www\conquest-remastered-website\system\CodeIgniter.php(317): CodeIgniter\CodeIgniter->handleRequest(NULL, Object(Config\Cache), false)
#8 C:\wamp64\www\conquest-remastered-website\public\index.php(37): CodeIgniter\CodeIgniter->run()
#9 C:\wamp64\www\conquest-remastered-website\system\Commands\Server\rewrite.php(43): require_once('C:\\wamp64\\www\\c...')
#10 {main}
CRITICAL - 2021-10-02 02:04:07 --> Use of undefined constant i - assumed 'i' (this will throw an Error in a future version of PHP)
#0 C:\wamp64\www\conquest-remastered-website\app\Views\gallery_view.php(9): CodeIgniter\Debug\Exceptions->errorHandler(2, 'Use of undefine...', 'C:\\wamp64\\www\\c...', 9, Array)
#1 C:\wamp64\www\conquest-remastered-website\system\View\View.php(214): include('C:\\wamp64\\www\\c...')
#2 C:\wamp64\www\conquest-remastered-website\system\View\View.php(217): CodeIgniter\View\View->CodeIgniter\View\{closure}()
#3 C:\wamp64\www\conquest-remastered-website\system\Common.php(1092): CodeIgniter\View\View->render('gallery_view', Array, true)
#4 C:\wamp64\www\conquest-remastered-website\app\Controllers\Gallery.php(20): view('gallery_view', Array)
#5 C:\wamp64\www\conquest-remastered-website\system\CodeIgniter.php(802): App\Controllers\Gallery->index()
#6 C:\wamp64\www\conquest-remastered-website\system\CodeIgniter.php(399): CodeIgniter\CodeIgniter->runController(Object(App\Controllers\Gallery))
#7 C:\wamp64\www\conquest-remastered-website\system\CodeIgniter.php(317): CodeIgniter\CodeIgniter->handleRequest(NULL, Object(Config\Cache), false)
#8 C:\wamp64\www\conquest-remastered-website\public\index.php(37): CodeIgniter\CodeIgniter->run()
#9 C:\wamp64\www\conquest-remastered-website\system\Commands\Server\rewrite.php(43): require_once('C:\\wamp64\\www\\c...')
#10 {main}
CRITICAL - 2021-10-02 02:06:39 --> Use of undefined constant images - assumed 'images' (this will throw an Error in a future version of PHP)
#0 C:\wamp64\www\conquest-remastered-website\app\Views\gallery_view.php(11): CodeIgniter\Debug\Exceptions->errorHandler(2, 'Use of undefine...', 'C:\\wamp64\\www\\c...', 11, Array)
#1 C:\wamp64\www\conquest-remastered-website\system\View\View.php(214): include('C:\\wamp64\\www\\c...')
#2 C:\wamp64\www\conquest-remastered-website\system\View\View.php(217): CodeIgniter\View\View->CodeIgniter\View\{closure}()
#3 C:\wamp64\www\conquest-remastered-website\system\Common.php(1092): CodeIgniter\View\View->render('gallery_view', Array, true)
#4 C:\wamp64\www\conquest-remastered-website\app\Controllers\Gallery.php(20): view('gallery_view', Array)
#5 C:\wamp64\www\conquest-remastered-website\system\CodeIgniter.php(802): App\Controllers\Gallery->index()
#6 C:\wamp64\www\conquest-remastered-website\system\CodeIgniter.php(399): CodeIgniter\CodeIgniter->runController(Object(App\Controllers\Gallery))
#7 C:\wamp64\www\conquest-remastered-website\system\CodeIgniter.php(317): CodeIgniter\CodeIgniter->handleRequest(NULL, Object(Config\Cache), false)
#8 C:\wamp64\www\conquest-remastered-website\public\index.php(37): CodeIgniter\CodeIgniter->run()
#9 C:\wamp64\www\conquest-remastered-website\system\Commands\Server\rewrite.php(43): require_once('C:\\wamp64\\www\\c...')
#10 {main}
CRITICAL - 2021-10-02 02:41:44 --> syntax error, unexpected end of file
#0 C:\wamp64\www\conquest-remastered-website\system\View\View.php(217): CodeIgniter\View\View->CodeIgniter\View\{closure}()
#1 C:\wamp64\www\conquest-remastered-website\system\Common.php(1092): CodeIgniter\View\View->render('gallery_view', Array, true)
#2 C:\wamp64\www\conquest-remastered-website\app\Controllers\Gallery.php(20): view('gallery_view', Array)
#3 C:\wamp64\www\conquest-remastered-website\system\CodeIgniter.php(802): App\Controllers\Gallery->index()
#4 C:\wamp64\www\conquest-remastered-website\system\CodeIgniter.php(399): CodeIgniter\CodeIgniter->runController(Object(App\Controllers\Gallery))
#5 C:\wamp64\www\conquest-remastered-website\system\CodeIgniter.php(317): CodeIgniter\CodeIgniter->handleRequest(NULL, Object(Config\Cache), false)
#6 C:\wamp64\www\conquest-remastered-website\public\index.php(37): CodeIgniter\CodeIgniter->run()
#7 C:\wamp64\www\conquest-remastered-website\system\Commands\Server\rewrite.php(43): require_once('C:\\wamp64\\www\\c...')
#8 {main}
CRITICAL - 2021-10-02 03:45:08 --> Undefined offset: 0
#0 C:\wamp64\www\conquest-remastered-website\app\Views\gallery_view.php(11): CodeIgniter\Debug\Exceptions->errorHandler(8, 'Undefined offse...', 'C:\\wamp64\\www\\c...', 11, Array)
#1 C:\wamp64\www\conquest-remastered-website\system\View\View.php(214): include('C:\\wamp64\\www\\c...')
#2 C:\wamp64\www\conquest-remastered-website\system\View\View.php(217): CodeIgniter\View\View->CodeIgniter\View\{closure}()
#3 C:\wamp64\www\conquest-remastered-website\system\Common.php(1092): CodeIgniter\View\View->render('gallery_view', Array, true)
#4 C:\wamp64\www\conquest-remastered-website\app\Controllers\Gallery.php(23): view('gallery_view', Array)
#5 C:\wamp64\www\conquest-remastered-website\system\CodeIgniter.php(802): App\Controllers\Gallery->index()
#6 C:\wamp64\www\conquest-remastered-website\system\CodeIgniter.php(399): CodeIgniter\CodeIgniter->runController(Object(App\Controllers\Gallery))
#7 C:\wamp64\www\conquest-remastered-website\system\CodeIgniter.php(317): CodeIgniter\CodeIgniter->handleRequest(NULL, Object(Config\Cache), false)
#8 C:\wamp64\www\conquest-remastered-website\public\index.php(37): CodeIgniter\CodeIgniter->run()
#9 C:\wamp64\www\conquest-remastered-website\system\Commands\Server\rewrite.php(43): require_once('C:\\wamp64\\www\\c...')
#10 {main}
CRITICAL - 2021-10-02 03:45:16 --> Undefined offset: 0
#0 C:\wamp64\www\conquest-remastered-website\app\Views\gallery_view.php(11): CodeIgniter\Debug\Exceptions->errorHandler(8, 'Undefined offse...', 'C:\\wamp64\\www\\c...', 11, Array)
#1 C:\wamp64\www\conquest-remastered-website\system\View\View.php(214): include('C:\\wamp64\\www\\c...')
#2 C:\wamp64\www\conquest-remastered-website\system\View\View.php(217): CodeIgniter\View\View->CodeIgniter\View\{closure}()
#3 C:\wamp64\www\conquest-remastered-website\system\Common.php(1092): CodeIgniter\View\View->render('gallery_view', Array, true)
#4 C:\wamp64\www\conquest-remastered-website\app\Controllers\Gallery.php(23): view('gallery_view', Array)
#5 C:\wamp64\www\conquest-remastered-website\system\CodeIgniter.php(802): App\Controllers\Gallery->index()
#6 C:\wamp64\www\conquest-remastered-website\system\CodeIgniter.php(399): CodeIgniter\CodeIgniter->runController(Object(App\Controllers\Gallery))
#7 C:\wamp64\www\conquest-remastered-website\system\CodeIgniter.php(317): CodeIgniter\CodeIgniter->handleRequest(NULL, Object(Config\Cache), false)
#8 C:\wamp64\www\conquest-remastered-website\public\index.php(37): CodeIgniter\CodeIgniter->run()
#9 C:\wamp64\www\conquest-remastered-website\system\Commands\Server\rewrite.php(43): require_once('C:\\wamp64\\www\\c...')
#10 {main}
CRITICAL - 2021-10-02 03:45:42 --> Array to string conversion
#0 C:\wamp64\www\conquest-remastered-website\app\Models\GalleryModel.php(21): CodeIgniter\Debug\Exceptions->errorHandler(8, 'Array to string...', 'C:\\wamp64\\www\\c...', 21, Array)
#1 C:\wamp64\www\conquest-remastered-website\app\Controllers\Gallery.php(21): App\Models\GalleryModel->GetGalleryImages()
#2 C:\wamp64\www\conquest-remastered-website\system\CodeIgniter.php(802): App\Controllers\Gallery->index()
#3 C:\wamp64\www\conquest-remastered-website\system\CodeIgniter.php(399): CodeIgniter\CodeIgniter->runController(Object(App\Controllers\Gallery))
#4 C:\wamp64\www\conquest-remastered-website\system\CodeIgniter.php(317): CodeIgniter\CodeIgniter->handleRequest(NULL, Object(Config\Cache), false)
#5 C:\wamp64\www\conquest-remastered-website\public\index.php(37): CodeIgniter\CodeIgniter->run()
#6 C:\wamp64\www\conquest-remastered-website\system\Commands\Server\rewrite.php(43): require_once('C:\\wamp64\\www\\c...')
#7 {main}
CRITICAL - 2021-10-02 03:50:36 --> Too few arguments to function App\Controllers\Gallery::Test(), 0 passed in C:\wamp64\www\conquest-remastered-website\system\CodeIgniter.php on line 802 and exactly 1 expected
#0 C:\wamp64\www\conquest-remastered-website\system\CodeIgniter.php(802): App\Controllers\Gallery->Test()
#1 C:\wamp64\www\conquest-remastered-website\system\CodeIgniter.php(399): CodeIgniter\CodeIgniter->runController(Object(App\Controllers\Gallery))
#2 C:\wamp64\www\conquest-remastered-website\system\CodeIgniter.php(317): CodeIgniter\CodeIgniter->handleRequest(NULL, Object(Config\Cache), false)
#3 C:\wamp64\www\conquest-remastered-website\public\index.php(37): CodeIgniter\CodeIgniter->run()
#4 C:\wamp64\www\conquest-remastered-website\system\Commands\Server\rewrite.php(43): require_once('C:\\wamp64\\www\\c...')
#5 {main}
CRITICAL - 2021-10-02 03:51:40 --> Too few arguments to function App\Controllers\Gallery::View(), 0 passed in C:\wamp64\www\conquest-remastered-website\system\CodeIgniter.php on line 802 and exactly 1 expected
#0 C:\wamp64\www\conquest-remastered-website\system\CodeIgniter.php(802): App\Controllers\Gallery->View()
#1 C:\wamp64\www\conquest-remastered-website\system\CodeIgniter.php(399): CodeIgniter\CodeIgniter->runController(Object(App\Controllers\Gallery))
#2 C:\wamp64\www\conquest-remastered-website\system\CodeIgniter.php(317): CodeIgniter\CodeIgniter->handleRequest(NULL, Object(Config\Cache), false)
#3 C:\wamp64\www\conquest-remastered-website\public\index.php(37): CodeIgniter\CodeIgniter->run()
#4 C:\wamp64\www\conquest-remastered-website\system\Commands\Server\rewrite.php(43): require_once('C:\\wamp64\\www\\c...')
#5 {main}
CRITICAL - 2021-10-02 03:55:03 -->  route cannot be found while reverse-routing.
#0 C:\wamp64\www\conquest-remastered-website\system\HTTP\RedirectResponse.php(56): CodeIgniter\HTTP\Exceptions\HTTPException::forInvalidRedirectRoute('')
#1 C:\wamp64\www\conquest-remastered-website\system\Common.php(835): CodeIgniter\HTTP\RedirectResponse->route(false)
#2 C:\wamp64\www\conquest-remastered-website\app\Controllers\Gallery.php(30): redirect('/Gallery')
#3 C:\wamp64\www\conquest-remastered-website\system\CodeIgniter.php(802): App\Controllers\Gallery->View()
#4 C:\wamp64\www\conquest-remastered-website\system\CodeIgniter.php(399): CodeIgniter\CodeIgniter->runController(Object(App\Controllers\Gallery))
#5 C:\wamp64\www\conquest-remastered-website\system\CodeIgniter.php(317): CodeIgniter\CodeIgniter->handleRequest(NULL, Object(Config\Cache), false)
#6 C:\wamp64\www\conquest-remastered-website\public\index.php(37): CodeIgniter\CodeIgniter->run()
#7 C:\wamp64\www\conquest-remastered-website\system\Commands\Server\rewrite.php(43): require_once('C:\\wamp64\\www\\c...')
#8 {main}
CRITICAL - 2021-10-02 03:55:20 -->  route cannot be found while reverse-routing.
#0 C:\wamp64\www\conquest-remastered-website\system\HTTP\RedirectResponse.php(56): CodeIgniter\HTTP\Exceptions\HTTPException::forInvalidRedirectRoute('')
#1 C:\wamp64\www\conquest-remastered-website\system\Common.php(835): CodeIgniter\HTTP\RedirectResponse->route(false)
#2 C:\wamp64\www\conquest-remastered-website\app\Controllers\Gallery.php(30): redirect('/gallery')
#3 C:\wamp64\www\conquest-remastered-website\system\CodeIgniter.php(802): App\Controllers\Gallery->View()
#4 C:\wamp64\www\conquest-remastered-website\system\CodeIgniter.php(399): CodeIgniter\CodeIgniter->runController(Object(App\Controllers\Gallery))
#5 C:\wamp64\www\conquest-remastered-website\system\CodeIgniter.php(317): CodeIgniter\CodeIgniter->handleRequest(NULL, Object(Config\Cache), false)
#6 C:\wamp64\www\conquest-remastered-website\public\index.php(37): CodeIgniter\CodeIgniter->run()
#7 C:\wamp64\www\conquest-remastered-website\system\Commands\Server\rewrite.php(43): require_once('C:\\wamp64\\www\\c...')
#8 {main}
CRITICAL - 2021-10-02 03:59:54 --> Array to string conversion
#0 C:\wamp64\www\conquest-remastered-website\app\Controllers\Gallery.php(37): CodeIgniter\Debug\Exceptions->errorHandler(8, 'Array to string...', 'C:\\wamp64\\www\\c...', 37, Array)
#1 C:\wamp64\www\conquest-remastered-website\system\Router\Router.php(491): include_once('C:\\wamp64\\www\\c...')
#2 C:\wamp64\www\conquest-remastered-website\system\Router\Router.php(160): CodeIgniter\Router\Router->autoRoute('gallery/0')
#3 C:\wamp64\www\conquest-remastered-website\system\CodeIgniter.php(702): CodeIgniter\Router\Router->handle('gallery/0')
#4 C:\wamp64\www\conquest-remastered-website\system\CodeIgniter.php(358): CodeIgniter\CodeIgniter->tryToRouteIt(Object(CodeIgniter\Router\RouteCollection))
#5 C:\wamp64\www\conquest-remastered-website\system\CodeIgniter.php(317): CodeIgniter\CodeIgniter->handleRequest(NULL, Object(Config\Cache), false)
#6 C:\wamp64\www\conquest-remastered-website\public\index.php(37): CodeIgniter\CodeIgniter->run()
#7 C:\wamp64\www\conquest-remastered-website\system\Commands\Server\rewrite.php(43): require_once('C:\\wamp64\\www\\c...')
#8 {main}
CRITICAL - 2021-10-02 04:00:02 --> Undefined offset: 0
#0 C:\wamp64\www\conquest-remastered-website\app\Controllers\Gallery.php(37): CodeIgniter\Debug\Exceptions->errorHandler(8, 'Undefined offse...', 'C:\\wamp64\\www\\c...', 37, Array)
#1 C:\wamp64\www\conquest-remastered-website\system\Router\Router.php(491): include_once('C:\\wamp64\\www\\c...')
#2 C:\wamp64\www\conquest-remastered-website\system\Router\Router.php(160): CodeIgniter\Router\Router->autoRoute('gallery/0')
#3 C:\wamp64\www\conquest-remastered-website\system\CodeIgniter.php(702): CodeIgniter\Router\Router->handle('gallery/0')
#4 C:\wamp64\www\conquest-remastered-website\system\CodeIgniter.php(358): CodeIgniter\CodeIgniter->tryToRouteIt(Object(CodeIgniter\Router\RouteCollection))
#5 C:\wamp64\www\conquest-remastered-website\system\CodeIgniter.php(317): CodeIgniter\CodeIgniter->handleRequest(NULL, Object(Config\Cache), false)
#6 C:\wamp64\www\conquest-remastered-website\public\index.php(37): CodeIgniter\CodeIgniter->run()
#7 C:\wamp64\www\conquest-remastered-website\system\Commands\Server\rewrite.php(43): require_once('C:\\wamp64\\www\\c...')
#8 {main}
CRITICAL - 2021-10-02 04:01:33 --> Undefined variable: images
#0 C:\wamp64\www\conquest-remastered-website\app\Views\gallery_view.php(7): CodeIgniter\Debug\Exceptions->errorHandler(8, 'Undefined varia...', 'C:\\wamp64\\www\\c...', 7, Array)
#1 C:\wamp64\www\conquest-remastered-website\system\View\View.php(214): include('C:\\wamp64\\www\\c...')
#2 C:\wamp64\www\conquest-remastered-website\system\View\View.php(217): CodeIgniter\View\View->CodeIgniter\View\{closure}()
#3 C:\wamp64\www\conquest-remastered-website\system\Common.php(1092): CodeIgniter\View\View->render('gallery_view', Array, true)
#4 C:\wamp64\www\conquest-remastered-website\app\Controllers\Gallery.php(32): view('gallery_view', Array)
#5 C:\wamp64\www\conquest-remastered-website\system\CodeIgniter.php(802): App\Controllers\Gallery->View('0')
#6 C:\wamp64\www\conquest-remastered-website\system\CodeIgniter.php(399): CodeIgniter\CodeIgniter->runController(Object(App\Controllers\Gallery))
#7 C:\wamp64\www\conquest-remastered-website\system\CodeIgniter.php(317): CodeIgniter\CodeIgniter->handleRequest(NULL, Object(Config\Cache), false)
#8 C:\wamp64\www\conquest-remastered-website\public\index.php(37): CodeIgniter\CodeIgniter->run()
#9 C:\wamp64\www\conquest-remastered-website\system\Commands\Server\rewrite.php(43): require_once('C:\\wamp64\\www\\c...')
#10 {main}
CRITICAL - 2021-10-02 04:04:45 --> Too few arguments to function App\Models\GalleryModel::GetGalleryImage(), 0 passed in C:\wamp64\www\conquest-remastered-website\app\Controllers\Gallery.php on line 32 and exactly 1 expected
#0 C:\wamp64\www\conquest-remastered-website\app\Controllers\Gallery.php(32): App\Models\GalleryModel->GetGalleryImage()
#1 C:\wamp64\www\conquest-remastered-website\system\CodeIgniter.php(802): App\Controllers\Gallery->View('0')
#2 C:\wamp64\www\conquest-remastered-website\system\CodeIgniter.php(399): CodeIgniter\CodeIgniter->runController(Object(App\Controllers\Gallery))
#3 C:\wamp64\www\conquest-remastered-website\system\CodeIgniter.php(317): CodeIgniter\CodeIgniter->handleRequest(NULL, Object(Config\Cache), false)
#4 C:\wamp64\www\conquest-remastered-website\public\index.php(37): CodeIgniter\CodeIgniter->run()
#5 C:\wamp64\www\conquest-remastered-website\system\Commands\Server\rewrite.php(43): require_once('C:\\wamp64\\www\\c...')
#6 {main}
CRITICAL - 2021-10-02 04:05:09 --> Array to string conversion
#0 C:\wamp64\www\conquest-remastered-website\app\Controllers\Gallery.php(33): CodeIgniter\Debug\Exceptions->errorHandler(8, 'Array to string...', 'C:\\wamp64\\www\\c...', 33, Array)
#1 C:\wamp64\www\conquest-remastered-website\system\CodeIgniter.php(802): App\Controllers\Gallery->View('1')
#2 C:\wamp64\www\conquest-remastered-website\system\CodeIgniter.php(399): CodeIgniter\CodeIgniter->runController(Object(App\Controllers\Gallery))
#3 C:\wamp64\www\conquest-remastered-website\system\CodeIgniter.php(317): CodeIgniter\CodeIgniter->handleRequest(NULL, Object(Config\Cache), false)
#4 C:\wamp64\www\conquest-remastered-website\public\index.php(37): CodeIgniter\CodeIgniter->run()
#5 C:\wamp64\www\conquest-remastered-website\system\Commands\Server\rewrite.php(43): require_once('C:\\wamp64\\www\\c...')
#6 {main}
CRITICAL - 2021-10-02 04:05:19 --> Array to string conversion
#0 C:\wamp64\www\conquest-remastered-website\app\Controllers\Gallery.php(33): CodeIgniter\Debug\Exceptions->errorHandler(8, 'Array to string...', 'C:\\wamp64\\www\\c...', 33, Array)
#1 C:\wamp64\www\conquest-remastered-website\system\CodeIgniter.php(802): App\Controllers\Gallery->View('2')
#2 C:\wamp64\www\conquest-remastered-website\system\CodeIgniter.php(399): CodeIgniter\CodeIgniter->runController(Object(App\Controllers\Gallery))
#3 C:\wamp64\www\conquest-remastered-website\system\CodeIgniter.php(317): CodeIgniter\CodeIgniter->handleRequest(NULL, Object(Config\Cache), false)
#4 C:\wamp64\www\conquest-remastered-website\public\index.php(37): CodeIgniter\CodeIgniter->run()
#5 C:\wamp64\www\conquest-remastered-website\system\Commands\Server\rewrite.php(43): require_once('C:\\wamp64\\www\\c...')
#6 {main}
CRITICAL - 2021-10-02 04:07:12 --> Undefined offset: 0
#0 C:\wamp64\www\conquest-remastered-website\app\Views\gallery_individual_view.php(10): CodeIgniter\Debug\Exceptions->errorHandler(8, 'Undefined offse...', 'C:\\wamp64\\www\\c...', 10, Array)
#1 C:\wamp64\www\conquest-remastered-website\system\View\View.php(214): include('C:\\wamp64\\www\\c...')
#2 C:\wamp64\www\conquest-remastered-website\system\View\View.php(217): CodeIgniter\View\View->CodeIgniter\View\{closure}()
#3 C:\wamp64\www\conquest-remastered-website\system\Common.php(1092): CodeIgniter\View\View->render('gallery_individ...', Array, true)
#4 C:\wamp64\www\conquest-remastered-website\app\Controllers\Gallery.php(33): view('gallery_individ...', Array)
#5 C:\wamp64\www\conquest-remastered-website\system\CodeIgniter.php(802): App\Controllers\Gallery->View('1')
#6 C:\wamp64\www\conquest-remastered-website\system\CodeIgniter.php(399): CodeIgniter\CodeIgniter->runController(Object(App\Controllers\Gallery))
#7 C:\wamp64\www\conquest-remastered-website\system\CodeIgniter.php(317): CodeIgniter\CodeIgniter->handleRequest(NULL, Object(Config\Cache), false)
#8 C:\wamp64\www\conquest-remastered-website\public\index.php(37): CodeIgniter\CodeIgniter->run()
#9 C:\wamp64\www\conquest-remastered-website\system\Commands\Server\rewrite.php(43): require_once('C:\\wamp64\\www\\c...')
#10 {main}
