CRITICAL - 2021-09-27 00:01:07 --> Object of class App\Models\MatchesDataModel could not be converted to string
#0 C:\wamp64\www\conquest-remastered-website\app\Models\MatchesDataModel.php(28): CodeIgniter\Debug\Exceptions->errorHandler(4096, 'Object of class...', 'C:\\wamp64\\www\\c...', 28, Array)
#1 C:\wamp64\www\conquest-remastered-website\app\Controllers\Home.php(22): App\Models\MatchesDataModel->GetTopAccounts()
#2 C:\wamp64\www\conquest-remastered-website\system\CodeIgniter.php(802): App\Controllers\Home->index()
#3 C:\wamp64\www\conquest-remastered-website\system\CodeIgniter.php(399): CodeIgniter\CodeIgniter->runController(Object(App\Controllers\Home))
#4 C:\wamp64\www\conquest-remastered-website\system\CodeIgniter.php(317): CodeIgniter\CodeIgniter->handleRequest(NULL, Object(Config\Cache), false)
#5 C:\wamp64\www\conquest-remastered-website\public\index.php(37): CodeIgniter\CodeIgniter->run()
#6 C:\wamp64\www\conquest-remastered-website\system\Commands\Server\rewrite.php(43): require_once('C:\\wamp64\\www\\c...')
#7 {main}
CRITICAL - 2021-09-27 00:01:28 --> Object of class App\Models\MatchesDataModel could not be converted to string
#0 C:\wamp64\www\conquest-remastered-website\app\Models\MatchesDataModel.php(28): CodeIgniter\Debug\Exceptions->errorHandler(4096, 'Object of class...', 'C:\\wamp64\\www\\c...', 28, Array)
#1 C:\wamp64\www\conquest-remastered-website\app\Controllers\Home.php(22): App\Models\MatchesDataModel->GetTopAccounts()
#2 C:\wamp64\www\conquest-remastered-website\system\CodeIgniter.php(802): App\Controllers\Home->index()
#3 C:\wamp64\www\conquest-remastered-website\system\CodeIgniter.php(399): CodeIgniter\CodeIgniter->runController(Object(App\Controllers\Home))
#4 C:\wamp64\www\conquest-remastered-website\system\CodeIgniter.php(317): CodeIgniter\CodeIgniter->handleRequest(NULL, Object(Config\Cache), false)
#5 C:\wamp64\www\conquest-remastered-website\public\index.php(37): CodeIgniter\CodeIgniter->run()
#6 C:\wamp64\www\conquest-remastered-website\system\Commands\Server\rewrite.php(43): require_once('C:\\wamp64\\www\\c...')
#7 {main}
CRITICAL - 2021-09-27 00:01:40 --> Undefined variable: topaccounts
#0 C:\wamp64\www\conquest-remastered-website\app\Views\welcome_message.php(27): CodeIgniter\Debug\Exceptions->errorHandler(8, 'Undefined varia...', 'C:\\wamp64\\www\\c...', 27, Array)
#1 C:\wamp64\www\conquest-remastered-website\system\View\View.php(214): include('C:\\wamp64\\www\\c...')
#2 C:\wamp64\www\conquest-remastered-website\system\View\View.php(217): CodeIgniter\View\View->CodeIgniter\View\{closure}()
#3 C:\wamp64\www\conquest-remastered-website\system\Common.php(1092): CodeIgniter\View\View->render('welcome_message', Array, true)
#4 C:\wamp64\www\conquest-remastered-website\app\Controllers\Home.php(24): view('welcome_message', Array)
#5 C:\wamp64\www\conquest-remastered-website\system\CodeIgniter.php(802): App\Controllers\Home->index()
#6 C:\wamp64\www\conquest-remastered-website\system\CodeIgniter.php(399): CodeIgniter\CodeIgniter->runController(Object(App\Controllers\Home))
#7 C:\wamp64\www\conquest-remastered-website\system\CodeIgniter.php(317): CodeIgniter\CodeIgniter->handleRequest(NULL, Object(Config\Cache), false)
#8 C:\wamp64\www\conquest-remastered-website\public\index.php(37): CodeIgniter\CodeIgniter->run()
#9 C:\wamp64\www\conquest-remastered-website\system\Commands\Server\rewrite.php(43): require_once('C:\\wamp64\\www\\c...')
#10 {main}
CRITICAL - 2021-09-27 00:06:38 --> Undefined property: stdClass::$title
#0 C:\wamp64\www\conquest-remastered-website\app\Models\MatchesDataModel.php(32): CodeIgniter\Debug\Exceptions->errorHandler(8, 'Undefined prope...', 'C:\\wamp64\\www\\c...', 32, Array)
#1 C:\wamp64\www\conquest-remastered-website\app\Controllers\Home.php(22): App\Models\MatchesDataModel->GetTopAccounts()
#2 C:\wamp64\www\conquest-remastered-website\system\CodeIgniter.php(802): App\Controllers\Home->index()
#3 C:\wamp64\www\conquest-remastered-website\system\CodeIgniter.php(399): CodeIgniter\CodeIgniter->runController(Object(App\Controllers\Home))
#4 C:\wamp64\www\conquest-remastered-website\system\CodeIgniter.php(317): CodeIgniter\CodeIgniter->handleRequest(NULL, Object(Config\Cache), false)
#5 C:\wamp64\www\conquest-remastered-website\public\index.php(37): CodeIgniter\CodeIgniter->run()
#6 C:\wamp64\www\conquest-remastered-website\system\Commands\Server\rewrite.php(43): require_once('C:\\wamp64\\www\\c...')
#7 {main}
CRITICAL - 2021-09-27 00:32:39 --> Undefined property: stdClass::$display_name
#0 C:\wamp64\www\conquest-remastered-website\app\Models\MatchesDataModel.php(37): CodeIgniter\Debug\Exceptions->errorHandler(8, 'Undefined prope...', 'C:\\wamp64\\www\\c...', 37, Array)
#1 C:\wamp64\www\conquest-remastered-website\app\Controllers\Home.php(22): App\Models\MatchesDataModel->GetTopAccounts()
#2 C:\wamp64\www\conquest-remastered-website\system\CodeIgniter.php(802): App\Controllers\Home->index()
#3 C:\wamp64\www\conquest-remastered-website\system\CodeIgniter.php(399): CodeIgniter\CodeIgniter->runController(Object(App\Controllers\Home))
#4 C:\wamp64\www\conquest-remastered-website\system\CodeIgniter.php(317): CodeIgniter\CodeIgniter->handleRequest(NULL, Object(Config\Cache), false)
#5 C:\wamp64\www\conquest-remastered-website\public\index.php(37): CodeIgniter\CodeIgniter->run()
#6 C:\wamp64\www\conquest-remastered-website\system\Commands\Server\rewrite.php(43): require_once('C:\\wamp64\\www\\c...')
#7 {main}
CRITICAL - 2021-09-27 00:38:33 --> Array to string conversion
#0 C:\wamp64\www\conquest-remastered-website\app\Controllers\Home.php(23): CodeIgniter\Debug\Exceptions->errorHandler(8, 'Array to string...', 'C:\\wamp64\\www\\c...', 23, Array)
#1 C:\wamp64\www\conquest-remastered-website\system\CodeIgniter.php(802): App\Controllers\Home->index()
#2 C:\wamp64\www\conquest-remastered-website\system\CodeIgniter.php(399): CodeIgniter\CodeIgniter->runController(Object(App\Controllers\Home))
#3 C:\wamp64\www\conquest-remastered-website\system\CodeIgniter.php(317): CodeIgniter\CodeIgniter->handleRequest(NULL, Object(Config\Cache), false)
#4 C:\wamp64\www\conquest-remastered-website\public\index.php(37): CodeIgniter\CodeIgniter->run()
#5 C:\wamp64\www\conquest-remastered-website\system\Commands\Server\rewrite.php(43): require_once('C:\\wamp64\\www\\c...')
#6 {main}
CRITICAL - 2021-09-27 00:38:47 --> Undefined offset: 0
#0 C:\wamp64\www\conquest-remastered-website\app\Controllers\Home.php(23): CodeIgniter\Debug\Exceptions->errorHandler(8, 'Undefined offse...', 'C:\\wamp64\\www\\c...', 23, Array)
#1 C:\wamp64\www\conquest-remastered-website\system\CodeIgniter.php(802): App\Controllers\Home->index()
#2 C:\wamp64\www\conquest-remastered-website\system\CodeIgniter.php(399): CodeIgniter\CodeIgniter->runController(Object(App\Controllers\Home))
#3 C:\wamp64\www\conquest-remastered-website\system\CodeIgniter.php(317): CodeIgniter\CodeIgniter->handleRequest(NULL, Object(Config\Cache), false)
#4 C:\wamp64\www\conquest-remastered-website\public\index.php(37): CodeIgniter\CodeIgniter->run()
#5 C:\wamp64\www\conquest-remastered-website\system\Commands\Server\rewrite.php(43): require_once('C:\\wamp64\\www\\c...')
#6 {main}
CRITICAL - 2021-09-27 00:38:49 --> Undefined offset: 0
#0 C:\wamp64\www\conquest-remastered-website\app\Controllers\Home.php(23): CodeIgniter\Debug\Exceptions->errorHandler(8, 'Undefined offse...', 'C:\\wamp64\\www\\c...', 23, Array)
#1 C:\wamp64\www\conquest-remastered-website\system\CodeIgniter.php(802): App\Controllers\Home->index()
#2 C:\wamp64\www\conquest-remastered-website\system\CodeIgniter.php(399): CodeIgniter\CodeIgniter->runController(Object(App\Controllers\Home))
#3 C:\wamp64\www\conquest-remastered-website\system\CodeIgniter.php(317): CodeIgniter\CodeIgniter->handleRequest(NULL, Object(Config\Cache), false)
#4 C:\wamp64\www\conquest-remastered-website\public\index.php(37): CodeIgniter\CodeIgniter->run()
#5 C:\wamp64\www\conquest-remastered-website\system\Commands\Server\rewrite.php(43): require_once('C:\\wamp64\\www\\c...')
#6 {main}
CRITICAL - 2021-09-27 00:42:02 --> Trying to get property 'username' of non-object
#0 C:\wamp64\www\conquest-remastered-website\app\Views\welcome_message.php(27): CodeIgniter\Debug\Exceptions->errorHandler(8, 'Trying to get p...', 'C:\\wamp64\\www\\c...', 27, Array)
#1 C:\wamp64\www\conquest-remastered-website\system\View\View.php(214): include('C:\\wamp64\\www\\c...')
#2 C:\wamp64\www\conquest-remastered-website\system\View\View.php(217): CodeIgniter\View\View->CodeIgniter\View\{closure}()
#3 C:\wamp64\www\conquest-remastered-website\system\Common.php(1092): CodeIgniter\View\View->render('welcome_message', Array, true)
#4 C:\wamp64\www\conquest-remastered-website\app\Controllers\Home.php(25): view('welcome_message', Array)
#5 C:\wamp64\www\conquest-remastered-website\system\CodeIgniter.php(802): App\Controllers\Home->index()
#6 C:\wamp64\www\conquest-remastered-website\system\CodeIgniter.php(399): CodeIgniter\CodeIgniter->runController(Object(App\Controllers\Home))
#7 C:\wamp64\www\conquest-remastered-website\system\CodeIgniter.php(317): CodeIgniter\CodeIgniter->handleRequest(NULL, Object(Config\Cache), false)
#8 C:\wamp64\www\conquest-remastered-website\public\index.php(37): CodeIgniter\CodeIgniter->run()
#9 C:\wamp64\www\conquest-remastered-website\system\Commands\Server\rewrite.php(43): require_once('C:\\wamp64\\www\\c...')
#10 {main}
CRITICAL - 2021-09-27 00:42:13 --> Illegal string offset 'username'
#0 C:\wamp64\www\conquest-remastered-website\app\Views\welcome_message.php(27): CodeIgniter\Debug\Exceptions->errorHandler(2, 'Illegal string ...', 'C:\\wamp64\\www\\c...', 27, Array)
#1 C:\wamp64\www\conquest-remastered-website\system\View\View.php(214): include('C:\\wamp64\\www\\c...')
#2 C:\wamp64\www\conquest-remastered-website\system\View\View.php(217): CodeIgniter\View\View->CodeIgniter\View\{closure}()
#3 C:\wamp64\www\conquest-remastered-website\system\Common.php(1092): CodeIgniter\View\View->render('welcome_message', Array, true)
#4 C:\wamp64\www\conquest-remastered-website\app\Controllers\Home.php(25): view('welcome_message', Array)
#5 C:\wamp64\www\conquest-remastered-website\system\CodeIgniter.php(802): App\Controllers\Home->index()
#6 C:\wamp64\www\conquest-remastered-website\system\CodeIgniter.php(399): CodeIgniter\CodeIgniter->runController(Object(App\Controllers\Home))
#7 C:\wamp64\www\conquest-remastered-website\system\CodeIgniter.php(317): CodeIgniter\CodeIgniter->handleRequest(NULL, Object(Config\Cache), false)
#8 C:\wamp64\www\conquest-remastered-website\public\index.php(37): CodeIgniter\CodeIgniter->run()
#9 C:\wamp64\www\conquest-remastered-website\system\Commands\Server\rewrite.php(43): require_once('C:\\wamp64\\www\\c...')
#10 {main}
CRITICAL - 2021-09-27 00:43:39 --> Array to string conversion
#0 C:\wamp64\www\conquest-remastered-website\app\Views\welcome_message.php(25): CodeIgniter\Debug\Exceptions->errorHandler(8, 'Array to string...', 'C:\\wamp64\\www\\c...', 25, Array)
#1 C:\wamp64\www\conquest-remastered-website\system\View\View.php(214): include('C:\\wamp64\\www\\c...')
#2 C:\wamp64\www\conquest-remastered-website\system\View\View.php(217): CodeIgniter\View\View->CodeIgniter\View\{closure}()
#3 C:\wamp64\www\conquest-remastered-website\system\Common.php(1092): CodeIgniter\View\View->render('welcome_message', Array, true)
#4 C:\wamp64\www\conquest-remastered-website\app\Controllers\Home.php(25): view('welcome_message', Array)
#5 C:\wamp64\www\conquest-remastered-website\system\CodeIgniter.php(802): App\Controllers\Home->index()
#6 C:\wamp64\www\conquest-remastered-website\system\CodeIgniter.php(399): CodeIgniter\CodeIgniter->runController(Object(App\Controllers\Home))
#7 C:\wamp64\www\conquest-remastered-website\system\CodeIgniter.php(317): CodeIgniter\CodeIgniter->handleRequest(NULL, Object(Config\Cache), false)
#8 C:\wamp64\www\conquest-remastered-website\public\index.php(37): CodeIgniter\CodeIgniter->run()
#9 C:\wamp64\www\conquest-remastered-website\system\Commands\Server\rewrite.php(43): require_once('C:\\wamp64\\www\\c...')
#10 {main}
CRITICAL - 2021-09-27 00:43:50 --> Undefined offset: 1
#0 C:\wamp64\www\conquest-remastered-website\app\Views\welcome_message.php(25): CodeIgniter\Debug\Exceptions->errorHandler(8, 'Undefined offse...', 'C:\\wamp64\\www\\c...', 25, Array)
#1 C:\wamp64\www\conquest-remastered-website\system\View\View.php(214): include('C:\\wamp64\\www\\c...')
#2 C:\wamp64\www\conquest-remastered-website\system\View\View.php(217): CodeIgniter\View\View->CodeIgniter\View\{closure}()
#3 C:\wamp64\www\conquest-remastered-website\system\Common.php(1092): CodeIgniter\View\View->render('welcome_message', Array, true)
#4 C:\wamp64\www\conquest-remastered-website\app\Controllers\Home.php(25): view('welcome_message', Array)
#5 C:\wamp64\www\conquest-remastered-website\system\CodeIgniter.php(802): App\Controllers\Home->index()
#6 C:\wamp64\www\conquest-remastered-website\system\CodeIgniter.php(399): CodeIgniter\CodeIgniter->runController(Object(App\Controllers\Home))
#7 C:\wamp64\www\conquest-remastered-website\system\CodeIgniter.php(317): CodeIgniter\CodeIgniter->handleRequest(NULL, Object(Config\Cache), false)
#8 C:\wamp64\www\conquest-remastered-website\public\index.php(37): CodeIgniter\CodeIgniter->run()
#9 C:\wamp64\www\conquest-remastered-website\system\Commands\Server\rewrite.php(43): require_once('C:\\wamp64\\www\\c...')
#10 {main}
CRITICAL - 2021-09-27 00:43:59 --> syntax error, unexpected 'as' (T_AS), expecting ',' or ';'
#0 C:\wamp64\www\conquest-remastered-website\system\View\View.php(217): CodeIgniter\View\View->CodeIgniter\View\{closure}()
#1 C:\wamp64\www\conquest-remastered-website\system\Common.php(1092): CodeIgniter\View\View->render('welcome_message', Array, true)
#2 C:\wamp64\www\conquest-remastered-website\app\Controllers\Home.php(25): view('welcome_message', Array)
#3 C:\wamp64\www\conquest-remastered-website\system\CodeIgniter.php(802): App\Controllers\Home->index()
#4 C:\wamp64\www\conquest-remastered-website\system\CodeIgniter.php(399): CodeIgniter\CodeIgniter->runController(Object(App\Controllers\Home))
#5 C:\wamp64\www\conquest-remastered-website\system\CodeIgniter.php(317): CodeIgniter\CodeIgniter->handleRequest(NULL, Object(Config\Cache), false)
#6 C:\wamp64\www\conquest-remastered-website\public\index.php(37): CodeIgniter\CodeIgniter->run()
#7 C:\wamp64\www\conquest-remastered-website\system\Commands\Server\rewrite.php(43): require_once('C:\\wamp64\\www\\c...')
#8 {main}
CRITICAL - 2021-09-27 00:46:18 --> array_push() expects parameter 1 to be array, null given
#0 [internal function]: CodeIgniter\Debug\Exceptions->errorHandler(2, 'array_push() ex...', 'C:\\wamp64\\www\\c...', 39, Array)
#1 C:\wamp64\www\conquest-remastered-website\app\Models\MatchesDataModel.php(39): array_push(NULL, Array)
#2 C:\wamp64\www\conquest-remastered-website\app\Controllers\Home.php(21): App\Models\MatchesDataModel->GetTopAccounts()
#3 C:\wamp64\www\conquest-remastered-website\system\CodeIgniter.php(802): App\Controllers\Home->index()
#4 C:\wamp64\www\conquest-remastered-website\system\CodeIgniter.php(399): CodeIgniter\CodeIgniter->runController(Object(App\Controllers\Home))
#5 C:\wamp64\www\conquest-remastered-website\system\CodeIgniter.php(317): CodeIgniter\CodeIgniter->handleRequest(NULL, Object(Config\Cache), false)
#6 C:\wamp64\www\conquest-remastered-website\public\index.php(37): CodeIgniter\CodeIgniter->run()
#7 C:\wamp64\www\conquest-remastered-website\system\Commands\Server\rewrite.php(43): require_once('C:\\wamp64\\www\\c...')
#8 {main}
CRITICAL - 2021-09-27 00:50:37 --> Undefined variable: topsaccounts
#0 C:\wamp64\www\conquest-remastered-website\app\Views\welcome_message.php(26): CodeIgniter\Debug\Exceptions->errorHandler(8, 'Undefined varia...', 'C:\\wamp64\\www\\c...', 26, Array)
#1 C:\wamp64\www\conquest-remastered-website\system\View\View.php(214): include('C:\\wamp64\\www\\c...')
#2 C:\wamp64\www\conquest-remastered-website\system\View\View.php(217): CodeIgniter\View\View->CodeIgniter\View\{closure}()
#3 C:\wamp64\www\conquest-remastered-website\system\Common.php(1092): CodeIgniter\View\View->render('welcome_message', Array, true)
#4 C:\wamp64\www\conquest-remastered-website\app\Controllers\Home.php(23): view('welcome_message', Array)
#5 C:\wamp64\www\conquest-remastered-website\system\CodeIgniter.php(802): App\Controllers\Home->index()
#6 C:\wamp64\www\conquest-remastered-website\system\CodeIgniter.php(399): CodeIgniter\CodeIgniter->runController(Object(App\Controllers\Home))
#7 C:\wamp64\www\conquest-remastered-website\system\CodeIgniter.php(317): CodeIgniter\CodeIgniter->handleRequest(NULL, Object(Config\Cache), false)
#8 C:\wamp64\www\conquest-remastered-website\public\index.php(37): CodeIgniter\CodeIgniter->run()
#9 C:\wamp64\www\conquest-remastered-website\system\Commands\Server\rewrite.php(43): require_once('C:\\wamp64\\www\\c...')
#10 {main}
CRITICAL - 2021-09-27 00:50:44 --> Array to string conversion
#0 C:\wamp64\www\conquest-remastered-website\app\Views\welcome_message.php(26): CodeIgniter\Debug\Exceptions->errorHandler(8, 'Array to string...', 'C:\\wamp64\\www\\c...', 26, Array)
#1 C:\wamp64\www\conquest-remastered-website\system\View\View.php(214): include('C:\\wamp64\\www\\c...')
#2 C:\wamp64\www\conquest-remastered-website\system\View\View.php(217): CodeIgniter\View\View->CodeIgniter\View\{closure}()
#3 C:\wamp64\www\conquest-remastered-website\system\Common.php(1092): CodeIgniter\View\View->render('welcome_message', Array, true)
#4 C:\wamp64\www\conquest-remastered-website\app\Controllers\Home.php(23): view('welcome_message', Array)
#5 C:\wamp64\www\conquest-remastered-website\system\CodeIgniter.php(802): App\Controllers\Home->index()
#6 C:\wamp64\www\conquest-remastered-website\system\CodeIgniter.php(399): CodeIgniter\CodeIgniter->runController(Object(App\Controllers\Home))
#7 C:\wamp64\www\conquest-remastered-website\system\CodeIgniter.php(317): CodeIgniter\CodeIgniter->handleRequest(NULL, Object(Config\Cache), false)
#8 C:\wamp64\www\conquest-remastered-website\public\index.php(37): CodeIgniter\CodeIgniter->run()
#9 C:\wamp64\www\conquest-remastered-website\system\Commands\Server\rewrite.php(43): require_once('C:\\wamp64\\www\\c...')
#10 {main}
CRITICAL - 2021-09-27 00:51:32 --> syntax error, unexpected ';'
#0 C:\wamp64\www\conquest-remastered-website\system\View\View.php(217): CodeIgniter\View\View->CodeIgniter\View\{closure}()
#1 C:\wamp64\www\conquest-remastered-website\system\Common.php(1092): CodeIgniter\View\View->render('welcome_message', Array, true)
#2 C:\wamp64\www\conquest-remastered-website\app\Controllers\Home.php(23): view('welcome_message', Array)
#3 C:\wamp64\www\conquest-remastered-website\system\CodeIgniter.php(802): App\Controllers\Home->index()
#4 C:\wamp64\www\conquest-remastered-website\system\CodeIgniter.php(399): CodeIgniter\CodeIgniter->runController(Object(App\Controllers\Home))
#5 C:\wamp64\www\conquest-remastered-website\system\CodeIgniter.php(317): CodeIgniter\CodeIgniter->handleRequest(NULL, Object(Config\Cache), false)
#6 C:\wamp64\www\conquest-remastered-website\public\index.php(37): CodeIgniter\CodeIgniter->run()
#7 C:\wamp64\www\conquest-remastered-website\system\Commands\Server\rewrite.php(43): require_once('C:\\wamp64\\www\\c...')
#8 {main}
CRITICAL - 2021-09-27 00:51:40 --> Use of undefined constant i - assumed 'i' (this will throw an Error in a future version of PHP)
#0 C:\wamp64\www\conquest-remastered-website\app\Views\welcome_message.php(30): CodeIgniter\Debug\Exceptions->errorHandler(2, 'Use of undefine...', 'C:\\wamp64\\www\\c...', 30, Array)
#1 C:\wamp64\www\conquest-remastered-website\system\View\View.php(214): include('C:\\wamp64\\www\\c...')
#2 C:\wamp64\www\conquest-remastered-website\system\View\View.php(217): CodeIgniter\View\View->CodeIgniter\View\{closure}()
#3 C:\wamp64\www\conquest-remastered-website\system\Common.php(1092): CodeIgniter\View\View->render('welcome_message', Array, true)
#4 C:\wamp64\www\conquest-remastered-website\app\Controllers\Home.php(23): view('welcome_message', Array)
#5 C:\wamp64\www\conquest-remastered-website\system\CodeIgniter.php(802): App\Controllers\Home->index()
#6 C:\wamp64\www\conquest-remastered-website\system\CodeIgniter.php(399): CodeIgniter\CodeIgniter->runController(Object(App\Controllers\Home))
#7 C:\wamp64\www\conquest-remastered-website\system\CodeIgniter.php(317): CodeIgniter\CodeIgniter->handleRequest(NULL, Object(Config\Cache), false)
#8 C:\wamp64\www\conquest-remastered-website\public\index.php(37): CodeIgniter\CodeIgniter->run()
#9 C:\wamp64\www\conquest-remastered-website\system\Commands\Server\rewrite.php(43): require_once('C:\\wamp64\\www\\c...')
#10 {main}
CRITICAL - 2021-09-27 00:52:01 --> Undefined offset: 3
#0 C:\wamp64\www\conquest-remastered-website\app\Views\welcome_message.php(32): CodeIgniter\Debug\Exceptions->errorHandler(8, 'Undefined offse...', 'C:\\wamp64\\www\\c...', 32, Array)
#1 C:\wamp64\www\conquest-remastered-website\system\View\View.php(214): include('C:\\wamp64\\www\\c...')
#2 C:\wamp64\www\conquest-remastered-website\system\View\View.php(217): CodeIgniter\View\View->CodeIgniter\View\{closure}()
#3 C:\wamp64\www\conquest-remastered-website\system\Common.php(1092): CodeIgniter\View\View->render('welcome_message', Array, true)
#4 C:\wamp64\www\conquest-remastered-website\app\Controllers\Home.php(23): view('welcome_message', Array)
#5 C:\wamp64\www\conquest-remastered-website\system\CodeIgniter.php(802): App\Controllers\Home->index()
#6 C:\wamp64\www\conquest-remastered-website\system\CodeIgniter.php(399): CodeIgniter\CodeIgniter->runController(Object(App\Controllers\Home))
#7 C:\wamp64\www\conquest-remastered-website\system\CodeIgniter.php(317): CodeIgniter\CodeIgniter->handleRequest(NULL, Object(Config\Cache), false)
#8 C:\wamp64\www\conquest-remastered-website\public\index.php(37): CodeIgniter\CodeIgniter->run()
#9 C:\wamp64\www\conquest-remastered-website\system\Commands\Server\rewrite.php(43): require_once('C:\\wamp64\\www\\c...')
#10 {main}
CRITICAL - 2021-09-27 00:52:35 --> count() expects at least 1 parameter, 0 given
#0 [internal function]: CodeIgniter\Debug\Exceptions->errorHandler(2, 'count() expects...', 'C:\\wamp64\\www\\c...', 27, Array)
#1 C:\wamp64\www\conquest-remastered-website\app\Views\welcome_message.php(27): count()
#2 C:\wamp64\www\conquest-remastered-website\system\View\View.php(214): include('C:\\wamp64\\www\\c...')
#3 C:\wamp64\www\conquest-remastered-website\system\View\View.php(217): CodeIgniter\View\View->CodeIgniter\View\{closure}()
#4 C:\wamp64\www\conquest-remastered-website\system\Common.php(1092): CodeIgniter\View\View->render('welcome_message', Array, true)
#5 C:\wamp64\www\conquest-remastered-website\app\Controllers\Home.php(23): view('welcome_message', Array)
#6 C:\wamp64\www\conquest-remastered-website\system\CodeIgniter.php(802): App\Controllers\Home->index()
#7 C:\wamp64\www\conquest-remastered-website\system\CodeIgniter.php(399): CodeIgniter\CodeIgniter->runController(Object(App\Controllers\Home))
#8 C:\wamp64\www\conquest-remastered-website\system\CodeIgniter.php(317): CodeIgniter\CodeIgniter->handleRequest(NULL, Object(Config\Cache), false)
#9 C:\wamp64\www\conquest-remastered-website\public\index.php(37): CodeIgniter\CodeIgniter->run()
#10 C:\wamp64\www\conquest-remastered-website\system\Commands\Server\rewrite.php(43): require_once('C:\\wamp64\\www\\c...')
#11 {main}
CRITICAL - 2021-09-27 00:52:59 --> Undefined offset: 3
#0 C:\wamp64\www\conquest-remastered-website\app\Views\welcome_message.php(32): CodeIgniter\Debug\Exceptions->errorHandler(8, 'Undefined offse...', 'C:\\wamp64\\www\\c...', 32, Array)
#1 C:\wamp64\www\conquest-remastered-website\system\View\View.php(214): include('C:\\wamp64\\www\\c...')
#2 C:\wamp64\www\conquest-remastered-website\system\View\View.php(217): CodeIgniter\View\View->CodeIgniter\View\{closure}()
#3 C:\wamp64\www\conquest-remastered-website\system\Common.php(1092): CodeIgniter\View\View->render('welcome_message', Array, true)
#4 C:\wamp64\www\conquest-remastered-website\app\Controllers\Home.php(23): view('welcome_message', Array)
#5 C:\wamp64\www\conquest-remastered-website\system\CodeIgniter.php(802): App\Controllers\Home->index()
#6 C:\wamp64\www\conquest-remastered-website\system\CodeIgniter.php(399): CodeIgniter\CodeIgniter->runController(Object(App\Controllers\Home))
#7 C:\wamp64\www\conquest-remastered-website\system\CodeIgniter.php(317): CodeIgniter\CodeIgniter->handleRequest(NULL, Object(Config\Cache), false)
#8 C:\wamp64\www\conquest-remastered-website\public\index.php(37): CodeIgniter\CodeIgniter->run()
#9 C:\wamp64\www\conquest-remastered-website\system\Commands\Server\rewrite.php(43): require_once('C:\\wamp64\\www\\c...')
#10 {main}
CRITICAL - 2021-09-27 00:55:28 --> sizeof(): Parameter must be an array or an object that implements Countable
#0 [internal function]: CodeIgniter\Debug\Exceptions->errorHandler(2, 'sizeof(): Param...', 'C:\\wamp64\\www\\c...', 27, Array)
#1 C:\wamp64\www\conquest-remastered-website\app\Views\welcome_message.php(27): sizeof(NULL)
#2 C:\wamp64\www\conquest-remastered-website\system\View\View.php(214): include('C:\\wamp64\\www\\c...')
#3 C:\wamp64\www\conquest-remastered-website\system\View\View.php(217): CodeIgniter\View\View->CodeIgniter\View\{closure}()
#4 C:\wamp64\www\conquest-remastered-website\system\Common.php(1092): CodeIgniter\View\View->render('welcome_message', Array, true)
#5 C:\wamp64\www\conquest-remastered-website\app\Controllers\Home.php(23): view('welcome_message', Array)
#6 C:\wamp64\www\conquest-remastered-website\system\CodeIgniter.php(802): App\Controllers\Home->index()
#7 C:\wamp64\www\conquest-remastered-website\system\CodeIgniter.php(399): CodeIgniter\CodeIgniter->runController(Object(App\Controllers\Home))
#8 C:\wamp64\www\conquest-remastered-website\system\CodeIgniter.php(317): CodeIgniter\CodeIgniter->handleRequest(NULL, Object(Config\Cache), false)
#9 C:\wamp64\www\conquest-remastered-website\public\index.php(37): CodeIgniter\CodeIgniter->run()
#10 C:\wamp64\www\conquest-remastered-website\system\Commands\Server\rewrite.php(43): require_once('C:\\wamp64\\www\\c...')
#11 {main}
CRITICAL - 2021-09-27 00:59:50 --> Too few arguments to function App\Models\UserModel::GetUser(), 1 passed in C:\wamp64\www\conquest-remastered-website\app\Models\MatchesDataModel.php on line 38 and exactly 2 expected
#0 C:\wamp64\www\conquest-remastered-website\app\Models\MatchesDataModel.php(38): App\Models\UserModel->GetUser('765611992097219...')
#1 C:\wamp64\www\conquest-remastered-website\app\Controllers\Home.php(21): App\Models\MatchesDataModel->GetTopAccounts()
#2 C:\wamp64\www\conquest-remastered-website\system\CodeIgniter.php(802): App\Controllers\Home->index()
#3 C:\wamp64\www\conquest-remastered-website\system\CodeIgniter.php(399): CodeIgniter\CodeIgniter->runController(Object(App\Controllers\Home))
#4 C:\wamp64\www\conquest-remastered-website\system\CodeIgniter.php(317): CodeIgniter\CodeIgniter->handleRequest(NULL, Object(Config\Cache), false)
#5 C:\wamp64\www\conquest-remastered-website\public\index.php(37): CodeIgniter\CodeIgniter->run()
#6 C:\wamp64\www\conquest-remastered-website\system\Commands\Server\rewrite.php(43): require_once('C:\\wamp64\\www\\c...')
#7 {main}
CRITICAL - 2021-09-27 01:20:04 --> Illegal string offset 'avatar'
#0 C:\wamp64\www\conquest-remastered-website\app\Models\MatchesDataModel.php(56): CodeIgniter\Debug\Exceptions->errorHandler(2, 'Illegal string ...', 'C:\\wamp64\\www\\c...', 56, Array)
#1 C:\wamp64\www\conquest-remastered-website\app\Models\MatchesDataModel.php(41): App\Models\MatchesDataModel->GetPlayerIcon('765611990951281...')
#2 C:\wamp64\www\conquest-remastered-website\app\Controllers\Home.php(21): App\Models\MatchesDataModel->GetTopAccounts()
#3 C:\wamp64\www\conquest-remastered-website\system\CodeIgniter.php(802): App\Controllers\Home->index()
#4 C:\wamp64\www\conquest-remastered-website\system\CodeIgniter.php(399): CodeIgniter\CodeIgniter->runController(Object(App\Controllers\Home))
#5 C:\wamp64\www\conquest-remastered-website\system\CodeIgniter.php(317): CodeIgniter\CodeIgniter->handleRequest(NULL, Object(Config\Cache), false)
#6 C:\wamp64\www\conquest-remastered-website\public\index.php(37): CodeIgniter\CodeIgniter->run()
#7 C:\wamp64\www\conquest-remastered-website\system\Commands\Server\rewrite.php(43): require_once('C:\\wamp64\\www\\c...')
#8 {main}
CRITICAL - 2021-09-27 01:20:29 --> Trying to get property 'avatar' of non-object
#0 C:\wamp64\www\conquest-remastered-website\app\Models\MatchesDataModel.php(56): CodeIgniter\Debug\Exceptions->errorHandler(8, 'Trying to get p...', 'C:\\wamp64\\www\\c...', 56, Array)
#1 C:\wamp64\www\conquest-remastered-website\app\Models\MatchesDataModel.php(41): App\Models\MatchesDataModel->GetPlayerIcon('765611990951281...')
#2 C:\wamp64\www\conquest-remastered-website\app\Controllers\Home.php(21): App\Models\MatchesDataModel->GetTopAccounts()
#3 C:\wamp64\www\conquest-remastered-website\system\CodeIgniter.php(802): App\Controllers\Home->index()
#4 C:\wamp64\www\conquest-remastered-website\system\CodeIgniter.php(399): CodeIgniter\CodeIgniter->runController(Object(App\Controllers\Home))
#5 C:\wamp64\www\conquest-remastered-website\system\CodeIgniter.php(317): CodeIgniter\CodeIgniter->handleRequest(NULL, Object(Config\Cache), false)
#6 C:\wamp64\www\conquest-remastered-website\public\index.php(37): CodeIgniter\CodeIgniter->run()
#7 C:\wamp64\www\conquest-remastered-website\system\Commands\Server\rewrite.php(43): require_once('C:\\wamp64\\www\\c...')
#8 {main}
CRITICAL - 2021-09-27 01:21:51 --> Illegal string offset 'response'
#0 C:\wamp64\www\conquest-remastered-website\app\Models\MatchesDataModel.php(56): CodeIgniter\Debug\Exceptions->errorHandler(2, 'Illegal string ...', 'C:\\wamp64\\www\\c...', 56, Array)
#1 C:\wamp64\www\conquest-remastered-website\app\Models\MatchesDataModel.php(41): App\Models\MatchesDataModel->GetPlayerIcon('765611990951281...')
#2 C:\wamp64\www\conquest-remastered-website\app\Controllers\Home.php(21): App\Models\MatchesDataModel->GetTopAccounts()
#3 C:\wamp64\www\conquest-remastered-website\system\CodeIgniter.php(802): App\Controllers\Home->index()
#4 C:\wamp64\www\conquest-remastered-website\system\CodeIgniter.php(399): CodeIgniter\CodeIgniter->runController(Object(App\Controllers\Home))
#5 C:\wamp64\www\conquest-remastered-website\system\CodeIgniter.php(317): CodeIgniter\CodeIgniter->handleRequest(NULL, Object(Config\Cache), false)
#6 C:\wamp64\www\conquest-remastered-website\public\index.php(37): CodeIgniter\CodeIgniter->run()
#7 C:\wamp64\www\conquest-remastered-website\system\Commands\Server\rewrite.php(43): require_once('C:\\wamp64\\www\\c...')
#8 {main}
CRITICAL - 2021-09-27 01:27:11 --> Object of class stdClass could not be converted to string
#0 C:\wamp64\www\conquest-remastered-website\app\Views\welcome_message.php(31): CodeIgniter\Debug\Exceptions->errorHandler(4096, 'Object of class...', 'C:\\wamp64\\www\\c...', 31, Array)
#1 C:\wamp64\www\conquest-remastered-website\system\View\View.php(214): include('C:\\wamp64\\www\\c...')
#2 C:\wamp64\www\conquest-remastered-website\system\View\View.php(217): CodeIgniter\View\View->CodeIgniter\View\{closure}()
#3 C:\wamp64\www\conquest-remastered-website\system\Common.php(1092): CodeIgniter\View\View->render('welcome_message', Array, true)
#4 C:\wamp64\www\conquest-remastered-website\app\Controllers\Home.php(24): view('welcome_message', Array)
#5 C:\wamp64\www\conquest-remastered-website\system\CodeIgniter.php(802): App\Controllers\Home->index()
#6 C:\wamp64\www\conquest-remastered-website\system\CodeIgniter.php(399): CodeIgniter\CodeIgniter->runController(Object(App\Controllers\Home))
#7 C:\wamp64\www\conquest-remastered-website\system\CodeIgniter.php(317): CodeIgniter\CodeIgniter->handleRequest(NULL, Object(Config\Cache), false)
#8 C:\wamp64\www\conquest-remastered-website\public\index.php(37): CodeIgniter\CodeIgniter->run()
#9 C:\wamp64\www\conquest-remastered-website\system\Commands\Server\rewrite.php(43): require_once('C:\\wamp64\\www\\c...')
#10 {main}
CRITICAL - 2021-09-27 01:28:14 --> Cannot use object of type stdClass as array
#0 C:\wamp64\www\conquest-remastered-website\app\Models\MatchesDataModel.php(41): App\Models\MatchesDataModel->GetPlayerIcon('765611990951281...')
#1 C:\wamp64\www\conquest-remastered-website\app\Controllers\Home.php(21): App\Models\MatchesDataModel->GetTopAccounts()
#2 C:\wamp64\www\conquest-remastered-website\system\CodeIgniter.php(802): App\Controllers\Home->index()
#3 C:\wamp64\www\conquest-remastered-website\system\CodeIgniter.php(399): CodeIgniter\CodeIgniter->runController(Object(App\Controllers\Home))
#4 C:\wamp64\www\conquest-remastered-website\system\CodeIgniter.php(317): CodeIgniter\CodeIgniter->handleRequest(NULL, Object(Config\Cache), false)
#5 C:\wamp64\www\conquest-remastered-website\public\index.php(37): CodeIgniter\CodeIgniter->run()
#6 C:\wamp64\www\conquest-remastered-website\system\Commands\Server\rewrite.php(43): require_once('C:\\wamp64\\www\\c...')
#7 {main}
CRITICAL - 2021-09-27 01:28:51 --> Cannot use object of type stdClass as array
#0 C:\wamp64\www\conquest-remastered-website\app\Models\MatchesDataModel.php(41): App\Models\MatchesDataModel->GetPlayerIcon('765611990951281...')
#1 C:\wamp64\www\conquest-remastered-website\app\Controllers\Home.php(21): App\Models\MatchesDataModel->GetTopAccounts()
#2 C:\wamp64\www\conquest-remastered-website\system\CodeIgniter.php(802): App\Controllers\Home->index()
#3 C:\wamp64\www\conquest-remastered-website\system\CodeIgniter.php(399): CodeIgniter\CodeIgniter->runController(Object(App\Controllers\Home))
#4 C:\wamp64\www\conquest-remastered-website\system\CodeIgniter.php(317): CodeIgniter\CodeIgniter->handleRequest(NULL, Object(Config\Cache), false)
#5 C:\wamp64\www\conquest-remastered-website\public\index.php(37): CodeIgniter\CodeIgniter->run()
#6 C:\wamp64\www\conquest-remastered-website\system\Commands\Server\rewrite.php(43): require_once('C:\\wamp64\\www\\c...')
#7 {main}
CRITICAL - 2021-09-27 01:30:05 --> Object of class stdClass could not be converted to string
#0 C:\wamp64\www\conquest-remastered-website\app\Models\MatchesDataModel.php(57): CodeIgniter\Debug\Exceptions->errorHandler(4096, 'Object of class...', 'C:\\wamp64\\www\\c...', 57, Array)
#1 C:\wamp64\www\conquest-remastered-website\app\Models\MatchesDataModel.php(41): App\Models\MatchesDataModel->GetPlayerIcon('765611990951281...')
#2 C:\wamp64\www\conquest-remastered-website\app\Controllers\Home.php(21): App\Models\MatchesDataModel->GetTopAccounts()
#3 C:\wamp64\www\conquest-remastered-website\system\CodeIgniter.php(802): App\Controllers\Home->index()
#4 C:\wamp64\www\conquest-remastered-website\system\CodeIgniter.php(399): CodeIgniter\CodeIgniter->runController(Object(App\Controllers\Home))
#5 C:\wamp64\www\conquest-remastered-website\system\CodeIgniter.php(317): CodeIgniter\CodeIgniter->handleRequest(NULL, Object(Config\Cache), false)
#6 C:\wamp64\www\conquest-remastered-website\public\index.php(37): CodeIgniter\CodeIgniter->run()
#7 C:\wamp64\www\conquest-remastered-website\system\Commands\Server\rewrite.php(43): require_once('C:\\wamp64\\www\\c...')
#8 {main}
CRITICAL - 2021-09-27 01:31:15 --> Illegal string offset 'response'
#0 C:\wamp64\www\conquest-remastered-website\app\Models\MatchesDataModel.php(58): CodeIgniter\Debug\Exceptions->errorHandler(2, 'Illegal string ...', 'C:\\wamp64\\www\\c...', 58, Array)
#1 C:\wamp64\www\conquest-remastered-website\app\Models\MatchesDataModel.php(41): App\Models\MatchesDataModel->GetPlayerIcon('765611990951281...')
#2 C:\wamp64\www\conquest-remastered-website\app\Controllers\Home.php(21): App\Models\MatchesDataModel->GetTopAccounts()
#3 C:\wamp64\www\conquest-remastered-website\system\CodeIgniter.php(802): App\Controllers\Home->index()
#4 C:\wamp64\www\conquest-remastered-website\system\CodeIgniter.php(399): CodeIgniter\CodeIgniter->runController(Object(App\Controllers\Home))
#5 C:\wamp64\www\conquest-remastered-website\system\CodeIgniter.php(317): CodeIgniter\CodeIgniter->handleRequest(NULL, Object(Config\Cache), false)
#6 C:\wamp64\www\conquest-remastered-website\public\index.php(37): CodeIgniter\CodeIgniter->run()
#7 C:\wamp64\www\conquest-remastered-website\system\Commands\Server\rewrite.php(43): require_once('C:\\wamp64\\www\\c...')
#8 {main}
CRITICAL - 2021-09-27 01:31:22 --> Illegal string offset 'response'
#0 C:\wamp64\www\conquest-remastered-website\app\Models\MatchesDataModel.php(58): CodeIgniter\Debug\Exceptions->errorHandler(2, 'Illegal string ...', 'C:\\wamp64\\www\\c...', 58, Array)
#1 C:\wamp64\www\conquest-remastered-website\app\Models\MatchesDataModel.php(41): App\Models\MatchesDataModel->GetPlayerIcon('765611990951281...')
#2 C:\wamp64\www\conquest-remastered-website\app\Controllers\Home.php(21): App\Models\MatchesDataModel->GetTopAccounts()
#3 C:\wamp64\www\conquest-remastered-website\system\CodeIgniter.php(802): App\Controllers\Home->index()
#4 C:\wamp64\www\conquest-remastered-website\system\CodeIgniter.php(399): CodeIgniter\CodeIgniter->runController(Object(App\Controllers\Home))
#5 C:\wamp64\www\conquest-remastered-website\system\CodeIgniter.php(317): CodeIgniter\CodeIgniter->handleRequest(NULL, Object(Config\Cache), false)
#6 C:\wamp64\www\conquest-remastered-website\public\index.php(37): CodeIgniter\CodeIgniter->run()
#7 C:\wamp64\www\conquest-remastered-website\system\Commands\Server\rewrite.php(43): require_once('C:\\wamp64\\www\\c...')
#8 {main}
CRITICAL - 2021-09-27 01:31:27 --> Cannot use object of type stdClass as array
#0 C:\wamp64\www\conquest-remastered-website\app\Models\MatchesDataModel.php(41): App\Models\MatchesDataModel->GetPlayerIcon('765611990951281...')
#1 C:\wamp64\www\conquest-remastered-website\app\Controllers\Home.php(21): App\Models\MatchesDataModel->GetTopAccounts()
#2 C:\wamp64\www\conquest-remastered-website\system\CodeIgniter.php(802): App\Controllers\Home->index()
#3 C:\wamp64\www\conquest-remastered-website\system\CodeIgniter.php(399): CodeIgniter\CodeIgniter->runController(Object(App\Controllers\Home))
#4 C:\wamp64\www\conquest-remastered-website\system\CodeIgniter.php(317): CodeIgniter\CodeIgniter->handleRequest(NULL, Object(Config\Cache), false)
#5 C:\wamp64\www\conquest-remastered-website\public\index.php(37): CodeIgniter\CodeIgniter->run()
#6 C:\wamp64\www\conquest-remastered-website\system\Commands\Server\rewrite.php(43): require_once('C:\\wamp64\\www\\c...')
#7 {main}
CRITICAL - 2021-09-27 01:32:27 --> Array to string conversion
#0 C:\wamp64\www\conquest-remastered-website\app\Models\MatchesDataModel.php(57): CodeIgniter\Debug\Exceptions->errorHandler(8, 'Array to string...', 'C:\\wamp64\\www\\c...', 57, Array)
#1 C:\wamp64\www\conquest-remastered-website\app\Models\MatchesDataModel.php(41): App\Models\MatchesDataModel->GetPlayerIcon('765611990951281...')
#2 C:\wamp64\www\conquest-remastered-website\app\Controllers\Home.php(21): App\Models\MatchesDataModel->GetTopAccounts()
#3 C:\wamp64\www\conquest-remastered-website\system\CodeIgniter.php(802): App\Controllers\Home->index()
#4 C:\wamp64\www\conquest-remastered-website\system\CodeIgniter.php(399): CodeIgniter\CodeIgniter->runController(Object(App\Controllers\Home))
#5 C:\wamp64\www\conquest-remastered-website\system\CodeIgniter.php(317): CodeIgniter\CodeIgniter->handleRequest(NULL, Object(Config\Cache), false)
#6 C:\wamp64\www\conquest-remastered-website\public\index.php(37): CodeIgniter\CodeIgniter->run()
#7 C:\wamp64\www\conquest-remastered-website\system\Commands\Server\rewrite.php(43): require_once('C:\\wamp64\\www\\c...')
#8 {main}
