CRITICAL - 2021-09-24 02:02:08 --> Call to a member function get() on null
#0 C:\wamp64\www\conquest-remastered-website\app\Controllers\Auth.php(79): App\Controllers\Auth->logged_in()
#1 C:\wamp64\www\conquest-remastered-website\system\CodeIgniter.php(802): App\Controllers\Auth->Register()
#2 C:\wamp64\www\conquest-remastered-website\system\CodeIgniter.php(399): CodeIgniter\CodeIgniter->runController(Object(App\Controllers\Auth))
#3 C:\wamp64\www\conquest-remastered-website\system\CodeIgniter.php(317): CodeIgniter\CodeIgniter->handleRequest(NULL, Object(Config\Cache), false)
#4 C:\wamp64\www\conquest-remastered-website\public\index.php(37): CodeIgniter\CodeIgniter->run()
#5 C:\wamp64\www\conquest-remastered-website\system\Commands\Server\rewrite.php(43): require_once('C:\\wamp64\\www\\c...')
#6 {main}
CRITICAL - 2021-09-24 02:04:09 --> Call to a member function get() on null
#0 C:\wamp64\www\conquest-remastered-website\app\Controllers\Auth.php(79): App\Controllers\Auth->logged_in()
#1 C:\wamp64\www\conquest-remastered-website\system\CodeIgniter.php(802): App\Controllers\Auth->Register()
#2 C:\wamp64\www\conquest-remastered-website\system\CodeIgniter.php(399): CodeIgniter\CodeIgniter->runController(Object(App\Controllers\Auth))
#3 C:\wamp64\www\conquest-remastered-website\system\CodeIgniter.php(317): CodeIgniter\CodeIgniter->handleRequest(NULL, Object(Config\Cache), false)
#4 C:\wamp64\www\conquest-remastered-website\public\index.php(37): CodeIgniter\CodeIgniter->run()
#5 C:\wamp64\www\conquest-remastered-website\system\Commands\Server\rewrite.php(43): require_once('C:\\wamp64\\www\\c...')
#6 {main}
CRITICAL - 2021-09-24 02:18:35 --> CodeIgniter\View\View::main(): Failed opening required 'steamauth/steamauth.php' (include_path='.;C:\php\pear')
#0 [internal function]: CodeIgniter\Debug\Exceptions->shutdownHandler()
#1 {main}
CRITICAL - 2021-09-24 03:02:37 --> Call to undefined function loginbutton()
#0 C:\wamp64\www\conquest-remastered-website\system\View\View.php(214): include()
#1 C:\wamp64\www\conquest-remastered-website\system\View\View.php(217): CodeIgniter\View\View->CodeIgniter\View\{closure}()
#2 C:\wamp64\www\conquest-remastered-website\system\Common.php(1092): CodeIgniter\View\View->render('Base/Header', Array, true)
#3 C:\wamp64\www\conquest-remastered-website\app\Views\welcome_message.php(1): view('Base/Header')
#4 C:\wamp64\www\conquest-remastered-website\system\View\View.php(214): include('C:\\wamp64\\www\\c...')
#5 C:\wamp64\www\conquest-remastered-website\system\View\View.php(217): CodeIgniter\View\View->CodeIgniter\View\{closure}()
#6 C:\wamp64\www\conquest-remastered-website\system\Common.php(1092): CodeIgniter\View\View->render('welcome_message', Array, true)
#7 C:\wamp64\www\conquest-remastered-website\app\Controllers\Home.php(21): view('welcome_message', Array)
#8 C:\wamp64\www\conquest-remastered-website\system\CodeIgniter.php(802): App\Controllers\Home->index()
#9 C:\wamp64\www\conquest-remastered-website\system\CodeIgniter.php(399): CodeIgniter\CodeIgniter->runController(Object(App\Controllers\Home))
#10 C:\wamp64\www\conquest-remastered-website\system\CodeIgniter.php(317): CodeIgniter\CodeIgniter->handleRequest(NULL, Object(Config\Cache), false)
#11 C:\wamp64\www\conquest-remastered-website\public\index.php(37): CodeIgniter\CodeIgniter->run()
#12 C:\wamp64\www\conquest-remastered-website\system\Commands\Server\rewrite.php(43): require_once('C:\\wamp64\\www\\c...')
#13 {main}
CRITICAL - 2021-09-24 03:02:59 --> Cannot redeclare logoutbutton() (previously declared in C:\wamp64\www\conquest-remastered-website\app\ThirdParty\steamauth\steamauth.php:6)
#0 [internal function]: CodeIgniter\Debug\Exceptions->shutdownHandler()
#1 {main}
CRITICAL - 2021-09-24 03:03:44 --> Cannot redeclare logoutbutton() (previously declared in C:\wamp64\www\conquest-remastered-website\app\ThirdParty\steamauth\steamauth.php:6)
#0 [internal function]: CodeIgniter\Debug\Exceptions->shutdownHandler()
#1 {main}
CRITICAL - 2021-09-24 03:05:20 --> Cannot redeclare logoutbutton() (previously declared in C:\wamp64\www\conquest-remastered-website\app\ThirdParty\steamauth\steamauth.php:6)
#0 [internal function]: CodeIgniter\Debug\Exceptions->shutdownHandler()
#1 {main}
CRITICAL - 2021-09-24 03:05:20 --> Cannot redeclare logoutbutton() (previously declared in C:\wamp64\www\conquest-remastered-website\app\ThirdParty\steamauth\steamauth.php:6)
#0 [internal function]: CodeIgniter\Debug\Exceptions->shutdownHandler()
#1 {main}
CRITICAL - 2021-09-24 19:15:34 --> Undefined index: profilestate
#0 C:\wamp64\www\conquest-remastered-website\app\ThirdParty\steamauth\userInfo.php(8): CodeIgniter\Debug\Exceptions->errorHandler(8, 'Undefined index...', 'C:\\wamp64\\www\\c...', 8, Array)
#1 C:\wamp64\www\conquest-remastered-website\app\Views\Base\Header.php(39): include('C:\\wamp64\\www\\c...')
#2 C:\wamp64\www\conquest-remastered-website\system\View\View.php(214): include('C:\\wamp64\\www\\c...')
#3 C:\wamp64\www\conquest-remastered-website\system\View\View.php(217): CodeIgniter\View\View->CodeIgniter\View\{closure}()
#4 C:\wamp64\www\conquest-remastered-website\system\Common.php(1092): CodeIgniter\View\View->render('Base/Header', Array, true)
#5 C:\wamp64\www\conquest-remastered-website\app\Views\welcome_message.php(1): view('Base/Header')
#6 C:\wamp64\www\conquest-remastered-website\system\View\View.php(214): include('C:\\wamp64\\www\\c...')
#7 C:\wamp64\www\conquest-remastered-website\system\View\View.php(217): CodeIgniter\View\View->CodeIgniter\View\{closure}()
#8 C:\wamp64\www\conquest-remastered-website\system\Common.php(1092): CodeIgniter\View\View->render('welcome_message', Array, true)
#9 C:\wamp64\www\conquest-remastered-website\app\Controllers\Home.php(21): view('welcome_message', Array)
#10 C:\wamp64\www\conquest-remastered-website\system\CodeIgniter.php(802): App\Controllers\Home->index()
#11 C:\wamp64\www\conquest-remastered-website\system\CodeIgniter.php(399): CodeIgniter\CodeIgniter->runController(Object(App\Controllers\Home))
#12 C:\wamp64\www\conquest-remastered-website\system\CodeIgniter.php(317): CodeIgniter\CodeIgniter->handleRequest(NULL, Object(Config\Cache), false)
#13 C:\wamp64\www\conquest-remastered-website\public\index.php(37): CodeIgniter\CodeIgniter->run()
#14 C:\wamp64\www\conquest-remastered-website\system\Commands\Server\rewrite.php(43): require_once('C:\\wamp64\\www\\c...')
#15 {main}
CRITICAL - 2021-09-24 19:15:39 --> Undefined index: profilestate
#0 C:\wamp64\www\conquest-remastered-website\app\ThirdParty\steamauth\userInfo.php(8): CodeIgniter\Debug\Exceptions->errorHandler(8, 'Undefined index...', 'C:\\wamp64\\www\\c...', 8, Array)
#1 C:\wamp64\www\conquest-remastered-website\app\Views\Base\Header.php(39): include('C:\\wamp64\\www\\c...')
#2 C:\wamp64\www\conquest-remastered-website\system\View\View.php(214): include('C:\\wamp64\\www\\c...')
#3 C:\wamp64\www\conquest-remastered-website\system\View\View.php(217): CodeIgniter\View\View->CodeIgniter\View\{closure}()
#4 C:\wamp64\www\conquest-remastered-website\system\Common.php(1092): CodeIgniter\View\View->render('Base/Header', Array, true)
#5 C:\wamp64\www\conquest-remastered-website\app\Views\welcome_message.php(1): view('Base/Header')
#6 C:\wamp64\www\conquest-remastered-website\system\View\View.php(214): include('C:\\wamp64\\www\\c...')
#7 C:\wamp64\www\conquest-remastered-website\system\View\View.php(217): CodeIgniter\View\View->CodeIgniter\View\{closure}()
#8 C:\wamp64\www\conquest-remastered-website\system\Common.php(1092): CodeIgniter\View\View->render('welcome_message', Array, true)
#9 C:\wamp64\www\conquest-remastered-website\app\Controllers\Home.php(21): view('welcome_message', Array)
#10 C:\wamp64\www\conquest-remastered-website\system\CodeIgniter.php(802): App\Controllers\Home->index()
#11 C:\wamp64\www\conquest-remastered-website\system\CodeIgniter.php(399): CodeIgniter\CodeIgniter->runController(Object(App\Controllers\Home))
#12 C:\wamp64\www\conquest-remastered-website\system\CodeIgniter.php(317): CodeIgniter\CodeIgniter->handleRequest(NULL, Object(Config\Cache), false)
#13 C:\wamp64\www\conquest-remastered-website\public\index.php(37): CodeIgniter\CodeIgniter->run()
#14 C:\wamp64\www\conquest-remastered-website\system\Commands\Server\rewrite.php(43): require_once('C:\\wamp64\\www\\c...')
#15 {main}
CRITICAL - 2021-09-24 19:16:06 --> Undefined index: profilestate
#0 C:\wamp64\www\conquest-remastered-website\app\ThirdParty\steamauth\userInfo.php(8): CodeIgniter\Debug\Exceptions->errorHandler(8, 'Undefined index...', 'C:\\wamp64\\www\\c...', 8, Array)
#1 C:\wamp64\www\conquest-remastered-website\app\Views\Base\Header.php(39): include('C:\\wamp64\\www\\c...')
#2 C:\wamp64\www\conquest-remastered-website\system\View\View.php(214): include('C:\\wamp64\\www\\c...')
#3 C:\wamp64\www\conquest-remastered-website\system\View\View.php(217): CodeIgniter\View\View->CodeIgniter\View\{closure}()
#4 C:\wamp64\www\conquest-remastered-website\system\Common.php(1092): CodeIgniter\View\View->render('Base/Header', Array, true)
#5 C:\wamp64\www\conquest-remastered-website\app\Views\welcome_message.php(1): view('Base/Header')
#6 C:\wamp64\www\conquest-remastered-website\system\View\View.php(214): include('C:\\wamp64\\www\\c...')
#7 C:\wamp64\www\conquest-remastered-website\system\View\View.php(217): CodeIgniter\View\View->CodeIgniter\View\{closure}()
#8 C:\wamp64\www\conquest-remastered-website\system\Common.php(1092): CodeIgniter\View\View->render('welcome_message', Array, true)
#9 C:\wamp64\www\conquest-remastered-website\app\Controllers\Home.php(21): view('welcome_message', Array)
#10 C:\wamp64\www\conquest-remastered-website\system\CodeIgniter.php(802): App\Controllers\Home->index()
#11 C:\wamp64\www\conquest-remastered-website\system\CodeIgniter.php(399): CodeIgniter\CodeIgniter->runController(Object(App\Controllers\Home))
#12 C:\wamp64\www\conquest-remastered-website\system\CodeIgniter.php(317): CodeIgniter\CodeIgniter->handleRequest(NULL, Object(Config\Cache), false)
#13 C:\wamp64\www\conquest-remastered-website\public\index.php(37): CodeIgniter\CodeIgniter->run()
#14 C:\wamp64\www\conquest-remastered-website\system\Commands\Server\rewrite.php(43): require_once('C:\\wamp64\\www\\c...')
#15 {main}
CRITICAL - 2021-09-24 19:17:12 --> Undefined index: profilestate
#0 C:\wamp64\www\conquest-remastered-website\app\ThirdParty\steamauth\userInfo.php(8): CodeIgniter\Debug\Exceptions->errorHandler(8, 'Undefined index...', 'C:\\wamp64\\www\\c...', 8, Array)
#1 C:\wamp64\www\conquest-remastered-website\app\Views\Base\Header.php(39): include('C:\\wamp64\\www\\c...')
#2 C:\wamp64\www\conquest-remastered-website\system\View\View.php(214): include('C:\\wamp64\\www\\c...')
#3 C:\wamp64\www\conquest-remastered-website\system\View\View.php(217): CodeIgniter\View\View->CodeIgniter\View\{closure}()
#4 C:\wamp64\www\conquest-remastered-website\system\Common.php(1092): CodeIgniter\View\View->render('Base/Header', Array, true)
#5 C:\wamp64\www\conquest-remastered-website\app\Views\welcome_message.php(1): view('Base/Header')
#6 C:\wamp64\www\conquest-remastered-website\system\View\View.php(214): include('C:\\wamp64\\www\\c...')
#7 C:\wamp64\www\conquest-remastered-website\system\View\View.php(217): CodeIgniter\View\View->CodeIgniter\View\{closure}()
#8 C:\wamp64\www\conquest-remastered-website\system\Common.php(1092): CodeIgniter\View\View->render('welcome_message', Array, true)
#9 C:\wamp64\www\conquest-remastered-website\app\Controllers\Home.php(21): view('welcome_message', Array)
#10 C:\wamp64\www\conquest-remastered-website\system\CodeIgniter.php(802): App\Controllers\Home->index()
#11 C:\wamp64\www\conquest-remastered-website\system\CodeIgniter.php(399): CodeIgniter\CodeIgniter->runController(Object(App\Controllers\Home))
#12 C:\wamp64\www\conquest-remastered-website\system\CodeIgniter.php(317): CodeIgniter\CodeIgniter->handleRequest(NULL, Object(Config\Cache), false)
#13 C:\wamp64\www\conquest-remastered-website\public\index.php(37): CodeIgniter\CodeIgniter->run()
#14 C:\wamp64\www\conquest-remastered-website\system\Commands\Server\rewrite.php(43): require_once('C:\\wamp64\\www\\c...')
#15 {main}
CRITICAL - 2021-09-24 19:17:15 --> Undefined index: profilestate
#0 C:\wamp64\www\conquest-remastered-website\app\ThirdParty\steamauth\userInfo.php(8): CodeIgniter\Debug\Exceptions->errorHandler(8, 'Undefined index...', 'C:\\wamp64\\www\\c...', 8, Array)
#1 C:\wamp64\www\conquest-remastered-website\app\Views\Base\Header.php(39): include('C:\\wamp64\\www\\c...')
#2 C:\wamp64\www\conquest-remastered-website\system\View\View.php(214): include('C:\\wamp64\\www\\c...')
#3 C:\wamp64\www\conquest-remastered-website\system\View\View.php(217): CodeIgniter\View\View->CodeIgniter\View\{closure}()
#4 C:\wamp64\www\conquest-remastered-website\system\Common.php(1092): CodeIgniter\View\View->render('Base/Header', Array, true)
#5 C:\wamp64\www\conquest-remastered-website\app\Views\welcome_message.php(1): view('Base/Header')
#6 C:\wamp64\www\conquest-remastered-website\system\View\View.php(214): include('C:\\wamp64\\www\\c...')
#7 C:\wamp64\www\conquest-remastered-website\system\View\View.php(217): CodeIgniter\View\View->CodeIgniter\View\{closure}()
#8 C:\wamp64\www\conquest-remastered-website\system\Common.php(1092): CodeIgniter\View\View->render('welcome_message', Array, true)
#9 C:\wamp64\www\conquest-remastered-website\app\Controllers\Home.php(21): view('welcome_message', Array)
#10 C:\wamp64\www\conquest-remastered-website\system\CodeIgniter.php(802): App\Controllers\Home->index()
#11 C:\wamp64\www\conquest-remastered-website\system\CodeIgniter.php(399): CodeIgniter\CodeIgniter->runController(Object(App\Controllers\Home))
#12 C:\wamp64\www\conquest-remastered-website\system\CodeIgniter.php(317): CodeIgniter\CodeIgniter->handleRequest(NULL, Object(Config\Cache), false)
#13 C:\wamp64\www\conquest-remastered-website\public\index.php(37): CodeIgniter\CodeIgniter->run()
#14 C:\wamp64\www\conquest-remastered-website\system\Commands\Server\rewrite.php(43): require_once('C:\\wamp64\\www\\c...')
#15 {main}
CRITICAL - 2021-09-24 19:17:56 --> Undefined index: profilestate
#0 C:\wamp64\www\conquest-remastered-website\app\ThirdParty\steamauth\userInfo.php(8): CodeIgniter\Debug\Exceptions->errorHandler(8, 'Undefined index...', 'C:\\wamp64\\www\\c...', 8, Array)
#1 C:\wamp64\www\conquest-remastered-website\app\Views\Base\Header.php(39): include('C:\\wamp64\\www\\c...')
#2 C:\wamp64\www\conquest-remastered-website\system\View\View.php(214): include('C:\\wamp64\\www\\c...')
#3 C:\wamp64\www\conquest-remastered-website\system\View\View.php(217): CodeIgniter\View\View->CodeIgniter\View\{closure}()
#4 C:\wamp64\www\conquest-remastered-website\system\Common.php(1092): CodeIgniter\View\View->render('Base/Header', Array, true)
#5 C:\wamp64\www\conquest-remastered-website\app\Views\welcome_message.php(1): view('Base/Header')
#6 C:\wamp64\www\conquest-remastered-website\system\View\View.php(214): include('C:\\wamp64\\www\\c...')
#7 C:\wamp64\www\conquest-remastered-website\system\View\View.php(217): CodeIgniter\View\View->CodeIgniter\View\{closure}()
#8 C:\wamp64\www\conquest-remastered-website\system\Common.php(1092): CodeIgniter\View\View->render('welcome_message', Array, true)
#9 C:\wamp64\www\conquest-remastered-website\app\Controllers\Home.php(21): view('welcome_message', Array)
#10 C:\wamp64\www\conquest-remastered-website\system\CodeIgniter.php(802): App\Controllers\Home->index()
#11 C:\wamp64\www\conquest-remastered-website\system\CodeIgniter.php(399): CodeIgniter\CodeIgniter->runController(Object(App\Controllers\Home))
#12 C:\wamp64\www\conquest-remastered-website\system\CodeIgniter.php(317): CodeIgniter\CodeIgniter->handleRequest(NULL, Object(Config\Cache), false)
#13 C:\wamp64\www\conquest-remastered-website\public\index.php(37): CodeIgniter\CodeIgniter->run()
#14 C:\wamp64\www\conquest-remastered-website\system\Commands\Server\rewrite.php(43): require_once('C:\\wamp64\\www\\c...')
#15 {main}
CRITICAL - 2021-09-24 19:21:25 --> Undefined index: profilestate
#0 C:\wamp64\www\conquest-remastered-website\app\ThirdParty\steamauth\userInfo.php(8): CodeIgniter\Debug\Exceptions->errorHandler(8, 'Undefined index...', 'C:\\wamp64\\www\\c...', 8, Array)
#1 C:\wamp64\www\conquest-remastered-website\app\Views\Base\Header.php(39): include('C:\\wamp64\\www\\c...')
#2 C:\wamp64\www\conquest-remastered-website\system\View\View.php(214): include('C:\\wamp64\\www\\c...')
#3 C:\wamp64\www\conquest-remastered-website\system\View\View.php(217): CodeIgniter\View\View->CodeIgniter\View\{closure}()
#4 C:\wamp64\www\conquest-remastered-website\system\Common.php(1092): CodeIgniter\View\View->render('Base/Header', Array, true)
#5 C:\wamp64\www\conquest-remastered-website\app\Views\welcome_message.php(1): view('Base/Header')
#6 C:\wamp64\www\conquest-remastered-website\system\View\View.php(214): include('C:\\wamp64\\www\\c...')
#7 C:\wamp64\www\conquest-remastered-website\system\View\View.php(217): CodeIgniter\View\View->CodeIgniter\View\{closure}()
#8 C:\wamp64\www\conquest-remastered-website\system\Common.php(1092): CodeIgniter\View\View->render('welcome_message', Array, true)
#9 C:\wamp64\www\conquest-remastered-website\app\Controllers\Home.php(21): view('welcome_message', Array)
#10 C:\wamp64\www\conquest-remastered-website\system\CodeIgniter.php(802): App\Controllers\Home->index()
#11 C:\wamp64\www\conquest-remastered-website\system\CodeIgniter.php(399): CodeIgniter\CodeIgniter->runController(Object(App\Controllers\Home))
#12 C:\wamp64\www\conquest-remastered-website\system\CodeIgniter.php(317): CodeIgniter\CodeIgniter->handleRequest(NULL, Object(Config\Cache), false)
#13 C:\wamp64\www\conquest-remastered-website\public\index.php(37): CodeIgniter\CodeIgniter->run()
#14 C:\wamp64\www\conquest-remastered-website\system\Commands\Server\rewrite.php(43): require_once('C:\\wamp64\\www\\c...')
#15 {main}
CRITICAL - 2021-09-24 19:22:12 --> Undefined index: lastlogoff
#0 C:\wamp64\www\conquest-remastered-website\app\ThirdParty\steamauth\userInfo.php(13): CodeIgniter\Debug\Exceptions->errorHandler(8, 'Undefined index...', 'C:\\wamp64\\www\\c...', 13, Array)
#1 C:\wamp64\www\conquest-remastered-website\app\Views\Base\Header.php(39): include('C:\\wamp64\\www\\c...')
#2 C:\wamp64\www\conquest-remastered-website\system\View\View.php(214): include('C:\\wamp64\\www\\c...')
#3 C:\wamp64\www\conquest-remastered-website\system\View\View.php(217): CodeIgniter\View\View->CodeIgniter\View\{closure}()
#4 C:\wamp64\www\conquest-remastered-website\system\Common.php(1092): CodeIgniter\View\View->render('Base/Header', Array, true)
#5 C:\wamp64\www\conquest-remastered-website\app\Views\welcome_message.php(1): view('Base/Header')
#6 C:\wamp64\www\conquest-remastered-website\system\View\View.php(214): include('C:\\wamp64\\www\\c...')
#7 C:\wamp64\www\conquest-remastered-website\system\View\View.php(217): CodeIgniter\View\View->CodeIgniter\View\{closure}()
#8 C:\wamp64\www\conquest-remastered-website\system\Common.php(1092): CodeIgniter\View\View->render('welcome_message', Array, true)
#9 C:\wamp64\www\conquest-remastered-website\app\Controllers\Home.php(21): view('welcome_message', Array)
#10 C:\wamp64\www\conquest-remastered-website\system\CodeIgniter.php(802): App\Controllers\Home->index()
#11 C:\wamp64\www\conquest-remastered-website\system\CodeIgniter.php(399): CodeIgniter\CodeIgniter->runController(Object(App\Controllers\Home))
#12 C:\wamp64\www\conquest-remastered-website\system\CodeIgniter.php(317): CodeIgniter\CodeIgniter->handleRequest(NULL, Object(Config\Cache), false)
#13 C:\wamp64\www\conquest-remastered-website\public\index.php(37): CodeIgniter\CodeIgniter->run()
#14 C:\wamp64\www\conquest-remastered-website\system\Commands\Server\rewrite.php(43): require_once('C:\\wamp64\\www\\c...')
#15 {main}
CRITICAL - 2021-09-24 19:23:44 --> Undefined index: lastlogoff
#0 C:\wamp64\www\conquest-remastered-website\app\ThirdParty\steamauth\userInfo.php(15): CodeIgniter\Debug\Exceptions->errorHandler(8, 'Undefined index...', 'C:\\wamp64\\www\\c...', 15, Array)
#1 C:\wamp64\www\conquest-remastered-website\app\Views\Base\Header.php(39): include('C:\\wamp64\\www\\c...')
#2 C:\wamp64\www\conquest-remastered-website\system\View\View.php(214): include('C:\\wamp64\\www\\c...')
#3 C:\wamp64\www\conquest-remastered-website\system\View\View.php(217): CodeIgniter\View\View->CodeIgniter\View\{closure}()
#4 C:\wamp64\www\conquest-remastered-website\system\Common.php(1092): CodeIgniter\View\View->render('Base/Header', Array, true)
#5 C:\wamp64\www\conquest-remastered-website\app\Views\welcome_message.php(1): view('Base/Header')
#6 C:\wamp64\www\conquest-remastered-website\system\View\View.php(214): include('C:\\wamp64\\www\\c...')
#7 C:\wamp64\www\conquest-remastered-website\system\View\View.php(217): CodeIgniter\View\View->CodeIgniter\View\{closure}()
#8 C:\wamp64\www\conquest-remastered-website\system\Common.php(1092): CodeIgniter\View\View->render('welcome_message', Array, true)
#9 C:\wamp64\www\conquest-remastered-website\app\Controllers\Home.php(21): view('welcome_message', Array)
#10 C:\wamp64\www\conquest-remastered-website\system\CodeIgniter.php(802): App\Controllers\Home->index()
#11 C:\wamp64\www\conquest-remastered-website\system\CodeIgniter.php(399): CodeIgniter\CodeIgniter->runController(Object(App\Controllers\Home))
#12 C:\wamp64\www\conquest-remastered-website\system\CodeIgniter.php(317): CodeIgniter\CodeIgniter->handleRequest(NULL, Object(Config\Cache), false)
#13 C:\wamp64\www\conquest-remastered-website\public\index.php(37): CodeIgniter\CodeIgniter->run()
#14 C:\wamp64\www\conquest-remastered-website\system\Commands\Server\rewrite.php(43): require_once('C:\\wamp64\\www\\c...')
#15 {main}
CRITICAL - 2021-09-24 19:24:41 --> Undefined index: steam_lastlogoff
#0 C:\wamp64\www\conquest-remastered-website\app\ThirdParty\steamauth\userInfo.php(41): CodeIgniter\Debug\Exceptions->errorHandler(8, 'Undefined index...', 'C:\\wamp64\\www\\c...', 41, Array)
#1 C:\wamp64\www\conquest-remastered-website\app\Views\Base\Header.php(39): include('C:\\wamp64\\www\\c...')
#2 C:\wamp64\www\conquest-remastered-website\system\View\View.php(214): include('C:\\wamp64\\www\\c...')
#3 C:\wamp64\www\conquest-remastered-website\system\View\View.php(217): CodeIgniter\View\View->CodeIgniter\View\{closure}()
#4 C:\wamp64\www\conquest-remastered-website\system\Common.php(1092): CodeIgniter\View\View->render('Base/Header', Array, true)
#5 C:\wamp64\www\conquest-remastered-website\app\Views\welcome_message.php(1): view('Base/Header')
#6 C:\wamp64\www\conquest-remastered-website\system\View\View.php(214): include('C:\\wamp64\\www\\c...')
#7 C:\wamp64\www\conquest-remastered-website\system\View\View.php(217): CodeIgniter\View\View->CodeIgniter\View\{closure}()
#8 C:\wamp64\www\conquest-remastered-website\system\Common.php(1092): CodeIgniter\View\View->render('welcome_message', Array, true)
#9 C:\wamp64\www\conquest-remastered-website\app\Controllers\Home.php(21): view('welcome_message', Array)
#10 C:\wamp64\www\conquest-remastered-website\system\CodeIgniter.php(802): App\Controllers\Home->index()
#11 C:\wamp64\www\conquest-remastered-website\system\CodeIgniter.php(399): CodeIgniter\CodeIgniter->runController(Object(App\Controllers\Home))
#12 C:\wamp64\www\conquest-remastered-website\system\CodeIgniter.php(317): CodeIgniter\CodeIgniter->handleRequest(NULL, Object(Config\Cache), false)
#13 C:\wamp64\www\conquest-remastered-website\public\index.php(37): CodeIgniter\CodeIgniter->run()
#14 C:\wamp64\www\conquest-remastered-website\system\Commands\Server\rewrite.php(43): require_once('C:\\wamp64\\www\\c...')
#15 {main}
CRITICAL - 2021-09-24 19:44:33 --> Undefined index: steam_lastlogoff
#0 C:\wamp64\www\conquest-remastered-website\app\ThirdParty\steamauth\userInfo.php(40): CodeIgniter\Debug\Exceptions->errorHandler(8, 'Undefined index...', 'C:\\wamp64\\www\\c...', 40, Array)
#1 C:\wamp64\www\conquest-remastered-website\app\Views\Base\Header.php(39): include('C:\\wamp64\\www\\c...')
#2 C:\wamp64\www\conquest-remastered-website\system\View\View.php(214): include('C:\\wamp64\\www\\c...')
#3 C:\wamp64\www\conquest-remastered-website\system\View\View.php(217): CodeIgniter\View\View->CodeIgniter\View\{closure}()
#4 C:\wamp64\www\conquest-remastered-website\system\Common.php(1092): CodeIgniter\View\View->render('Base/Header', Array, true)
#5 C:\wamp64\www\conquest-remastered-website\app\Views\welcome_message.php(1): view('Base/Header')
#6 C:\wamp64\www\conquest-remastered-website\system\View\View.php(214): include('C:\\wamp64\\www\\c...')
#7 C:\wamp64\www\conquest-remastered-website\system\View\View.php(217): CodeIgniter\View\View->CodeIgniter\View\{closure}()
#8 C:\wamp64\www\conquest-remastered-website\system\Common.php(1092): CodeIgniter\View\View->render('welcome_message', Array, true)
#9 C:\wamp64\www\conquest-remastered-website\app\Controllers\Home.php(21): view('welcome_message', Array)
#10 C:\wamp64\www\conquest-remastered-website\system\CodeIgniter.php(802): App\Controllers\Home->index()
#11 C:\wamp64\www\conquest-remastered-website\system\CodeIgniter.php(399): CodeIgniter\CodeIgniter->runController(Object(App\Controllers\Home))
#12 C:\wamp64\www\conquest-remastered-website\system\CodeIgniter.php(317): CodeIgniter\CodeIgniter->handleRequest(NULL, Object(Config\Cache), false)
#13 C:\wamp64\www\conquest-remastered-website\public\index.php(37): CodeIgniter\CodeIgniter->run()
#14 C:\wamp64\www\conquest-remastered-website\system\Commands\Server\rewrite.php(43): require_once('C:\\wamp64\\www\\c...')
#15 {main}
CRITICAL - 2021-09-24 19:48:57 --> syntax error, unexpected ';', expecting ')'
#0 C:\wamp64\www\conquest-remastered-website\system\View\View.php(214): include()
#1 C:\wamp64\www\conquest-remastered-website\system\View\View.php(217): CodeIgniter\View\View->CodeIgniter\View\{closure}()
#2 C:\wamp64\www\conquest-remastered-website\system\Common.php(1092): CodeIgniter\View\View->render('Base/Header', Array, true)
#3 C:\wamp64\www\conquest-remastered-website\app\Views\welcome_message.php(1): view('Base/Header')
#4 C:\wamp64\www\conquest-remastered-website\system\View\View.php(214): include('C:\\wamp64\\www\\c...')
#5 C:\wamp64\www\conquest-remastered-website\system\View\View.php(217): CodeIgniter\View\View->CodeIgniter\View\{closure}()
#6 C:\wamp64\www\conquest-remastered-website\system\Common.php(1092): CodeIgniter\View\View->render('welcome_message', Array, true)
#7 C:\wamp64\www\conquest-remastered-website\app\Controllers\Home.php(21): view('welcome_message', Array)
#8 C:\wamp64\www\conquest-remastered-website\system\CodeIgniter.php(802): App\Controllers\Home->index()
#9 C:\wamp64\www\conquest-remastered-website\system\CodeIgniter.php(399): CodeIgniter\CodeIgniter->runController(Object(App\Controllers\Home))
#10 C:\wamp64\www\conquest-remastered-website\system\CodeIgniter.php(317): CodeIgniter\CodeIgniter->handleRequest(NULL, Object(Config\Cache), false)
#11 C:\wamp64\www\conquest-remastered-website\public\index.php(37): CodeIgniter\CodeIgniter->run()
#12 C:\wamp64\www\conquest-remastered-website\system\Commands\Server\rewrite.php(43): require_once('C:\\wamp64\\www\\c...')
#13 {main}
CRITICAL - 2021-09-24 20:27:48 --> Undefined variable: steamprofile
#0 C:\wamp64\www\conquest-remastered-website\app\Views\Base\Header.php(42): CodeIgniter\Debug\Exceptions->errorHandler(8, 'Undefined varia...', 'C:\\wamp64\\www\\c...', 42, Array)
#1 C:\wamp64\www\conquest-remastered-website\system\View\View.php(214): include('C:\\wamp64\\www\\c...')
#2 C:\wamp64\www\conquest-remastered-website\system\View\View.php(217): CodeIgniter\View\View->CodeIgniter\View\{closure}()
#3 C:\wamp64\www\conquest-remastered-website\system\Common.php(1092): CodeIgniter\View\View->render('Base/Header', Array, true)
#4 C:\wamp64\www\conquest-remastered-website\app\Views\welcome_message.php(1): view('Base/Header')
#5 C:\wamp64\www\conquest-remastered-website\system\View\View.php(214): include('C:\\wamp64\\www\\c...')
#6 C:\wamp64\www\conquest-remastered-website\system\View\View.php(217): CodeIgniter\View\View->CodeIgniter\View\{closure}()
#7 C:\wamp64\www\conquest-remastered-website\system\Common.php(1092): CodeIgniter\View\View->render('welcome_message', Array, true)
#8 C:\wamp64\www\conquest-remastered-website\app\Controllers\Home.php(29): view('welcome_message', Array)
#9 C:\wamp64\www\conquest-remastered-website\system\CodeIgniter.php(802): App\Controllers\Home->index()
#10 C:\wamp64\www\conquest-remastered-website\system\CodeIgniter.php(399): CodeIgniter\CodeIgniter->runController(Object(App\Controllers\Home))
#11 C:\wamp64\www\conquest-remastered-website\system\CodeIgniter.php(317): CodeIgniter\CodeIgniter->handleRequest(NULL, Object(Config\Cache), false)
#12 C:\wamp64\www\conquest-remastered-website\public\index.php(37): CodeIgniter\CodeIgniter->run()
#13 C:\wamp64\www\conquest-remastered-website\system\Commands\Server\rewrite.php(43): require_once('C:\\wamp64\\www\\c...')
#14 {main}
CRITICAL - 2021-09-24 20:28:58 --> Undefined variable: steamprofile
#0 C:\wamp64\www\conquest-remastered-website\app\Views\Base\Header.php(42): CodeIgniter\Debug\Exceptions->errorHandler(8, 'Undefined varia...', 'C:\\wamp64\\www\\c...', 42, Array)
#1 C:\wamp64\www\conquest-remastered-website\system\View\View.php(214): include('C:\\wamp64\\www\\c...')
#2 C:\wamp64\www\conquest-remastered-website\system\View\View.php(217): CodeIgniter\View\View->CodeIgniter\View\{closure}()
#3 C:\wamp64\www\conquest-remastered-website\system\Common.php(1092): CodeIgniter\View\View->render('Base/Header', Array, true)
#4 C:\wamp64\www\conquest-remastered-website\app\Views\welcome_message.php(1): view('Base/Header')
#5 C:\wamp64\www\conquest-remastered-website\system\View\View.php(214): include('C:\\wamp64\\www\\c...')
#6 C:\wamp64\www\conquest-remastered-website\system\View\View.php(217): CodeIgniter\View\View->CodeIgniter\View\{closure}()
#7 C:\wamp64\www\conquest-remastered-website\system\Common.php(1092): CodeIgniter\View\View->render('welcome_message', Array, true)
#8 C:\wamp64\www\conquest-remastered-website\app\Controllers\Home.php(29): view('welcome_message', Array)
#9 C:\wamp64\www\conquest-remastered-website\system\CodeIgniter.php(802): App\Controllers\Home->index()
#10 C:\wamp64\www\conquest-remastered-website\system\CodeIgniter.php(399): CodeIgniter\CodeIgniter->runController(Object(App\Controllers\Home))
#11 C:\wamp64\www\conquest-remastered-website\system\CodeIgniter.php(317): CodeIgniter\CodeIgniter->handleRequest(NULL, Object(Config\Cache), false)
#12 C:\wamp64\www\conquest-remastered-website\public\index.php(37): CodeIgniter\CodeIgniter->run()
#13 C:\wamp64\www\conquest-remastered-website\system\Commands\Server\rewrite.php(43): require_once('C:\\wamp64\\www\\c...')
#14 {main}
CRITICAL - 2021-09-24 20:44:11 --> Argument 1 passed to App\Models\UserModel::RegisterUser() must be of the type array, string given, called in C:\wamp64\www\conquest-remastered-website\app\Controllers\Auth.php on line 150
#0 C:\wamp64\www\conquest-remastered-website\app\Controllers\Auth.php(150): App\Models\UserModel->RegisterUser('765611992097219...')
#1 C:\wamp64\www\conquest-remastered-website\app\Controllers\Home.php(25): App\Controllers\Auth->CheckSteamDataOnDatabase('765611992097219...')
#2 C:\wamp64\www\conquest-remastered-website\system\CodeIgniter.php(802): App\Controllers\Home->index()
#3 C:\wamp64\www\conquest-remastered-website\system\CodeIgniter.php(399): CodeIgniter\CodeIgniter->runController(Object(App\Controllers\Home))
#4 C:\wamp64\www\conquest-remastered-website\system\CodeIgniter.php(317): CodeIgniter\CodeIgniter->handleRequest(NULL, Object(Config\Cache), false)
#5 C:\wamp64\www\conquest-remastered-website\public\index.php(37): CodeIgniter\CodeIgniter->run()
#6 C:\wamp64\www\conquest-remastered-website\system\Commands\Server\rewrite.php(43): require_once('C:\\wamp64\\www\\c...')
#7 {main}
ERROR - 2021-09-24 20:53:11 --> Duplicate entry '2147483647' for key 'PRIMARY'
CRITICAL - 2021-09-24 20:53:11 --> Duplicate entry '2147483647' for key 'PRIMARY'
#0 C:\wamp64\www\conquest-remastered-website\system\Database\MySQLi\Connection.php(280): mysqli->query('INSERT INTO `us...')
#1 C:\wamp64\www\conquest-remastered-website\system\Database\BaseConnection.php(663): CodeIgniter\Database\MySQLi\Connection->execute('INSERT INTO `us...')
#2 C:\wamp64\www\conquest-remastered-website\system\Database\BaseConnection.php(591): CodeIgniter\Database\BaseConnection->simpleQuery('INSERT INTO `us...')
#3 C:\wamp64\www\conquest-remastered-website\system\Database\BaseBuilder.php(1733): CodeIgniter\Database\BaseConnection->query('INSERT INTO `us...', Array, false)
#4 C:\wamp64\www\conquest-remastered-website\system\Model.php(239): CodeIgniter\Database\BaseBuilder->insert()
#5 C:\wamp64\www\conquest-remastered-website\system\BaseModel.php(738): CodeIgniter\Model->doInsert(Array)
#6 C:\wamp64\www\conquest-remastered-website\system\Model.php(620): CodeIgniter\BaseModel->insert(Array, true)
#7 C:\wamp64\www\conquest-remastered-website\app\Models\UserModel.php(37): CodeIgniter\Model->insert(Array)
#8 C:\wamp64\www\conquest-remastered-website\app\Controllers\Auth.php(150): App\Models\UserModel->RegisterUser(Array)
#9 C:\wamp64\www\conquest-remastered-website\app\Controllers\Home.php(25): App\Controllers\Auth->CheckSteamDataOnDatabase('765611992097219...')
#10 C:\wamp64\www\conquest-remastered-website\system\CodeIgniter.php(802): App\Controllers\Home->index()
#11 C:\wamp64\www\conquest-remastered-website\system\CodeIgniter.php(399): CodeIgniter\CodeIgniter->runController(Object(App\Controllers\Home))
#12 C:\wamp64\www\conquest-remastered-website\system\CodeIgniter.php(317): CodeIgniter\CodeIgniter->handleRequest(NULL, Object(Config\Cache), false)
#13 C:\wamp64\www\conquest-remastered-website\public\index.php(37): CodeIgniter\CodeIgniter->run()
#14 C:\wamp64\www\conquest-remastered-website\system\Commands\Server\rewrite.php(43): require_once('C:\\wamp64\\www\\c...')
#15 {main}
ERROR - 2021-09-24 20:54:54 --> Duplicate entry '2147483647' for key 'PRIMARY'
CRITICAL - 2021-09-24 20:54:54 --> Duplicate entry '2147483647' for key 'PRIMARY'
#0 C:\wamp64\www\conquest-remastered-website\system\Database\MySQLi\Connection.php(280): mysqli->query('INSERT INTO `us...')
#1 C:\wamp64\www\conquest-remastered-website\system\Database\BaseConnection.php(663): CodeIgniter\Database\MySQLi\Connection->execute('INSERT INTO `us...')
#2 C:\wamp64\www\conquest-remastered-website\system\Database\BaseConnection.php(591): CodeIgniter\Database\BaseConnection->simpleQuery('INSERT INTO `us...')
#3 C:\wamp64\www\conquest-remastered-website\system\Database\BaseBuilder.php(1733): CodeIgniter\Database\BaseConnection->query('INSERT INTO `us...', Array, false)
#4 C:\wamp64\www\conquest-remastered-website\system\Model.php(239): CodeIgniter\Database\BaseBuilder->insert()
#5 C:\wamp64\www\conquest-remastered-website\system\BaseModel.php(738): CodeIgniter\Model->doInsert(Array)
#6 C:\wamp64\www\conquest-remastered-website\system\Model.php(620): CodeIgniter\BaseModel->insert(Array, true)
#7 C:\wamp64\www\conquest-remastered-website\app\Models\UserModel.php(39): CodeIgniter\Model->insert(Array)
#8 C:\wamp64\www\conquest-remastered-website\app\Controllers\Auth.php(150): App\Models\UserModel->RegisterUser(Array)
#9 C:\wamp64\www\conquest-remastered-website\app\Controllers\Home.php(25): App\Controllers\Auth->CheckSteamDataOnDatabase('765611992097219...')
#10 C:\wamp64\www\conquest-remastered-website\system\CodeIgniter.php(802): App\Controllers\Home->index()
#11 C:\wamp64\www\conquest-remastered-website\system\CodeIgniter.php(399): CodeIgniter\CodeIgniter->runController(Object(App\Controllers\Home))
#12 C:\wamp64\www\conquest-remastered-website\system\CodeIgniter.php(317): CodeIgniter\CodeIgniter->handleRequest(NULL, Object(Config\Cache), false)
#13 C:\wamp64\www\conquest-remastered-website\public\index.php(37): CodeIgniter\CodeIgniter->run()
#14 C:\wamp64\www\conquest-remastered-website\system\Commands\Server\rewrite.php(43): require_once('C:\\wamp64\\www\\c...')
#15 {main}
ERROR - 2021-09-24 20:55:13 --> Duplicate entry '2147483647' for key 'PRIMARY'
CRITICAL - 2021-09-24 20:55:13 --> Duplicate entry '2147483647' for key 'PRIMARY'
#0 C:\wamp64\www\conquest-remastered-website\system\Database\MySQLi\Connection.php(280): mysqli->query('INSERT INTO `us...')
#1 C:\wamp64\www\conquest-remastered-website\system\Database\BaseConnection.php(663): CodeIgniter\Database\MySQLi\Connection->execute('INSERT INTO `us...')
#2 C:\wamp64\www\conquest-remastered-website\system\Database\BaseConnection.php(591): CodeIgniter\Database\BaseConnection->simpleQuery('INSERT INTO `us...')
#3 C:\wamp64\www\conquest-remastered-website\system\Database\BaseBuilder.php(1733): CodeIgniter\Database\BaseConnection->query('INSERT INTO `us...', Array, false)
#4 C:\wamp64\www\conquest-remastered-website\system\Model.php(239): CodeIgniter\Database\BaseBuilder->insert()
#5 C:\wamp64\www\conquest-remastered-website\system\BaseModel.php(738): CodeIgniter\Model->doInsert(Array)
#6 C:\wamp64\www\conquest-remastered-website\system\Model.php(620): CodeIgniter\BaseModel->insert(Array, true)
#7 C:\wamp64\www\conquest-remastered-website\app\Models\UserModel.php(39): CodeIgniter\Model->insert(Array)
#8 C:\wamp64\www\conquest-remastered-website\app\Controllers\Auth.php(150): App\Models\UserModel->RegisterUser(Array)
#9 C:\wamp64\www\conquest-remastered-website\app\Controllers\Home.php(25): App\Controllers\Auth->CheckSteamDataOnDatabase('765611992097219...')
#10 C:\wamp64\www\conquest-remastered-website\system\CodeIgniter.php(802): App\Controllers\Home->index()
#11 C:\wamp64\www\conquest-remastered-website\system\CodeIgniter.php(399): CodeIgniter\CodeIgniter->runController(Object(App\Controllers\Home))
#12 C:\wamp64\www\conquest-remastered-website\system\CodeIgniter.php(317): CodeIgniter\CodeIgniter->handleRequest(NULL, Object(Config\Cache), false)
#13 C:\wamp64\www\conquest-remastered-website\public\index.php(37): CodeIgniter\CodeIgniter->run()
#14 C:\wamp64\www\conquest-remastered-website\system\Commands\Server\rewrite.php(43): require_once('C:\\wamp64\\www\\c...')
#15 {main}
ERROR - 2021-09-24 20:56:03 --> Duplicate entry '2147483647' for key 'PRIMARY'
CRITICAL - 2021-09-24 20:56:03 --> Duplicate entry '2147483647' for key 'PRIMARY'
#0 C:\wamp64\www\conquest-remastered-website\system\Database\MySQLi\Connection.php(280): mysqli->query('INSERT INTO `us...')
#1 C:\wamp64\www\conquest-remastered-website\system\Database\BaseConnection.php(663): CodeIgniter\Database\MySQLi\Connection->execute('INSERT INTO `us...')
#2 C:\wamp64\www\conquest-remastered-website\system\Database\BaseConnection.php(591): CodeIgniter\Database\BaseConnection->simpleQuery('INSERT INTO `us...')
#3 C:\wamp64\www\conquest-remastered-website\system\Database\BaseBuilder.php(1733): CodeIgniter\Database\BaseConnection->query('INSERT INTO `us...', Array, false)
#4 C:\wamp64\www\conquest-remastered-website\system\Model.php(239): CodeIgniter\Database\BaseBuilder->insert()
#5 C:\wamp64\www\conquest-remastered-website\system\BaseModel.php(738): CodeIgniter\Model->doInsert(Array)
#6 C:\wamp64\www\conquest-remastered-website\system\Model.php(620): CodeIgniter\BaseModel->insert(Array, true)
#7 C:\wamp64\www\conquest-remastered-website\app\Models\UserModel.php(39): CodeIgniter\Model->insert(Array)
#8 C:\wamp64\www\conquest-remastered-website\app\Controllers\Auth.php(150): App\Models\UserModel->RegisterUser(Array)
#9 C:\wamp64\www\conquest-remastered-website\app\Controllers\Home.php(25): App\Controllers\Auth->CheckSteamDataOnDatabase('765611992097219...')
#10 C:\wamp64\www\conquest-remastered-website\system\CodeIgniter.php(802): App\Controllers\Home->index()
#11 C:\wamp64\www\conquest-remastered-website\system\CodeIgniter.php(399): CodeIgniter\CodeIgniter->runController(Object(App\Controllers\Home))
#12 C:\wamp64\www\conquest-remastered-website\system\CodeIgniter.php(317): CodeIgniter\CodeIgniter->handleRequest(NULL, Object(Config\Cache), false)
#13 C:\wamp64\www\conquest-remastered-website\public\index.php(37): CodeIgniter\CodeIgniter->run()
#14 C:\wamp64\www\conquest-remastered-website\system\Commands\Server\rewrite.php(43): require_once('C:\\wamp64\\www\\c...')
#15 {main}
ERROR - 2021-09-24 20:56:04 --> Duplicate entry '2147483647' for key 'PRIMARY'
CRITICAL - 2021-09-24 20:56:04 --> Duplicate entry '2147483647' for key 'PRIMARY'
#0 C:\wamp64\www\conquest-remastered-website\system\Database\MySQLi\Connection.php(280): mysqli->query('INSERT INTO `us...')
#1 C:\wamp64\www\conquest-remastered-website\system\Database\BaseConnection.php(663): CodeIgniter\Database\MySQLi\Connection->execute('INSERT INTO `us...')
#2 C:\wamp64\www\conquest-remastered-website\system\Database\BaseConnection.php(591): CodeIgniter\Database\BaseConnection->simpleQuery('INSERT INTO `us...')
#3 C:\wamp64\www\conquest-remastered-website\system\Database\BaseBuilder.php(1733): CodeIgniter\Database\BaseConnection->query('INSERT INTO `us...', Array, false)
#4 C:\wamp64\www\conquest-remastered-website\system\Model.php(239): CodeIgniter\Database\BaseBuilder->insert()
#5 C:\wamp64\www\conquest-remastered-website\system\BaseModel.php(738): CodeIgniter\Model->doInsert(Array)
#6 C:\wamp64\www\conquest-remastered-website\system\Model.php(620): CodeIgniter\BaseModel->insert(Array, true)
#7 C:\wamp64\www\conquest-remastered-website\app\Models\UserModel.php(39): CodeIgniter\Model->insert(Array)
#8 C:\wamp64\www\conquest-remastered-website\app\Controllers\Auth.php(150): App\Models\UserModel->RegisterUser(Array)
#9 C:\wamp64\www\conquest-remastered-website\app\Controllers\Home.php(25): App\Controllers\Auth->CheckSteamDataOnDatabase('765611992097219...')
#10 C:\wamp64\www\conquest-remastered-website\system\CodeIgniter.php(802): App\Controllers\Home->index()
#11 C:\wamp64\www\conquest-remastered-website\system\CodeIgniter.php(399): CodeIgniter\CodeIgniter->runController(Object(App\Controllers\Home))
#12 C:\wamp64\www\conquest-remastered-website\system\CodeIgniter.php(317): CodeIgniter\CodeIgniter->handleRequest(NULL, Object(Config\Cache), false)
#13 C:\wamp64\www\conquest-remastered-website\public\index.php(37): CodeIgniter\CodeIgniter->run()
#14 C:\wamp64\www\conquest-remastered-website\system\Commands\Server\rewrite.php(43): require_once('C:\\wamp64\\www\\c...')
#15 {main}
ERROR - 2021-09-24 20:56:05 --> Duplicate entry '2147483647' for key 'PRIMARY'
CRITICAL - 2021-09-24 20:56:05 --> Duplicate entry '2147483647' for key 'PRIMARY'
#0 C:\wamp64\www\conquest-remastered-website\system\Database\MySQLi\Connection.php(280): mysqli->query('INSERT INTO `us...')
#1 C:\wamp64\www\conquest-remastered-website\system\Database\BaseConnection.php(663): CodeIgniter\Database\MySQLi\Connection->execute('INSERT INTO `us...')
#2 C:\wamp64\www\conquest-remastered-website\system\Database\BaseConnection.php(591): CodeIgniter\Database\BaseConnection->simpleQuery('INSERT INTO `us...')
#3 C:\wamp64\www\conquest-remastered-website\system\Database\BaseBuilder.php(1733): CodeIgniter\Database\BaseConnection->query('INSERT INTO `us...', Array, false)
#4 C:\wamp64\www\conquest-remastered-website\system\Model.php(239): CodeIgniter\Database\BaseBuilder->insert()
#5 C:\wamp64\www\conquest-remastered-website\system\BaseModel.php(738): CodeIgniter\Model->doInsert(Array)
#6 C:\wamp64\www\conquest-remastered-website\system\Model.php(620): CodeIgniter\BaseModel->insert(Array, true)
#7 C:\wamp64\www\conquest-remastered-website\app\Models\UserModel.php(39): CodeIgniter\Model->insert(Array)
#8 C:\wamp64\www\conquest-remastered-website\app\Controllers\Auth.php(150): App\Models\UserModel->RegisterUser(Array)
#9 C:\wamp64\www\conquest-remastered-website\app\Controllers\Home.php(25): App\Controllers\Auth->CheckSteamDataOnDatabase('765611992097219...')
#10 C:\wamp64\www\conquest-remastered-website\system\CodeIgniter.php(802): App\Controllers\Home->index()
#11 C:\wamp64\www\conquest-remastered-website\system\CodeIgniter.php(399): CodeIgniter\CodeIgniter->runController(Object(App\Controllers\Home))
#12 C:\wamp64\www\conquest-remastered-website\system\CodeIgniter.php(317): CodeIgniter\CodeIgniter->handleRequest(NULL, Object(Config\Cache), false)
#13 C:\wamp64\www\conquest-remastered-website\public\index.php(37): CodeIgniter\CodeIgniter->run()
#14 C:\wamp64\www\conquest-remastered-website\system\Commands\Server\rewrite.php(43): require_once('C:\\wamp64\\www\\c...')
#15 {main}
ERROR - 2021-09-24 20:56:05 --> Duplicate entry '2147483647' for key 'PRIMARY'
CRITICAL - 2021-09-24 20:56:05 --> Duplicate entry '2147483647' for key 'PRIMARY'
#0 C:\wamp64\www\conquest-remastered-website\system\Database\MySQLi\Connection.php(280): mysqli->query('INSERT INTO `us...')
#1 C:\wamp64\www\conquest-remastered-website\system\Database\BaseConnection.php(663): CodeIgniter\Database\MySQLi\Connection->execute('INSERT INTO `us...')
#2 C:\wamp64\www\conquest-remastered-website\system\Database\BaseConnection.php(591): CodeIgniter\Database\BaseConnection->simpleQuery('INSERT INTO `us...')
#3 C:\wamp64\www\conquest-remastered-website\system\Database\BaseBuilder.php(1733): CodeIgniter\Database\BaseConnection->query('INSERT INTO `us...', Array, false)
#4 C:\wamp64\www\conquest-remastered-website\system\Model.php(239): CodeIgniter\Database\BaseBuilder->insert()
#5 C:\wamp64\www\conquest-remastered-website\system\BaseModel.php(738): CodeIgniter\Model->doInsert(Array)
#6 C:\wamp64\www\conquest-remastered-website\system\Model.php(620): CodeIgniter\BaseModel->insert(Array, true)
#7 C:\wamp64\www\conquest-remastered-website\app\Models\UserModel.php(39): CodeIgniter\Model->insert(Array)
#8 C:\wamp64\www\conquest-remastered-website\app\Controllers\Auth.php(150): App\Models\UserModel->RegisterUser(Array)
#9 C:\wamp64\www\conquest-remastered-website\app\Controllers\Home.php(25): App\Controllers\Auth->CheckSteamDataOnDatabase('765611992097219...')
#10 C:\wamp64\www\conquest-remastered-website\system\CodeIgniter.php(802): App\Controllers\Home->index()
#11 C:\wamp64\www\conquest-remastered-website\system\CodeIgniter.php(399): CodeIgniter\CodeIgniter->runController(Object(App\Controllers\Home))
#12 C:\wamp64\www\conquest-remastered-website\system\CodeIgniter.php(317): CodeIgniter\CodeIgniter->handleRequest(NULL, Object(Config\Cache), false)
#13 C:\wamp64\www\conquest-remastered-website\public\index.php(37): CodeIgniter\CodeIgniter->run()
#14 C:\wamp64\www\conquest-remastered-website\system\Commands\Server\rewrite.php(43): require_once('C:\\wamp64\\www\\c...')
#15 {main}
ERROR - 2021-09-24 20:56:05 --> Duplicate entry '2147483647' for key 'PRIMARY'
CRITICAL - 2021-09-24 20:56:05 --> Duplicate entry '2147483647' for key 'PRIMARY'
#0 C:\wamp64\www\conquest-remastered-website\system\Database\MySQLi\Connection.php(280): mysqli->query('INSERT INTO `us...')
#1 C:\wamp64\www\conquest-remastered-website\system\Database\BaseConnection.php(663): CodeIgniter\Database\MySQLi\Connection->execute('INSERT INTO `us...')
#2 C:\wamp64\www\conquest-remastered-website\system\Database\BaseConnection.php(591): CodeIgniter\Database\BaseConnection->simpleQuery('INSERT INTO `us...')
#3 C:\wamp64\www\conquest-remastered-website\system\Database\BaseBuilder.php(1733): CodeIgniter\Database\BaseConnection->query('INSERT INTO `us...', Array, false)
#4 C:\wamp64\www\conquest-remastered-website\system\Model.php(239): CodeIgniter\Database\BaseBuilder->insert()
#5 C:\wamp64\www\conquest-remastered-website\system\BaseModel.php(738): CodeIgniter\Model->doInsert(Array)
#6 C:\wamp64\www\conquest-remastered-website\system\Model.php(620): CodeIgniter\BaseModel->insert(Array, true)
#7 C:\wamp64\www\conquest-remastered-website\app\Models\UserModel.php(39): CodeIgniter\Model->insert(Array)
#8 C:\wamp64\www\conquest-remastered-website\app\Controllers\Auth.php(150): App\Models\UserModel->RegisterUser(Array)
#9 C:\wamp64\www\conquest-remastered-website\app\Controllers\Home.php(25): App\Controllers\Auth->CheckSteamDataOnDatabase('765611992097219...')
#10 C:\wamp64\www\conquest-remastered-website\system\CodeIgniter.php(802): App\Controllers\Home->index()
#11 C:\wamp64\www\conquest-remastered-website\system\CodeIgniter.php(399): CodeIgniter\CodeIgniter->runController(Object(App\Controllers\Home))
#12 C:\wamp64\www\conquest-remastered-website\system\CodeIgniter.php(317): CodeIgniter\CodeIgniter->handleRequest(NULL, Object(Config\Cache), false)
#13 C:\wamp64\www\conquest-remastered-website\public\index.php(37): CodeIgniter\CodeIgniter->run()
#14 C:\wamp64\www\conquest-remastered-website\system\Commands\Server\rewrite.php(43): require_once('C:\\wamp64\\www\\c...')
#15 {main}
ERROR - 2021-09-24 20:56:05 --> Duplicate entry '2147483647' for key 'PRIMARY'
CRITICAL - 2021-09-24 20:56:05 --> Duplicate entry '2147483647' for key 'PRIMARY'
#0 C:\wamp64\www\conquest-remastered-website\system\Database\MySQLi\Connection.php(280): mysqli->query('INSERT INTO `us...')
#1 C:\wamp64\www\conquest-remastered-website\system\Database\BaseConnection.php(663): CodeIgniter\Database\MySQLi\Connection->execute('INSERT INTO `us...')
#2 C:\wamp64\www\conquest-remastered-website\system\Database\BaseConnection.php(591): CodeIgniter\Database\BaseConnection->simpleQuery('INSERT INTO `us...')
#3 C:\wamp64\www\conquest-remastered-website\system\Database\BaseBuilder.php(1733): CodeIgniter\Database\BaseConnection->query('INSERT INTO `us...', Array, false)
#4 C:\wamp64\www\conquest-remastered-website\system\Model.php(239): CodeIgniter\Database\BaseBuilder->insert()
#5 C:\wamp64\www\conquest-remastered-website\system\BaseModel.php(738): CodeIgniter\Model->doInsert(Array)
#6 C:\wamp64\www\conquest-remastered-website\system\Model.php(620): CodeIgniter\BaseModel->insert(Array, true)
#7 C:\wamp64\www\conquest-remastered-website\app\Models\UserModel.php(39): CodeIgniter\Model->insert(Array)
#8 C:\wamp64\www\conquest-remastered-website\app\Controllers\Auth.php(150): App\Models\UserModel->RegisterUser(Array)
#9 C:\wamp64\www\conquest-remastered-website\app\Controllers\Home.php(25): App\Controllers\Auth->CheckSteamDataOnDatabase('765611992097219...')
#10 C:\wamp64\www\conquest-remastered-website\system\CodeIgniter.php(802): App\Controllers\Home->index()
#11 C:\wamp64\www\conquest-remastered-website\system\CodeIgniter.php(399): CodeIgniter\CodeIgniter->runController(Object(App\Controllers\Home))
#12 C:\wamp64\www\conquest-remastered-website\system\CodeIgniter.php(317): CodeIgniter\CodeIgniter->handleRequest(NULL, Object(Config\Cache), false)
#13 C:\wamp64\www\conquest-remastered-website\public\index.php(37): CodeIgniter\CodeIgniter->run()
#14 C:\wamp64\www\conquest-remastered-website\system\Commands\Server\rewrite.php(43): require_once('C:\\wamp64\\www\\c...')
#15 {main}
ERROR - 2021-09-24 20:56:05 --> Duplicate entry '2147483647' for key 'PRIMARY'
CRITICAL - 2021-09-24 20:56:05 --> Duplicate entry '2147483647' for key 'PRIMARY'
#0 C:\wamp64\www\conquest-remastered-website\system\Database\MySQLi\Connection.php(280): mysqli->query('INSERT INTO `us...')
#1 C:\wamp64\www\conquest-remastered-website\system\Database\BaseConnection.php(663): CodeIgniter\Database\MySQLi\Connection->execute('INSERT INTO `us...')
#2 C:\wamp64\www\conquest-remastered-website\system\Database\BaseConnection.php(591): CodeIgniter\Database\BaseConnection->simpleQuery('INSERT INTO `us...')
#3 C:\wamp64\www\conquest-remastered-website\system\Database\BaseBuilder.php(1733): CodeIgniter\Database\BaseConnection->query('INSERT INTO `us...', Array, false)
#4 C:\wamp64\www\conquest-remastered-website\system\Model.php(239): CodeIgniter\Database\BaseBuilder->insert()
#5 C:\wamp64\www\conquest-remastered-website\system\BaseModel.php(738): CodeIgniter\Model->doInsert(Array)
#6 C:\wamp64\www\conquest-remastered-website\system\Model.php(620): CodeIgniter\BaseModel->insert(Array, true)
#7 C:\wamp64\www\conquest-remastered-website\app\Models\UserModel.php(39): CodeIgniter\Model->insert(Array)
#8 C:\wamp64\www\conquest-remastered-website\app\Controllers\Auth.php(150): App\Models\UserModel->RegisterUser(Array)
#9 C:\wamp64\www\conquest-remastered-website\app\Controllers\Home.php(25): App\Controllers\Auth->CheckSteamDataOnDatabase('765611992097219...')
#10 C:\wamp64\www\conquest-remastered-website\system\CodeIgniter.php(802): App\Controllers\Home->index()
#11 C:\wamp64\www\conquest-remastered-website\system\CodeIgniter.php(399): CodeIgniter\CodeIgniter->runController(Object(App\Controllers\Home))
#12 C:\wamp64\www\conquest-remastered-website\system\CodeIgniter.php(317): CodeIgniter\CodeIgniter->handleRequest(NULL, Object(Config\Cache), false)
#13 C:\wamp64\www\conquest-remastered-website\public\index.php(37): CodeIgniter\CodeIgniter->run()
#14 C:\wamp64\www\conquest-remastered-website\system\Commands\Server\rewrite.php(43): require_once('C:\\wamp64\\www\\c...')
#15 {main}
ERROR - 2021-09-24 20:56:05 --> Duplicate entry '2147483647' for key 'PRIMARY'
CRITICAL - 2021-09-24 20:56:05 --> Duplicate entry '2147483647' for key 'PRIMARY'
#0 C:\wamp64\www\conquest-remastered-website\system\Database\MySQLi\Connection.php(280): mysqli->query('INSERT INTO `us...')
#1 C:\wamp64\www\conquest-remastered-website\system\Database\BaseConnection.php(663): CodeIgniter\Database\MySQLi\Connection->execute('INSERT INTO `us...')
#2 C:\wamp64\www\conquest-remastered-website\system\Database\BaseConnection.php(591): CodeIgniter\Database\BaseConnection->simpleQuery('INSERT INTO `us...')
#3 C:\wamp64\www\conquest-remastered-website\system\Database\BaseBuilder.php(1733): CodeIgniter\Database\BaseConnection->query('INSERT INTO `us...', Array, false)
#4 C:\wamp64\www\conquest-remastered-website\system\Model.php(239): CodeIgniter\Database\BaseBuilder->insert()
#5 C:\wamp64\www\conquest-remastered-website\system\BaseModel.php(738): CodeIgniter\Model->doInsert(Array)
#6 C:\wamp64\www\conquest-remastered-website\system\Model.php(620): CodeIgniter\BaseModel->insert(Array, true)
#7 C:\wamp64\www\conquest-remastered-website\app\Models\UserModel.php(39): CodeIgniter\Model->insert(Array)
#8 C:\wamp64\www\conquest-remastered-website\app\Controllers\Auth.php(150): App\Models\UserModel->RegisterUser(Array)
#9 C:\wamp64\www\conquest-remastered-website\app\Controllers\Home.php(25): App\Controllers\Auth->CheckSteamDataOnDatabase('765611992097219...')
#10 C:\wamp64\www\conquest-remastered-website\system\CodeIgniter.php(802): App\Controllers\Home->index()
#11 C:\wamp64\www\conquest-remastered-website\system\CodeIgniter.php(399): CodeIgniter\CodeIgniter->runController(Object(App\Controllers\Home))
#12 C:\wamp64\www\conquest-remastered-website\system\CodeIgniter.php(317): CodeIgniter\CodeIgniter->handleRequest(NULL, Object(Config\Cache), false)
#13 C:\wamp64\www\conquest-remastered-website\public\index.php(37): CodeIgniter\CodeIgniter->run()
#14 C:\wamp64\www\conquest-remastered-website\system\Commands\Server\rewrite.php(43): require_once('C:\\wamp64\\www\\c...')
#15 {main}
ERROR - 2021-09-24 20:56:41 --> Duplicate entry '2147483647' for key 'PRIMARY'
CRITICAL - 2021-09-24 20:56:41 --> Duplicate entry '2147483647' for key 'PRIMARY'
#0 C:\wamp64\www\conquest-remastered-website\system\Database\MySQLi\Connection.php(280): mysqli->query('INSERT INTO `us...')
#1 C:\wamp64\www\conquest-remastered-website\system\Database\BaseConnection.php(663): CodeIgniter\Database\MySQLi\Connection->execute('INSERT INTO `us...')
#2 C:\wamp64\www\conquest-remastered-website\system\Database\BaseConnection.php(591): CodeIgniter\Database\BaseConnection->simpleQuery('INSERT INTO `us...')
#3 C:\wamp64\www\conquest-remastered-website\system\Database\BaseBuilder.php(1733): CodeIgniter\Database\BaseConnection->query('INSERT INTO `us...', Array, false)
#4 C:\wamp64\www\conquest-remastered-website\system\Model.php(239): CodeIgniter\Database\BaseBuilder->insert()
#5 C:\wamp64\www\conquest-remastered-website\system\BaseModel.php(738): CodeIgniter\Model->doInsert(Array)
#6 C:\wamp64\www\conquest-remastered-website\system\Model.php(620): CodeIgniter\BaseModel->insert(Array, true)
#7 C:\wamp64\www\conquest-remastered-website\app\Models\UserModel.php(39): CodeIgniter\Model->insert(Array)
#8 C:\wamp64\www\conquest-remastered-website\app\Controllers\Auth.php(150): App\Models\UserModel->RegisterUser(Array)
#9 C:\wamp64\www\conquest-remastered-website\app\Controllers\Home.php(25): App\Controllers\Auth->CheckSteamDataOnDatabase('765611992097219...')
#10 C:\wamp64\www\conquest-remastered-website\system\CodeIgniter.php(802): App\Controllers\Home->index()
#11 C:\wamp64\www\conquest-remastered-website\system\CodeIgniter.php(399): CodeIgniter\CodeIgniter->runController(Object(App\Controllers\Home))
#12 C:\wamp64\www\conquest-remastered-website\system\CodeIgniter.php(317): CodeIgniter\CodeIgniter->handleRequest(NULL, Object(Config\Cache), false)
#13 C:\wamp64\www\conquest-remastered-website\public\index.php(37): CodeIgniter\CodeIgniter->run()
#14 C:\wamp64\www\conquest-remastered-website\system\Commands\Server\rewrite.php(43): require_once('C:\\wamp64\\www\\c...')
#15 {main}
