CRITICAL - 2021-09-15 18:02:11 --> Undefined variable: username
#0 C:\wamp64\www\Progra Web 2\app\Views\welcome_message.php(221): CodeIgniter\Debug\Exceptions->errorHandler(8, 'Undefined varia...', 'C:\\wamp64\\www\\P...', 221, Array)
#1 C:\wamp64\www\Progra Web 2\system\View\View.php(214): include('C:\\wamp64\\www\\P...')
#2 C:\wamp64\www\Progra Web 2\system\View\View.php(217): CodeIgniter\View\View->CodeIgniter\View\{closure}()
#3 C:\wamp64\www\Progra Web 2\system\Common.php(1092): CodeIgniter\View\View->render('welcome_message', Array, true)
#4 C:\wamp64\www\Progra Web 2\app\Controllers\Prueba.php(9): view('welcome_message')
#5 C:\wamp64\www\Progra Web 2\system\CodeIgniter.php(802): App\Controllers\Prueba->index()
#6 C:\wamp64\www\Progra Web 2\system\CodeIgniter.php(399): CodeIgniter\CodeIgniter->runController(Object(App\Controllers\Prueba))
#7 C:\wamp64\www\Progra Web 2\system\CodeIgniter.php(317): CodeIgniter\CodeIgniter->handleRequest(NULL, Object(Config\Cache), false)
#8 C:\wamp64\www\Progra Web 2\public\index.php(37): CodeIgniter\CodeIgniter->run()
#9 C:\wamp64\www\Progra Web 2\system\Commands\Server\rewrite.php(43): require_once('C:\\wamp64\\www\\P...')
#10 {main}
CRITICAL - 2021-09-15 18:28:35 --> Undefined variable: username
#0 C:\wamp64\www\Progra Web 2\app\Views\Base\Header.php(33): CodeIgniter\Debug\Exceptions->errorHandler(8, 'Undefined varia...', 'C:\\wamp64\\www\\P...', 33, Array)
#1 C:\wamp64\www\Progra Web 2\system\View\View.php(214): include('C:\\wamp64\\www\\P...')
#2 C:\wamp64\www\Progra Web 2\system\View\View.php(217): CodeIgniter\View\View->CodeIgniter\View\{closure}()
#3 C:\wamp64\www\Progra Web 2\system\Common.php(1092): CodeIgniter\View\View->render('Base/Header', Array, true)
#4 C:\wamp64\www\Progra Web 2\app\Views\Auth\Login.php(1): view('Base/Header')
#5 C:\wamp64\www\Progra Web 2\system\View\View.php(214): include('C:\\wamp64\\www\\P...')
#6 C:\wamp64\www\Progra Web 2\system\View\View.php(217): CodeIgniter\View\View->CodeIgniter\View\{closure}()
#7 C:\wamp64\www\Progra Web 2\system\Common.php(1092): CodeIgniter\View\View->render('auth/login.php', Array, true)
#8 C:\wamp64\www\Progra Web 2\app\Controllers\Auth.php(16): view('auth/login.php')
#9 C:\wamp64\www\Progra Web 2\system\CodeIgniter.php(802): App\Controllers\Auth->login()
#10 C:\wamp64\www\Progra Web 2\system\CodeIgniter.php(399): CodeIgniter\CodeIgniter->runController(Object(App\Controllers\Auth))
#11 C:\wamp64\www\Progra Web 2\system\CodeIgniter.php(317): CodeIgniter\CodeIgniter->handleRequest(NULL, Object(Config\Cache), false)
#12 C:\wamp64\www\Progra Web 2\public\index.php(37): CodeIgniter\CodeIgniter->run()
#13 C:\wamp64\www\Progra Web 2\system\Commands\Server\rewrite.php(43): require_once('C:\\wamp64\\www\\P...')
#14 {main}
CRITICAL - 2021-09-15 18:28:40 --> Undefined variable: username
#0 C:\wamp64\www\Progra Web 2\app\Views\Base\Header.php(33): CodeIgniter\Debug\Exceptions->errorHandler(8, 'Undefined varia...', 'C:\\wamp64\\www\\P...', 33, Array)
#1 C:\wamp64\www\Progra Web 2\system\View\View.php(214): include('C:\\wamp64\\www\\P...')
#2 C:\wamp64\www\Progra Web 2\system\View\View.php(217): CodeIgniter\View\View->CodeIgniter\View\{closure}()
#3 C:\wamp64\www\Progra Web 2\system\Common.php(1092): CodeIgniter\View\View->render('Base/Header', Array, true)
#4 C:\wamp64\www\Progra Web 2\app\Views\Auth\Login.php(1): view('Base/Header')
#5 C:\wamp64\www\Progra Web 2\system\View\View.php(214): include('C:\\wamp64\\www\\P...')
#6 C:\wamp64\www\Progra Web 2\system\View\View.php(217): CodeIgniter\View\View->CodeIgniter\View\{closure}()
#7 C:\wamp64\www\Progra Web 2\system\Common.php(1092): CodeIgniter\View\View->render('auth/login.php', Array, true)
#8 C:\wamp64\www\Progra Web 2\app\Controllers\Auth.php(16): view('auth/login.php')
#9 C:\wamp64\www\Progra Web 2\system\CodeIgniter.php(802): App\Controllers\Auth->login()
#10 C:\wamp64\www\Progra Web 2\system\CodeIgniter.php(399): CodeIgniter\CodeIgniter->runController(Object(App\Controllers\Auth))
#11 C:\wamp64\www\Progra Web 2\system\CodeIgniter.php(317): CodeIgniter\CodeIgniter->handleRequest(NULL, Object(Config\Cache), false)
#12 C:\wamp64\www\Progra Web 2\public\index.php(37): CodeIgniter\CodeIgniter->run()
#13 C:\wamp64\www\Progra Web 2\system\Commands\Server\rewrite.php(43): require_once('C:\\wamp64\\www\\P...')
#14 {main}
CRITICAL - 2021-09-15 18:29:14 --> Undefined variable: username
#0 C:\wamp64\www\Progra Web 2\app\Views\Base\Header.php(33): CodeIgniter\Debug\Exceptions->errorHandler(8, 'Undefined varia...', 'C:\\wamp64\\www\\P...', 33, Array)
#1 C:\wamp64\www\Progra Web 2\system\View\View.php(214): include('C:\\wamp64\\www\\P...')
#2 C:\wamp64\www\Progra Web 2\system\View\View.php(217): CodeIgniter\View\View->CodeIgniter\View\{closure}()
#3 C:\wamp64\www\Progra Web 2\system\Common.php(1092): CodeIgniter\View\View->render('Base/Header', Array, true)
#4 C:\wamp64\www\Progra Web 2\app\Views\Auth\Login.php(1): view('Base/Header')
#5 C:\wamp64\www\Progra Web 2\system\View\View.php(214): include('C:\\wamp64\\www\\P...')
#6 C:\wamp64\www\Progra Web 2\system\View\View.php(217): CodeIgniter\View\View->CodeIgniter\View\{closure}()
#7 C:\wamp64\www\Progra Web 2\system\Common.php(1092): CodeIgniter\View\View->render('auth/Login.php', Array, true)
#8 C:\wamp64\www\Progra Web 2\app\Controllers\Auth.php(16): view('auth/Login.php')
#9 C:\wamp64\www\Progra Web 2\system\CodeIgniter.php(802): App\Controllers\Auth->login()
#10 C:\wamp64\www\Progra Web 2\system\CodeIgniter.php(399): CodeIgniter\CodeIgniter->runController(Object(App\Controllers\Auth))
#11 C:\wamp64\www\Progra Web 2\system\CodeIgniter.php(317): CodeIgniter\CodeIgniter->handleRequest(NULL, Object(Config\Cache), false)
#12 C:\wamp64\www\Progra Web 2\public\index.php(37): CodeIgniter\CodeIgniter->run()
#13 C:\wamp64\www\Progra Web 2\system\Commands\Server\rewrite.php(43): require_once('C:\\wamp64\\www\\P...')
#14 {main}
CRITICAL - 2021-09-15 18:29:14 --> Undefined variable: username
#0 C:\wamp64\www\Progra Web 2\app\Views\Base\Header.php(33): CodeIgniter\Debug\Exceptions->errorHandler(8, 'Undefined varia...', 'C:\\wamp64\\www\\P...', 33, Array)
#1 C:\wamp64\www\Progra Web 2\system\View\View.php(214): include('C:\\wamp64\\www\\P...')
#2 C:\wamp64\www\Progra Web 2\system\View\View.php(217): CodeIgniter\View\View->CodeIgniter\View\{closure}()
#3 C:\wamp64\www\Progra Web 2\system\Common.php(1092): CodeIgniter\View\View->render('Base/Header', Array, true)
#4 C:\wamp64\www\Progra Web 2\app\Views\Auth\Login.php(1): view('Base/Header')
#5 C:\wamp64\www\Progra Web 2\system\View\View.php(214): include('C:\\wamp64\\www\\P...')
#6 C:\wamp64\www\Progra Web 2\system\View\View.php(217): CodeIgniter\View\View->CodeIgniter\View\{closure}()
#7 C:\wamp64\www\Progra Web 2\system\Common.php(1092): CodeIgniter\View\View->render('auth/Login.php', Array, true)
#8 C:\wamp64\www\Progra Web 2\app\Controllers\Auth.php(16): view('auth/Login.php')
#9 C:\wamp64\www\Progra Web 2\system\CodeIgniter.php(802): App\Controllers\Auth->login()
#10 C:\wamp64\www\Progra Web 2\system\CodeIgniter.php(399): CodeIgniter\CodeIgniter->runController(Object(App\Controllers\Auth))
#11 C:\wamp64\www\Progra Web 2\system\CodeIgniter.php(317): CodeIgniter\CodeIgniter->handleRequest(NULL, Object(Config\Cache), false)
#12 C:\wamp64\www\Progra Web 2\public\index.php(37): CodeIgniter\CodeIgniter->run()
#13 C:\wamp64\www\Progra Web 2\system\Commands\Server\rewrite.php(43): require_once('C:\\wamp64\\www\\P...')
#14 {main}
CRITICAL - 2021-09-15 18:30:08 --> Undefined variable: username
#0 C:\wamp64\www\Progra Web 2\app\Views\Base\Header.php(33): CodeIgniter\Debug\Exceptions->errorHandler(8, 'Undefined varia...', 'C:\\wamp64\\www\\P...', 33, Array)
#1 C:\wamp64\www\Progra Web 2\system\View\View.php(214): include('C:\\wamp64\\www\\P...')
#2 C:\wamp64\www\Progra Web 2\system\View\View.php(217): CodeIgniter\View\View->CodeIgniter\View\{closure}()
#3 C:\wamp64\www\Progra Web 2\system\Common.php(1092): CodeIgniter\View\View->render('Base/Header', Array, true)
#4 C:\wamp64\www\Progra Web 2\app\Views\Auth\Login.php(1): view('Base/Header')
#5 C:\wamp64\www\Progra Web 2\system\View\View.php(214): include('C:\\wamp64\\www\\P...')
#6 C:\wamp64\www\Progra Web 2\system\View\View.php(217): CodeIgniter\View\View->CodeIgniter\View\{closure}()
#7 C:\wamp64\www\Progra Web 2\system\Common.php(1092): CodeIgniter\View\View->render('auth/Login.php', Array, true)
#8 C:\wamp64\www\Progra Web 2\app\Controllers\Auth.php(16): view('auth/Login.php')
#9 C:\wamp64\www\Progra Web 2\system\CodeIgniter.php(802): App\Controllers\Auth->login()
#10 C:\wamp64\www\Progra Web 2\system\CodeIgniter.php(399): CodeIgniter\CodeIgniter->runController(Object(App\Controllers\Auth))
#11 C:\wamp64\www\Progra Web 2\system\CodeIgniter.php(317): CodeIgniter\CodeIgniter->handleRequest(NULL, Object(Config\Cache), false)
#12 C:\wamp64\www\Progra Web 2\public\index.php(37): CodeIgniter\CodeIgniter->run()
#13 C:\wamp64\www\Progra Web 2\system\Commands\Server\rewrite.php(43): require_once('C:\\wamp64\\www\\P...')
#14 {main}
CRITICAL - 2021-09-15 18:30:23 --> Undefined variable: username
#0 C:\wamp64\www\Progra Web 2\app\Views\Base\Header.php(33): CodeIgniter\Debug\Exceptions->errorHandler(8, 'Undefined varia...', 'C:\\wamp64\\www\\P...', 33, Array)
#1 C:\wamp64\www\Progra Web 2\system\View\View.php(214): include('C:\\wamp64\\www\\P...')
#2 C:\wamp64\www\Progra Web 2\system\View\View.php(217): CodeIgniter\View\View->CodeIgniter\View\{closure}()
#3 C:\wamp64\www\Progra Web 2\system\Common.php(1092): CodeIgniter\View\View->render('Base/Header', Array, true)
#4 C:\wamp64\www\Progra Web 2\app\Views\Auth\Login.php(1): view('Base/Header')
#5 C:\wamp64\www\Progra Web 2\system\View\View.php(214): include('C:\\wamp64\\www\\P...')
#6 C:\wamp64\www\Progra Web 2\system\View\View.php(217): CodeIgniter\View\View->CodeIgniter\View\{closure}()
#7 C:\wamp64\www\Progra Web 2\system\Common.php(1092): CodeIgniter\View\View->render('auth/Login.php', Array, true)
#8 C:\wamp64\www\Progra Web 2\app\Controllers\Auth.php(16): view('auth/Login.php')
#9 C:\wamp64\www\Progra Web 2\system\CodeIgniter.php(802): App\Controllers\Auth->login()
#10 C:\wamp64\www\Progra Web 2\system\CodeIgniter.php(399): CodeIgniter\CodeIgniter->runController(Object(App\Controllers\Auth))
#11 C:\wamp64\www\Progra Web 2\system\CodeIgniter.php(317): CodeIgniter\CodeIgniter->handleRequest(NULL, Object(Config\Cache), false)
#12 C:\wamp64\www\Progra Web 2\public\index.php(37): CodeIgniter\CodeIgniter->run()
#13 C:\wamp64\www\Progra Web 2\system\Commands\Server\rewrite.php(43): require_once('C:\\wamp64\\www\\P...')
#14 {main}
CRITICAL - 2021-09-15 18:31:14 --> Undefined variable: username
#0 C:\wamp64\www\Progra Web 2\app\Views\Base\Header.php(33): CodeIgniter\Debug\Exceptions->errorHandler(8, 'Undefined varia...', 'C:\\wamp64\\www\\P...', 33, Array)
#1 C:\wamp64\www\Progra Web 2\system\View\View.php(214): include('C:\\wamp64\\www\\P...')
#2 C:\wamp64\www\Progra Web 2\system\View\View.php(217): CodeIgniter\View\View->CodeIgniter\View\{closure}()
#3 C:\wamp64\www\Progra Web 2\system\Common.php(1092): CodeIgniter\View\View->render('Base/Header', Array, true)
#4 C:\wamp64\www\Progra Web 2\app\Views\Auth\Login.php(1): view('Base/Header')
#5 C:\wamp64\www\Progra Web 2\system\View\View.php(214): include('C:\\wamp64\\www\\P...')
#6 C:\wamp64\www\Progra Web 2\system\View\View.php(217): CodeIgniter\View\View->CodeIgniter\View\{closure}()
#7 C:\wamp64\www\Progra Web 2\system\Common.php(1092): CodeIgniter\View\View->render('auth/Login.php', Array, true)
#8 C:\wamp64\www\Progra Web 2\app\Controllers\Auth.php(16): view('auth/Login.php')
#9 C:\wamp64\www\Progra Web 2\system\CodeIgniter.php(802): App\Controllers\Auth->Login()
#10 C:\wamp64\www\Progra Web 2\system\CodeIgniter.php(399): CodeIgniter\CodeIgniter->runController(Object(App\Controllers\Auth))
#11 C:\wamp64\www\Progra Web 2\system\CodeIgniter.php(317): CodeIgniter\CodeIgniter->handleRequest(NULL, Object(Config\Cache), false)
#12 C:\wamp64\www\Progra Web 2\public\index.php(37): CodeIgniter\CodeIgniter->run()
#13 C:\wamp64\www\Progra Web 2\system\Commands\Server\rewrite.php(43): require_once('C:\\wamp64\\www\\P...')
#14 {main}
CRITICAL - 2021-09-15 18:31:39 --> Undefined variable: username
#0 C:\wamp64\www\Progra Web 2\app\Views\Base\Header.php(33): CodeIgniter\Debug\Exceptions->errorHandler(8, 'Undefined varia...', 'C:\\wamp64\\www\\P...', 33, Array)
#1 C:\wamp64\www\Progra Web 2\system\View\View.php(214): include('C:\\wamp64\\www\\P...')
#2 C:\wamp64\www\Progra Web 2\system\View\View.php(217): CodeIgniter\View\View->CodeIgniter\View\{closure}()
#3 C:\wamp64\www\Progra Web 2\system\Common.php(1092): CodeIgniter\View\View->render('Base/Header', Array, true)
#4 C:\wamp64\www\Progra Web 2\app\Views\Auth\Login.php(1): view('Base/Header')
#5 C:\wamp64\www\Progra Web 2\system\View\View.php(214): include('C:\\wamp64\\www\\P...')
#6 C:\wamp64\www\Progra Web 2\system\View\View.php(217): CodeIgniter\View\View->CodeIgniter\View\{closure}()
#7 C:\wamp64\www\Progra Web 2\system\Common.php(1092): CodeIgniter\View\View->render('auth/Login.php', Array, true)
#8 C:\wamp64\www\Progra Web 2\app\Controllers\Auth.php(16): view('auth/Login.php')
#9 C:\wamp64\www\Progra Web 2\system\CodeIgniter.php(802): App\Controllers\Auth->Login()
#10 C:\wamp64\www\Progra Web 2\system\CodeIgniter.php(399): CodeIgniter\CodeIgniter->runController(Object(App\Controllers\Auth))
#11 C:\wamp64\www\Progra Web 2\system\CodeIgniter.php(317): CodeIgniter\CodeIgniter->handleRequest(NULL, Object(Config\Cache), false)
#12 C:\wamp64\www\Progra Web 2\public\index.php(37): CodeIgniter\CodeIgniter->run()
#13 C:\wamp64\www\Progra Web 2\system\Commands\Server\rewrite.php(43): require_once('C:\\wamp64\\www\\P...')
#14 {main}
CRITICAL - 2021-09-15 19:12:49 --> syntax error, unexpected end of file, expecting function (T_FUNCTION) or const (T_CONST)
#0 C:\wamp64\www\Progra Web 2\system\Autoloader\Autoloader.php(241): CodeIgniter\Autoloader\Autoloader->includeFile('C:\\wamp64\\www\\P...')
#1 C:\wamp64\www\Progra Web 2\system\Autoloader\Autoloader.php(219): CodeIgniter\Autoloader\Autoloader->loadInNamespace('App\\Controllers...')
#2 [internal function]: CodeIgniter\Autoloader\Autoloader->loadClass('App\\Controllers...')
#3 [internal function]: spl_autoload_call('App\\Controllers...')
#4 C:\wamp64\www\Progra Web 2\system\CodeIgniter.php(767): class_exists('\\App\\Controller...', true)
#5 C:\wamp64\www\Progra Web 2\system\CodeIgniter.php(386): CodeIgniter\CodeIgniter->startController()
#6 C:\wamp64\www\Progra Web 2\system\CodeIgniter.php(317): CodeIgniter\CodeIgniter->handleRequest(NULL, Object(Config\Cache), false)
#7 C:\wamp64\www\Progra Web 2\public\index.php(37): CodeIgniter\CodeIgniter->run()
#8 C:\wamp64\www\Progra Web 2\system\Commands\Server\rewrite.php(43): require_once('C:\\wamp64\\www\\P...')
#9 {main}
CRITICAL - 2021-09-15 19:44:47 --> Undefined index: pass
#0 C:\wamp64\www\Progra Web 2\app\Models\UserModel.php(31): CodeIgniter\Debug\Exceptions->errorHandler(8, 'Undefined index...', 'C:\\wamp64\\www\\P...', 31, Array)
#1 C:\wamp64\www\Progra Web 2\app\Controllers\Auth.php(53): App\Models\UserModel->RegisterUser(Array)
#2 C:\wamp64\www\Progra Web 2\system\CodeIgniter.php(802): App\Controllers\Auth->AttemptRegister()
#3 C:\wamp64\www\Progra Web 2\system\CodeIgniter.php(399): CodeIgniter\CodeIgniter->runController(Object(App\Controllers\Auth))
#4 C:\wamp64\www\Progra Web 2\system\CodeIgniter.php(317): CodeIgniter\CodeIgniter->handleRequest(NULL, Object(Config\Cache), false)
#5 C:\wamp64\www\Progra Web 2\public\index.php(37): CodeIgniter\CodeIgniter->run()
#6 C:\wamp64\www\Progra Web 2\system\Commands\Server\rewrite.php(43): require_once('C:\\wamp64\\www\\P...')
#7 {main}
CRITICAL - 2021-09-15 19:45:33 --> alphanumeric is not a valid rule.
#0 C:\wamp64\www\Progra Web 2\system\Validation\Validation.php(285): CodeIgniter\Validation\Exceptions\ValidationException::forRuleNotFound('alphanumeric')
#1 C:\wamp64\www\Progra Web 2\system\Validation\Validation.php(151): CodeIgniter\Validation\Validation->processRules('username', 'username', 'hell90', Array, Array)
#2 C:\wamp64\www\Progra Web 2\system\BaseModel.php(1343): CodeIgniter\Validation\Validation->run(Array, NULL, NULL)
#3 C:\wamp64\www\Progra Web 2\system\BaseModel.php(707): CodeIgniter\BaseModel->validate(Array)
#4 C:\wamp64\www\Progra Web 2\system\Model.php(620): CodeIgniter\BaseModel->insert(Array, false)
#5 C:\wamp64\www\Progra Web 2\system\BaseModel.php(658): CodeIgniter\Model->insert(Array, false)
#6 C:\wamp64\www\Progra Web 2\app\Models\UserModel.php(32): CodeIgniter\BaseModel->save(Array)
#7 C:\wamp64\www\Progra Web 2\app\Controllers\Auth.php(53): App\Models\UserModel->RegisterUser(Array)
#8 C:\wamp64\www\Progra Web 2\system\CodeIgniter.php(802): App\Controllers\Auth->AttemptRegister()
#9 C:\wamp64\www\Progra Web 2\system\CodeIgniter.php(399): CodeIgniter\CodeIgniter->runController(Object(App\Controllers\Auth))
#10 C:\wamp64\www\Progra Web 2\system\CodeIgniter.php(317): CodeIgniter\CodeIgniter->handleRequest(NULL, Object(Config\Cache), false)
#11 C:\wamp64\www\Progra Web 2\public\index.php(37): CodeIgniter\CodeIgniter->run()
#12 C:\wamp64\www\Progra Web 2\system\Commands\Server\rewrite.php(43): require_once('C:\\wamp64\\www\\P...')
#13 {main}
CRITICAL - 2021-09-15 19:45:50 --> alphanumeric is not a valid rule.
#0 C:\wamp64\www\Progra Web 2\system\Validation\Validation.php(285): CodeIgniter\Validation\Exceptions\ValidationException::forRuleNotFound('alphanumeric')
#1 C:\wamp64\www\Progra Web 2\system\Validation\Validation.php(151): CodeIgniter\Validation\Validation->processRules('username', 'username', 'darketomaly', Array, Array)
#2 C:\wamp64\www\Progra Web 2\system\BaseModel.php(1343): CodeIgniter\Validation\Validation->run(Array, NULL, NULL)
#3 C:\wamp64\www\Progra Web 2\system\BaseModel.php(707): CodeIgniter\BaseModel->validate(Array)
#4 C:\wamp64\www\Progra Web 2\system\Model.php(620): CodeIgniter\BaseModel->insert(Array, false)
#5 C:\wamp64\www\Progra Web 2\system\BaseModel.php(658): CodeIgniter\Model->insert(Array, false)
#6 C:\wamp64\www\Progra Web 2\app\Models\UserModel.php(32): CodeIgniter\BaseModel->save(Array)
#7 C:\wamp64\www\Progra Web 2\app\Controllers\Auth.php(53): App\Models\UserModel->RegisterUser(Array)
#8 C:\wamp64\www\Progra Web 2\system\CodeIgniter.php(802): App\Controllers\Auth->AttemptRegister()
#9 C:\wamp64\www\Progra Web 2\system\CodeIgniter.php(399): CodeIgniter\CodeIgniter->runController(Object(App\Controllers\Auth))
#10 C:\wamp64\www\Progra Web 2\system\CodeIgniter.php(317): CodeIgniter\CodeIgniter->handleRequest(NULL, Object(Config\Cache), false)
#11 C:\wamp64\www\Progra Web 2\public\index.php(37): CodeIgniter\CodeIgniter->run()
#12 C:\wamp64\www\Progra Web 2\system\Commands\Server\rewrite.php(43): require_once('C:\\wamp64\\www\\P...')
#13 {main}
CRITICAL - 2021-09-15 19:46:51 --> Argument 2 passed to CodeIgniter\Validation\Rules::is_unique() must be of the type string, null given, called in C:\wamp64\www\Progra Web 2\system\Validation\Validation.php on line 277
#0 C:\wamp64\www\Progra Web 2\system\Validation\Validation.php(277): CodeIgniter\Validation\Rules->is_unique('darketomaly@gma...', NULL)
#1 C:\wamp64\www\Progra Web 2\system\Validation\Validation.php(151): CodeIgniter\Validation\Validation->processRules('email', 'email', 'darketomaly@gma...', Array, Array)
#2 C:\wamp64\www\Progra Web 2\system\BaseModel.php(1343): CodeIgniter\Validation\Validation->run(Array, NULL, NULL)
#3 C:\wamp64\www\Progra Web 2\system\BaseModel.php(707): CodeIgniter\BaseModel->validate(Array)
#4 C:\wamp64\www\Progra Web 2\system\Model.php(620): CodeIgniter\BaseModel->insert(Array, false)
#5 C:\wamp64\www\Progra Web 2\system\BaseModel.php(658): CodeIgniter\Model->insert(Array, false)
#6 C:\wamp64\www\Progra Web 2\app\Models\UserModel.php(32): CodeIgniter\BaseModel->save(Array)
#7 C:\wamp64\www\Progra Web 2\app\Controllers\Auth.php(53): App\Models\UserModel->RegisterUser(Array)
#8 C:\wamp64\www\Progra Web 2\system\CodeIgniter.php(802): App\Controllers\Auth->AttemptRegister()
#9 C:\wamp64\www\Progra Web 2\system\CodeIgniter.php(399): CodeIgniter\CodeIgniter->runController(Object(App\Controllers\Auth))
#10 C:\wamp64\www\Progra Web 2\system\CodeIgniter.php(317): CodeIgniter\CodeIgniter->handleRequest(NULL, Object(Config\Cache), false)
#11 C:\wamp64\www\Progra Web 2\public\index.php(37): CodeIgniter\CodeIgniter->run()
#12 C:\wamp64\www\Progra Web 2\system\Commands\Server\rewrite.php(43): require_once('C:\\wamp64\\www\\P...')
#13 {main}
CRITICAL - 2021-09-15 19:47:01 --> alphanumeric is not a valid rule.
#0 C:\wamp64\www\Progra Web 2\system\Validation\Validation.php(285): CodeIgniter\Validation\Exceptions\ValidationException::forRuleNotFound('alphanumeric')
#1 C:\wamp64\www\Progra Web 2\system\Validation\Validation.php(151): CodeIgniter\Validation\Validation->processRules('username', 'username', 'darketomaly', Array, Array)
#2 C:\wamp64\www\Progra Web 2\system\BaseModel.php(1343): CodeIgniter\Validation\Validation->run(Array, NULL, NULL)
#3 C:\wamp64\www\Progra Web 2\system\BaseModel.php(707): CodeIgniter\BaseModel->validate(Array)
#4 C:\wamp64\www\Progra Web 2\system\Model.php(620): CodeIgniter\BaseModel->insert(Array, false)
#5 C:\wamp64\www\Progra Web 2\system\BaseModel.php(658): CodeIgniter\Model->insert(Array, false)
#6 C:\wamp64\www\Progra Web 2\app\Models\UserModel.php(32): CodeIgniter\BaseModel->save(Array)
#7 C:\wamp64\www\Progra Web 2\app\Controllers\Auth.php(53): App\Models\UserModel->RegisterUser(Array)
#8 C:\wamp64\www\Progra Web 2\system\CodeIgniter.php(802): App\Controllers\Auth->AttemptRegister()
#9 C:\wamp64\www\Progra Web 2\system\CodeIgniter.php(399): CodeIgniter\CodeIgniter->runController(Object(App\Controllers\Auth))
#10 C:\wamp64\www\Progra Web 2\system\CodeIgniter.php(317): CodeIgniter\CodeIgniter->handleRequest(NULL, Object(Config\Cache), false)
#11 C:\wamp64\www\Progra Web 2\public\index.php(37): CodeIgniter\CodeIgniter->run()
#12 C:\wamp64\www\Progra Web 2\system\Commands\Server\rewrite.php(43): require_once('C:\\wamp64\\www\\P...')
#13 {main}
CRITICAL - 2021-09-15 19:47:34 --> Argument 2 passed to CodeIgniter\Validation\Rules::is_unique() must be of the type string, null given, called in C:\wamp64\www\Progra Web 2\system\Validation\Validation.php on line 277
#0 C:\wamp64\www\Progra Web 2\system\Validation\Validation.php(277): CodeIgniter\Validation\Rules->is_unique('darketomaly@gma...', NULL)
#1 C:\wamp64\www\Progra Web 2\system\Validation\Validation.php(151): CodeIgniter\Validation\Validation->processRules('email', 'email', 'darketomaly@gma...', Array, Array)
#2 C:\wamp64\www\Progra Web 2\system\BaseModel.php(1343): CodeIgniter\Validation\Validation->run(Array, NULL, NULL)
#3 C:\wamp64\www\Progra Web 2\system\BaseModel.php(707): CodeIgniter\BaseModel->validate(Array)
#4 C:\wamp64\www\Progra Web 2\system\Model.php(620): CodeIgniter\BaseModel->insert(Array, false)
#5 C:\wamp64\www\Progra Web 2\system\BaseModel.php(658): CodeIgniter\Model->insert(Array, false)
#6 C:\wamp64\www\Progra Web 2\app\Models\UserModel.php(32): CodeIgniter\BaseModel->save(Array)
#7 C:\wamp64\www\Progra Web 2\app\Controllers\Auth.php(53): App\Models\UserModel->RegisterUser(Array)
#8 C:\wamp64\www\Progra Web 2\system\CodeIgniter.php(802): App\Controllers\Auth->AttemptRegister()
#9 C:\wamp64\www\Progra Web 2\system\CodeIgniter.php(399): CodeIgniter\CodeIgniter->runController(Object(App\Controllers\Auth))
#10 C:\wamp64\www\Progra Web 2\system\CodeIgniter.php(317): CodeIgniter\CodeIgniter->handleRequest(NULL, Object(Config\Cache), false)
#11 C:\wamp64\www\Progra Web 2\public\index.php(37): CodeIgniter\CodeIgniter->run()
#12 C:\wamp64\www\Progra Web 2\system\Commands\Server\rewrite.php(43): require_once('C:\\wamp64\\www\\P...')
#13 {main}
CRITICAL - 2021-09-15 19:58:53 --> Invalid argument supplied for foreach()
#0 C:\wamp64\www\Progra Web 2\app\Views\Auth\login.php(8): CodeIgniter\Debug\Exceptions->errorHandler(2, 'Invalid argumen...', 'C:\\wamp64\\www\\P...', 8, Array)
#1 C:\wamp64\www\Progra Web 2\system\View\View.php(214): include('C:\\wamp64\\www\\P...')
#2 C:\wamp64\www\Progra Web 2\system\View\View.php(217): CodeIgniter\View\View->CodeIgniter\View\{closure}()
#3 C:\wamp64\www\Progra Web 2\system\Common.php(1092): CodeIgniter\View\View->render('auth/Login.php', Array, true)
#4 C:\wamp64\www\Progra Web 2\app\Controllers\Auth.php(21): view('auth/Login.php')
#5 C:\wamp64\www\Progra Web 2\system\CodeIgniter.php(802): App\Controllers\Auth->Login()
#6 C:\wamp64\www\Progra Web 2\system\CodeIgniter.php(399): CodeIgniter\CodeIgniter->runController(Object(App\Controllers\Auth))
#7 C:\wamp64\www\Progra Web 2\system\CodeIgniter.php(317): CodeIgniter\CodeIgniter->handleRequest(NULL, Object(Config\Cache), false)
#8 C:\wamp64\www\Progra Web 2\public\index.php(37): CodeIgniter\CodeIgniter->run()
#9 C:\wamp64\www\Progra Web 2\system\Commands\Server\rewrite.php(43): require_once('C:\\wamp64\\www\\P...')
#10 {main}
