ERROR - 2021-09-30 08:57:02 --> Error connecting to the database: No connection could be made because the target machine actively refused it.

CRITICAL - 2021-09-30 08:57:02 --> Unable to connect to the database.
Main connection [MySQLi]: No connection could be made because the target machine actively refused it.

#0 C:\wamp64\www\conquest-remastered-website\system\Database\BaseConnection.php(570): CodeIgniter\Database\BaseConnection->initialize()
#1 C:\wamp64\www\conquest-remastered-website\system\Database\BaseBuilder.php(1428): CodeIgniter\Database\BaseConnection->query('SELECT *\nFROM `...', Array, false)
#2 C:\wamp64\www\conquest-remastered-website\system\Model.php(720): CodeIgniter\Database\BaseBuilder->get()
#3 C:\wamp64\www\conquest-remastered-website\app\Models\MatchesDataModel.php(32): CodeIgniter\Model->__call('get', Array)
#4 C:\wamp64\www\conquest-remastered-website\app\Controllers\Home.php(21): App\Models\MatchesDataModel->GetTopAccounts()
#5 C:\wamp64\www\conquest-remastered-website\system\CodeIgniter.php(802): App\Controllers\Home->index()
#6 C:\wamp64\www\conquest-remastered-website\system\CodeIgniter.php(399): CodeIgniter\CodeIgniter->runController(Object(App\Controllers\Home))
#7 C:\wamp64\www\conquest-remastered-website\system\CodeIgniter.php(317): CodeIgniter\CodeIgniter->handleRequest(NULL, Object(Config\Cache), false)
#8 C:\wamp64\www\conquest-remastered-website\public\index.php(37): CodeIgniter\CodeIgniter->run()
#9 C:\wamp64\www\conquest-remastered-website\system\Commands\Server\rewrite.php(43): require_once('C:\\wamp64\\www\\c...')
#10 {main}
CRITICAL - 2021-09-30 09:23:56 --> Class 'App\Controllers\view' not found
#0 C:\wamp64\www\conquest-remastered-website\system\CodeIgniter.php(802): App\Controllers\Profile->index()
#1 C:\wamp64\www\conquest-remastered-website\system\CodeIgniter.php(399): CodeIgniter\CodeIgniter->runController(Object(App\Controllers\Profile))
#2 C:\wamp64\www\conquest-remastered-website\system\CodeIgniter.php(317): CodeIgniter\CodeIgniter->handleRequest(NULL, Object(Config\Cache), false)
#3 C:\wamp64\www\conquest-remastered-website\public\index.php(37): CodeIgniter\CodeIgniter->run()
#4 C:\wamp64\www\conquest-remastered-website\system\Commands\Server\rewrite.php(43): require_once('C:\\wamp64\\www\\c...')
#5 {main}
